
*** Running vivado
    with args -log gpio_adapter_design_wrapper.vdi -applog -m64 -product Vivado -messageDb vivado.pb -mode batch -source gpio_adapter_design_wrapper.tcl -notrace


****** Vivado v2017.2 (64-bit)
  **** SW Build 1909853 on Thu Jun 15 18:39:09 MDT 2017
  **** IP Build 1909766 on Thu Jun 15 19:58:00 MDT 2017
    ** Copyright 1986-2017 Xilinx, Inc. All Rights Reserved.

source gpio_adapter_design_wrapper.tcl -notrace
INFO: [IP_Flow 19-234] Refreshing IP repositories
INFO: [IP_Flow 19-1700] Loaded user IP repository 'c:/Users/Philipp/Documents/Scratch/Vivado/vivado-training/ip_repo'.
INFO: [IP_Flow 19-2313] Loaded Vivado IP repository 'C:/Xilinx/Vivado/2017.2/data/ip'.
Design is defaulting to srcset: sources_1
Design is defaulting to constrset: constrs_1
INFO: [Project 1-454] Reading design checkpoint 'c:/Users/Philipp/Documents/Scratch/Vivado/vivado-training/gpio_adapter_design/gpio_adapter_design.srcs/sources_1/bd/gpio_adapter_design/ip/gpio_adapter_design_gpio_adapter_0_18/gpio_adapter_design_gpio_adapter_0_18.dcp' for cell 'gpio_adapter_design_i/gpio_adapter_0'
INFO: [Project 1-454] Reading design checkpoint 'c:/Users/Philipp/Documents/Scratch/Vivado/vivado-training/gpio_adapter_design/gpio_adapter_design.srcs/sources_1/bd/gpio_adapter_design/ip/gpio_adapter_design_processing_system7_0_0/gpio_adapter_design_processing_system7_0_0.dcp' for cell 'gpio_adapter_design_i/processing_system7_0'
INFO: [Project 1-454] Reading design checkpoint 'c:/Users/Philipp/Documents/Scratch/Vivado/vivado-training/gpio_adapter_design/gpio_adapter_design.srcs/sources_1/bd/gpio_adapter_design/ip/gpio_adapter_design_vector_in_n_out_0_0/gpio_adapter_design_vector_in_n_out_0_0.dcp' for cell 'gpio_adapter_design_i/vector_in_n_out_0'
INFO: [Project 1-454] Reading design checkpoint 'c:/Users/Philipp/Documents/Scratch/Vivado/vivado-training/gpio_adapter_design/gpio_adapter_design.srcs/sources_1/bd/gpio_adapter_design/ip/gpio_adapter_design_xlconcat_0_0/gpio_adapter_design_xlconcat_0_0.dcp' for cell 'gpio_adapter_design_i/xlconcat_0'
INFO: [Netlist 29-17] Analyzing 4 Unisim elements for replacement
INFO: [Netlist 29-28] Unisim Transformation completed in 0 CPU seconds
INFO: [Project 1-479] Netlist was created with Vivado 2017.2
INFO: [Device 21-403] Loading part xc7z010clg400-1
INFO: [Project 1-570] Preparing netlist for logic optimization
Parsing XDC File [c:/Users/Philipp/Documents/Scratch/Vivado/vivado-training/gpio_adapter_design/gpio_adapter_design.srcs/sources_1/bd/gpio_adapter_design/ip/gpio_adapter_design_processing_system7_0_0/gpio_adapter_design_processing_system7_0_0.xdc] for cell 'gpio_adapter_design_i/processing_system7_0/inst'
Finished Parsing XDC File [c:/Users/Philipp/Documents/Scratch/Vivado/vivado-training/gpio_adapter_design/gpio_adapter_design.srcs/sources_1/bd/gpio_adapter_design/ip/gpio_adapter_design_processing_system7_0_0/gpio_adapter_design_processing_system7_0_0.xdc] for cell 'gpio_adapter_design_i/processing_system7_0/inst'
Parsing XDC File [c:/Users/Philipp/Documents/Scratch/Vivado/vivado-training/gpio_adapter_design/gpio_adapter_design.srcs/sources_1/bd/gpio_adapter_design/ip/gpio_adapter_design_gpio_adapter_0_18/gpio_adapter_design_gpio_adapter_0_18_board.xdc] for cell 'gpio_adapter_design_i/gpio_adapter_0/U0'
Finished Parsing XDC File [c:/Users/Philipp/Documents/Scratch/Vivado/vivado-training/gpio_adapter_design/gpio_adapter_design.srcs/sources_1/bd/gpio_adapter_design/ip/gpio_adapter_design_gpio_adapter_0_18/gpio_adapter_design_gpio_adapter_0_18_board.xdc] for cell 'gpio_adapter_design_i/gpio_adapter_0/U0'
INFO: [Opt 31-138] Pushed 0 inverter(s) to 0 load pin(s).
INFO: [Project 1-111] Unisim Transformation Summary:
  A total of 4 instances were transformed.
  IOBUF => IOBUF (IBUF, OBUFT): 4 instances

link_design: Time (s): cpu = 00:00:16 ; elapsed = 00:00:20 . Memory (MB): peak = 522.742 ; gain = 284.375
Command: opt_design
Attempting to get a license for feature 'Implementation' and/or device 'xc7z010-clg400'
INFO: [Common 17-349] Got license for feature 'Implementation' and/or device 'xc7z010-clg400'
Running DRC as a precondition to command opt_design

Starting DRC Task
Command: report_drc (run_mandatory_drcs) for: opt_checks
INFO: [DRC 23-27] Running DRC with 2 threads
report_drc (run_mandatory_drcs) completed successfully
INFO: [Project 1-461] DRC finished with 0 Errors
INFO: [Project 1-462] Please refer to the DRC report (report_drc) for more information.

Time (s): cpu = 00:00:02 ; elapsed = 00:00:01 . Memory (MB): peak = 534.391 ; gain = 11.648
INFO: [Timing 38-35] Done setting XDC timing constraints.

Starting Logic Optimization Task

Phase 1 Retarget
INFO: [Opt 31-138] Pushed 0 inverter(s) to 0 load pin(s).
INFO: [Opt 31-49] Retargeted 0 cell(s).
Phase 1 Retarget | Checksum: 1803d3574

Time (s): cpu = 00:00:00 ; elapsed = 00:00:00.057 . Memory (MB): peak = 947.047 ; gain = 0.000
INFO: [Opt 31-389] Phase Retarget created 0 cells and removed 24 cells

Phase 2 Constant propagation
INFO: [Opt 31-138] Pushed 0 inverter(s) to 0 load pin(s).
Phase 2 Constant propagation | Checksum: 1803d3574

Time (s): cpu = 00:00:00 ; elapsed = 00:00:00.091 . Memory (MB): peak = 947.047 ; gain = 0.000
INFO: [Opt 31-389] Phase Constant propagation created 0 cells and removed 0 cells

Phase 3 Sweep
Phase 3 Sweep | Checksum: 24e9a53ef

Time (s): cpu = 00:00:00 ; elapsed = 00:00:00.434 . Memory (MB): peak = 947.047 ; gain = 0.000
INFO: [Opt 31-389] Phase Sweep created 0 cells and removed 27 cells

Phase 4 BUFG optimization
Phase 4 BUFG optimization | Checksum: 24e9a53ef

Time (s): cpu = 00:00:00 ; elapsed = 00:00:00.487 . Memory (MB): peak = 947.047 ; gain = 0.000
INFO: [Opt 31-389] Phase BUFG optimization created 0 cells and removed 0 cells

Phase 5 Shift Register Optimization
Phase 5 Shift Register Optimization | Checksum: 24e9a53ef

Time (s): cpu = 00:00:00 ; elapsed = 00:00:00.494 . Memory (MB): peak = 947.047 ; gain = 0.000
INFO: [Opt 31-389] Phase Shift Register Optimization created 0 cells and removed 0 cells

Starting Connectivity Check Task

Time (s): cpu = 00:00:00 ; elapsed = 00:00:00.003 . Memory (MB): peak = 947.047 ; gain = 0.000
Ending Logic Optimization Task | Checksum: 24e9a53ef

Time (s): cpu = 00:00:00 ; elapsed = 00:00:00.503 . Memory (MB): peak = 947.047 ; gain = 0.000

Starting Power Optimization Task
INFO: [Pwropt 34-132] Skipping clock gating for clocks with a period < 2.00 ns.
Ending Power Optimization Task | Checksum: 1da180a28

Time (s): cpu = 00:00:00 ; elapsed = 00:00:00.015 . Memory (MB): peak = 947.047 ; gain = 0.000
28 Infos, 0 Warnings, 0 Critical Warnings and 0 Errors encountered.
opt_design completed successfully
opt_design: Time (s): cpu = 00:00:25 ; elapsed = 00:00:25 . Memory (MB): peak = 947.047 ; gain = 424.305
Writing placer database...
Writing XDEF routing.
Writing XDEF routing logical nets.
Writing XDEF routing special nets.
Write XDEF Complete: Time (s): cpu = 00:00:01 ; elapsed = 00:00:00.264 . Memory (MB): peak = 947.047 ; gain = 0.000
INFO: [Common 17-1381] The checkpoint 'C:/Users/Philipp/Documents/Scratch/Vivado/vivado-training/gpio_adapter_design/gpio_adapter_design.runs/impl_1/gpio_adapter_design_wrapper_opt.dcp' has been generated.
Command: report_drc -file gpio_adapter_design_wrapper_drc_opted.rpt
INFO: [DRC 23-27] Running DRC with 2 threads
INFO: [Coretcl 2-168] The results of DRC are in file C:/Users/Philipp/Documents/Scratch/Vivado/vivado-training/gpio_adapter_design/gpio_adapter_design.runs/impl_1/gpio_adapter_design_wrapper_drc_opted.rpt.
report_drc completed successfully
INFO: [Chipscope 16-241] No debug cores found in the current design.
Before running the implement_debug_core command, either use the Set Up Debug wizard (GUI mode)
or use the create_debug_core and connect_debug_core Tcl commands to insert debug cores into the design.
Command: place_design
Attempting to get a license for feature 'Implementation' and/or device 'xc7z010-clg400'
INFO: [Common 17-349] Got license for feature 'Implementation' and/or device 'xc7z010-clg400'
Command: report_drc (run_mandatory_drcs) for: incr_eco_checks
INFO: [DRC 23-27] Running DRC with 2 threads
report_drc (run_mandatory_drcs) completed successfully
INFO: [Vivado_Tcl 4-198] DRC finished with 0 Errors
INFO: [Vivado_Tcl 4-199] Please refer to the DRC report (report_drc) for more information.
Running DRC as a precondition to command place_design
Command: report_drc (run_mandatory_drcs) for: placer_checks
INFO: [DRC 23-27] Running DRC with 2 threads
report_drc (run_mandatory_drcs) completed successfully
INFO: [Vivado_Tcl 4-198] DRC finished with 0 Errors
INFO: [Vivado_Tcl 4-199] Please refer to the DRC report (report_drc) for more information.

Starting Placer Task
INFO: [Place 30-611] Multithreading enabled for place_design using a maximum of 2 CPUs

Phase 1 Placer Initialization

Phase 1.1 Placer Initialization Netlist Sorting
Netlist sorting complete. Time (s): cpu = 00:00:00 ; elapsed = 00:00:00.003 . Memory (MB): peak = 951.516 ; gain = 0.000
Phase 1.1 Placer Initialization Netlist Sorting | Checksum: 16c5383af

Time (s): cpu = 00:00:00 ; elapsed = 00:00:00.021 . Memory (MB): peak = 951.516 ; gain = 0.000
INFO: [Timing 38-35] Done setting XDC timing constraints.
INFO: [Opt 31-138] Pushed 0 inverter(s) to 0 load pin(s).
Netlist sorting complete. Time (s): cpu = 00:00:00 ; elapsed = 00:00:00.001 . Memory (MB): peak = 951.852 ; gain = 0.000

Phase 1.2 IO Placement/ Clock Placement/ Build Placer Device
INFO: [Timing 38-35] Done setting XDC timing constraints.
Phase 1.2 IO Placement/ Clock Placement/ Build Placer Device | Checksum: 16c5383af

Time (s): cpu = 00:00:03 ; elapsed = 00:00:03 . Memory (MB): peak = 954.023 ; gain = 2.508

Phase 1.3 Build Placer Netlist Model
Phase 1.3 Build Placer Netlist Model | Checksum: 2408b2661

Time (s): cpu = 00:00:03 ; elapsed = 00:00:03 . Memory (MB): peak = 962.738 ; gain = 11.223

Phase 1.4 Constrain Clocks/Macros
Phase 1.4 Constrain Clocks/Macros | Checksum: 2408b2661

Time (s): cpu = 00:00:03 ; elapsed = 00:00:03 . Memory (MB): peak = 962.738 ; gain = 11.223
Phase 1 Placer Initialization | Checksum: 2408b2661

Time (s): cpu = 00:00:03 ; elapsed = 00:00:03 . Memory (MB): peak = 962.738 ; gain = 11.223

Phase 2 Global Placement
WARNING: [Place 46-30] place_design is not in timing mode. Skip physical synthesis in placer
Phase 2 Global Placement | Checksum: 26a18cc63

Time (s): cpu = 00:00:03 ; elapsed = 00:00:04 . Memory (MB): peak = 962.738 ; gain = 11.223

Phase 3 Detail Placement

Phase 3.1 Commit Multi Column Macros
Phase 3.1 Commit Multi Column Macros | Checksum: 26a18cc63

Time (s): cpu = 00:00:03 ; elapsed = 00:00:04 . Memory (MB): peak = 962.738 ; gain = 11.223

Phase 3.2 Commit Most Macros & LUTRAMs
Phase 3.2 Commit Most Macros & LUTRAMs | Checksum: 1ee052054

Time (s): cpu = 00:00:03 ; elapsed = 00:00:04 . Memory (MB): peak = 962.738 ; gain = 11.223

Phase 3.3 Area Swap Optimization
Phase 3.3 Area Swap Optimization | Checksum: 1a43aae43

Time (s): cpu = 00:00:03 ; elapsed = 00:00:04 . Memory (MB): peak = 962.738 ; gain = 11.223

Phase 3.4 Pipeline Register Optimization
Phase 3.4 Pipeline Register Optimization | Checksum: 1a43aae43

Time (s): cpu = 00:00:03 ; elapsed = 00:00:04 . Memory (MB): peak = 962.738 ; gain = 11.223

Phase 3.5 Small Shape Detail Placement
Phase 3.5 Small Shape Detail Placement | Checksum: 19dda969a

Time (s): cpu = 00:00:03 ; elapsed = 00:00:04 . Memory (MB): peak = 962.738 ; gain = 11.223

Phase 3.6 Re-assign LUT pins
Phase 3.6 Re-assign LUT pins | Checksum: 19dda969a

Time (s): cpu = 00:00:03 ; elapsed = 00:00:04 . Memory (MB): peak = 962.738 ; gain = 11.223

Phase 3.7 Pipeline Register Optimization
Phase 3.7 Pipeline Register Optimization | Checksum: 19dda969a

Time (s): cpu = 00:00:03 ; elapsed = 00:00:04 . Memory (MB): peak = 962.738 ; gain = 11.223
Phase 3 Detail Placement | Checksum: 19dda969a

Time (s): cpu = 00:00:03 ; elapsed = 00:00:04 . Memory (MB): peak = 962.738 ; gain = 11.223

Phase 4 Post Placement Optimization and Clean-Up

Phase 4.1 Post Commit Optimization
Phase 4.1 Post Commit Optimization | Checksum: 19dda969a

Time (s): cpu = 00:00:03 ; elapsed = 00:00:04 . Memory (MB): peak = 962.738 ; gain = 11.223

Phase 4.2 Post Placement Cleanup
Phase 4.2 Post Placement Cleanup | Checksum: 19dda969a

Time (s): cpu = 00:00:03 ; elapsed = 00:00:04 . Memory (MB): peak = 962.738 ; gain = 11.223

Phase 4.3 Placer Reporting
Phase 4.3 Placer Reporting | Checksum: 19dda969a

Time (s): cpu = 00:00:03 ; elapsed = 00:00:04 . Memory (MB): peak = 962.738 ; gain = 11.223

Phase 4.4 Final Placement Cleanup
Phase 4.4 Final Placement Cleanup | Checksum: 19dda969a

Time (s): cpu = 00:00:03 ; elapsed = 00:00:04 . Memory (MB): peak = 962.738 ; gain = 11.223
Phase 4 Post Placement Optimization and Clean-Up | Checksum: 19dda969a

Time (s): cpu = 00:00:03 ; elapsed = 00:00:04 . Memory (MB): peak = 962.738 ; gain = 11.223
Ending Placer Task | Checksum: 102ae5cea

Time (s): cpu = 00:00:03 ; elapsed = 00:00:04 . Memory (MB): peak = 962.738 ; gain = 11.223
43 Infos, 1 Warnings, 0 Critical Warnings and 0 Errors encountered.
place_design completed successfully
place_design: Time (s): cpu = 00:00:07 ; elapsed = 00:00:07 . Memory (MB): peak = 962.738 ; gain = 11.223
Writing placer database...
Writing XDEF routing.
Writing XDEF routing logical nets.
Writing XDEF routing special nets.
Write XDEF Complete: Time (s): cpu = 00:00:01 ; elapsed = 00:00:00.265 . Memory (MB): peak = 962.738 ; gain = 0.000
INFO: [Common 17-1381] The checkpoint 'C:/Users/Philipp/Documents/Scratch/Vivado/vivado-training/gpio_adapter_design/gpio_adapter_design.runs/impl_1/gpio_adapter_design_wrapper_placed.dcp' has been generated.
report_io: Time (s): cpu = 00:00:00 ; elapsed = 00:00:00.140 . Memory (MB): peak = 965.082 ; gain = 2.344
report_utilization: Time (s): cpu = 00:00:00 ; elapsed = 00:00:00.039 . Memory (MB): peak = 965.082 ; gain = 0.000
report_control_sets: Time (s): cpu = 00:00:00 ; elapsed = 00:00:00.008 . Memory (MB): peak = 965.082 ; gain = 0.000
Command: route_design
Attempting to get a license for feature 'Implementation' and/or device 'xc7z010-clg400'
INFO: [Common 17-349] Got license for feature 'Implementation' and/or device 'xc7z010-clg400'
Running DRC as a precondition to command route_design
Command: report_drc (run_mandatory_drcs) for: router_checks
INFO: [DRC 23-27] Running DRC with 2 threads
report_drc (run_mandatory_drcs) completed successfully
INFO: [Vivado_Tcl 4-198] DRC finished with 0 Errors
INFO: [Vivado_Tcl 4-199] Please refer to the DRC report (report_drc) for more information.


Starting Routing Task
INFO: [Route 35-254] Multithreading enabled for route_design using a maximum of 2 CPUs
Checksum: PlaceDB: 38233e86 ConstDB: 0 ShapeSum: ca8b1e64 RouteDB: 0

Phase 1 Build RT Design
Phase 1 Build RT Design | Checksum: 980a6d48

Time (s): cpu = 00:00:25 ; elapsed = 00:00:23 . Memory (MB): peak = 1048.652 ; gain = 83.570

Phase 2 Router Initialization

Phase 2.1 Create Timer
Phase 2.1 Create Timer | Checksum: 980a6d48

Time (s): cpu = 00:00:25 ; elapsed = 00:00:23 . Memory (MB): peak = 1051.883 ; gain = 86.801

Phase 2.2 Fix Topology Constraints
Phase 2.2 Fix Topology Constraints | Checksum: 980a6d48

Time (s): cpu = 00:00:25 ; elapsed = 00:00:23 . Memory (MB): peak = 1058.145 ; gain = 93.063

Phase 2.3 Pre Route Cleanup
Phase 2.3 Pre Route Cleanup | Checksum: 980a6d48

Time (s): cpu = 00:00:25 ; elapsed = 00:00:23 . Memory (MB): peak = 1058.145 ; gain = 93.063
 Number of Nodes with overlaps = 0

Phase 2.4 Update Timing
Phase 2.4 Update Timing | Checksum: 19d8b5554

Time (s): cpu = 00:00:25 ; elapsed = 00:00:23 . Memory (MB): peak = 1058.746 ; gain = 93.664
Phase 2 Router Initialization | Checksum: 19d8b5554

Time (s): cpu = 00:00:25 ; elapsed = 00:00:23 . Memory (MB): peak = 1058.746 ; gain = 93.664

Phase 3 Initial Routing
 Number of Nodes with overlaps = 0
Phase 3 Initial Routing | Checksum: 19ce73dbe

Time (s): cpu = 00:00:25 ; elapsed = 00:00:23 . Memory (MB): peak = 1058.746 ; gain = 93.664

Phase 4 Rip-up And Reroute

Phase 4.1 Global Iteration 0
Phase 4.1 Global Iteration 0 | Checksum: 19ce73dbe

Time (s): cpu = 00:00:25 ; elapsed = 00:00:23 . Memory (MB): peak = 1058.746 ; gain = 93.664
Phase 4 Rip-up And Reroute | Checksum: 19ce73dbe

Time (s): cpu = 00:00:25 ; elapsed = 00:00:23 . Memory (MB): peak = 1058.746 ; gain = 93.664

Phase 5 Delay and Skew Optimization

Phase 5.1 Delay CleanUp
Phase 5.1 Delay CleanUp | Checksum: 19ce73dbe

Time (s): cpu = 00:00:25 ; elapsed = 00:00:23 . Memory (MB): peak = 1058.746 ; gain = 93.664

Phase 5.2 Clock Skew Optimization
Phase 5.2 Clock Skew Optimization | Checksum: 19ce73dbe

Time (s): cpu = 00:00:25 ; elapsed = 00:00:23 . Memory (MB): peak = 1058.746 ; gain = 93.664
Phase 5 Delay and Skew Optimization | Checksum: 19ce73dbe

Time (s): cpu = 00:00:25 ; elapsed = 00:00:23 . Memory (MB): peak = 1058.746 ; gain = 93.664

Phase 6 Post Hold Fix

Phase 6.1 Hold Fix Iter

Phase 6.1.1 Update Timing
Phase 6.1.1 Update Timing | Checksum: 19ce73dbe

Time (s): cpu = 00:00:25 ; elapsed = 00:00:23 . Memory (MB): peak = 1058.746 ; gain = 93.664
Phase 6.1 Hold Fix Iter | Checksum: 19ce73dbe

Time (s): cpu = 00:00:25 ; elapsed = 00:00:23 . Memory (MB): peak = 1058.746 ; gain = 93.664
Phase 6 Post Hold Fix | Checksum: 19ce73dbe

Time (s): cpu = 00:00:25 ; elapsed = 00:00:23 . Memory (MB): peak = 1058.746 ; gain = 93.664

Phase 7 Route finalize

Router Utilization Summary
  Global Vertical Routing Utilization    = 0.0206926 %
  Global Horizontal Routing Utilization  = 0.0158548 %
  Routable Net Status*
  *Does not include unroutable nets such as driverless and loadless.
  Run report_route_status for detailed report.
  Number of Failed Nets               = 0
  Number of Unrouted Nets             = 0
  Number of Partially Routed Nets     = 0
  Number of Node Overlaps             = 0

Phase 7 Route finalize | Checksum: 19ce73dbe

Time (s): cpu = 00:00:25 ; elapsed = 00:00:23 . Memory (MB): peak = 1058.746 ; gain = 93.664

Phase 8 Verifying routed nets

 Verification completed successfully
Phase 8 Verifying routed nets | Checksum: 19ce73dbe

Time (s): cpu = 00:00:25 ; elapsed = 00:00:23 . Memory (MB): peak = 1060.770 ; gain = 95.688

Phase 9 Depositing Routes
Phase 9 Depositing Routes | Checksum: 1a88a3599

Time (s): cpu = 00:00:25 ; elapsed = 00:00:23 . Memory (MB): peak = 1060.770 ; gain = 95.688

Phase 10 Post Router Timing
Phase 10 Post Router Timing | Checksum: 1a88a3599

Time (s): cpu = 00:00:25 ; elapsed = 00:00:23 . Memory (MB): peak = 1060.770 ; gain = 95.688
INFO: [Route 35-16] Router Completed Successfully

Time (s): cpu = 00:00:25 ; elapsed = 00:00:23 . Memory (MB): peak = 1060.770 ; gain = 95.688

Routing Is Done.
50 Infos, 1 Warnings, 0 Critical Warnings and 0 Errors encountered.
route_design completed successfully
route_design: Time (s): cpu = 00:00:30 ; elapsed = 00:00:26 . Memory (MB): peak = 1060.770 ; gain = 95.688
Writing placer database...
Writing XDEF routing.
Writing XDEF routing logical nets.
Writing XDEF routing special nets.
Write XDEF Complete: Time (s): cpu = 00:00:01 ; elapsed = 00:00:00.283 . Memory (MB): peak = 1060.770 ; gain = 0.000
INFO: [Common 17-1381] The checkpoint 'C:/Users/Philipp/Documents/Scratch/Vivado/vivado-training/gpio_adapter_design/gpio_adapter_design.runs/impl_1/gpio_adapter_design_wrapper_routed.dcp' has been generated.
Command: report_drc -file gpio_adapter_design_wrapper_drc_routed.rpt -pb gpio_adapter_design_wrapper_drc_routed.pb -rpx gpio_adapter_design_wrapper_drc_routed.rpx
INFO: [DRC 23-27] Running DRC with 2 threads
INFO: [Coretcl 2-168] The results of DRC are in file C:/Users/Philipp/Documents/Scratch/Vivado/vivado-training/gpio_adapter_design/gpio_adapter_design.runs/impl_1/gpio_adapter_design_wrapper_drc_routed.rpt.
report_drc completed successfully
Command: report_methodology -file gpio_adapter_design_wrapper_methodology_drc_routed.rpt -rpx gpio_adapter_design_wrapper_methodology_drc_routed.rpx
INFO: [Timing 38-35] Done setting XDC timing constraints.
INFO: [DRC 23-133] Running Methodology with 2 threads
INFO: [Coretcl 2-1520] The results of Report Methodology are in file C:/Users/Philipp/Documents/Scratch/Vivado/vivado-training/gpio_adapter_design/gpio_adapter_design.runs/impl_1/gpio_adapter_design_wrapper_methodology_drc_routed.rpt.
report_methodology completed successfully
Command: report_power -file gpio_adapter_design_wrapper_power_routed.rpt -pb gpio_adapter_design_wrapper_power_summary_routed.pb -rpx gpio_adapter_design_wrapper_power_routed.rpx
INFO: [Timing 38-35] Done setting XDC timing constraints.
Running Vector-less Activity Propagation...

Finished Running Vector-less Activity Propagation
57 Infos, 1 Warnings, 0 Critical Warnings and 0 Errors encountered.
report_power completed successfully
INFO: [Timing 38-91] UpdateTimingParams: Speed grade: -1, Delay Type: min_max.
INFO: [Timing 38-191] Multithreading enabled for timing update using a maximum of 2 CPUs
Command: write_bitstream -force gpio_adapter_design_wrapper.bit
Attempting to get a license for feature 'Implementation' and/or device 'xc7z010-clg400'
INFO: [Common 17-349] Got license for feature 'Implementation' and/or device 'xc7z010-clg400'
Running DRC as a precondition to command write_bitstream
Command: report_drc (run_mandatory_drcs) for: bitstream_checks
INFO: [DRC 23-27] Running DRC with 2 threads
WARNING: [DRC BUFC-1] Input Buffer Connections: Input buffer leds_4bits_tri_iobuf_0/IBUF has no loads. It is recommended to have an input buffer drive an internal load.
WARNING: [DRC BUFC-1] Input Buffer Connections: Input buffer leds_4bits_tri_iobuf_1/IBUF has no loads. It is recommended to have an input buffer drive an internal load.
WARNING: [DRC BUFC-1] Input Buffer Connections: Input buffer leds_4bits_tri_iobuf_2/IBUF has no loads. It is recommended to have an input buffer drive an internal load.
WARNING: [DRC BUFC-1] Input Buffer Connections: Input buffer leds_4bits_tri_iobuf_3/IBUF has no loads. It is recommended to have an input buffer drive an internal load.
report_drc (run_mandatory_drcs) completed successfully
INFO: [Vivado 12-3199] DRC finished with 0 Errors, 4 Warnings
INFO: [Vivado 12-3200] Please refer to the DRC report (report_drc) for more information.
INFO: [Project 1-821] Please set project.enableDesignId to be 'true'.
INFO: [Designutils 20-2272] Running write_bitstream with 2 threads.
Loading data files...
Loading site data...
Loading route data...
Processing options...
Creating bitmap...
Creating bitstream...
Writing bitstream ./gpio_adapter_design_wrapper.bit...
INFO: [Vivado 12-1842] Bitgen Completed Successfully.
INFO: [Project 1-120] WebTalk data collection is mandatory when using a WebPACK part without a full Vivado license. To see the specific WebTalk data collected for your design, open the usage_statistics_webtalk.html or usage_statistics_webtalk.xml file in the implementation directory.
INFO: [Common 17-186] 'C:/Users/Philipp/Documents/Scratch/Vivado/vivado-training/gpio_adapter_design/gpio_adapter_design.runs/impl_1/usage_statistics_webtalk.xml' has been successfully sent to Xilinx on Sat Sep 16 00:35:24 2017. For additional details about this file, please refer to the WebTalk help file at C:/Xilinx/Vivado/2017.2/doc/webtalk_introduction.html.
68 Infos, 5 Warnings, 0 Critical Warnings and 0 Errors encountered.
write_bitstream completed successfully
write_bitstream: Time (s): cpu = 00:00:24 ; elapsed = 00:00:24 . Memory (MB): peak = 1423.832 ; gain = 350.738
INFO: [Common 17-206] Exiting Vivado at Sat Sep 16 00:35:25 2017...

*** Running vivado
    with args -log gpio_adapter_design_wrapper.vdi -applog -m64 -product Vivado -messageDb vivado.pb -mode batch -source gpio_adapter_design_wrapper.tcl -notrace


****** Vivado v2017.2 (64-bit)
  **** SW Build 1909853 on Thu Jun 15 18:39:09 MDT 2017
  **** IP Build 1909766 on Thu Jun 15 19:58:00 MDT 2017
    ** Copyright 1986-2017 Xilinx, Inc. All Rights Reserved.

source gpio_adapter_design_wrapper.tcl -notrace
Command: open_checkpoint gpio_adapter_design_wrapper_routed.dcp

Starting open_checkpoint Task

Time (s): cpu = 00:00:00 ; elapsed = 00:00:00.038 . Memory (MB): peak = 220.219 ; gain = 0.000
INFO: [Netlist 29-17] Analyzing 4 Unisim elements for replacement
INFO: [Netlist 29-28] Unisim Transformation completed in 0 CPU seconds
INFO: [Project 1-479] Netlist was created with Vivado 2017.2
INFO: [Device 21-403] Loading part xc7z010clg400-1
INFO: [Project 1-570] Preparing netlist for logic optimization
Parsing XDC File [C:/Users/Philipp/Documents/Scratch/Vivado/vivado-training/gpio_adapter_design/gpio_adapter_design.runs/impl_1/.Xil/Vivado-15384-Wimucs/dcp3/gpio_adapter_design_wrapper_board.xdc]
Finished Parsing XDC File [C:/Users/Philipp/Documents/Scratch/Vivado/vivado-training/gpio_adapter_design/gpio_adapter_design.runs/impl_1/.Xil/Vivado-15384-Wimucs/dcp3/gpio_adapter_design_wrapper_board.xdc]
Parsing XDC File [C:/Users/Philipp/Documents/Scratch/Vivado/vivado-training/gpio_adapter_design/gpio_adapter_design.runs/impl_1/.Xil/Vivado-15384-Wimucs/dcp3/gpio_adapter_design_wrapper_early.xdc]
Finished Parsing XDC File [C:/Users/Philipp/Documents/Scratch/Vivado/vivado-training/gpio_adapter_design/gpio_adapter_design.runs/impl_1/.Xil/Vivado-15384-Wimucs/dcp3/gpio_adapter_design_wrapper_early.xdc]
Reading XDEF placement.
Reading placer database...
Reading XDEF routing.
Read XDEF File: Time (s): cpu = 00:00:01 ; elapsed = 00:00:00.482 . Memory (MB): peak = 488.379 ; gain = 0.000
Restored from archive | CPU: 1.000000 secs | Memory: 0.000000 MB |
Finished XDEF File Restore: Time (s): cpu = 00:00:01 ; elapsed = 00:00:00.483 . Memory (MB): peak = 488.379 ; gain = 0.000
INFO: [Project 1-111] Unisim Transformation Summary:
  A total of 4 instances were transformed.
  IOBUF => IOBUF (IBUF, OBUFT): 4 instances

INFO: [Project 1-604] Checkpoint was created with Vivado v2017.2 (64-bit) build 1909853
open_checkpoint: Time (s): cpu = 00:00:15 ; elapsed = 00:00:16 . Memory (MB): peak = 492.449 ; gain = 272.230
Command: write_bitstream -force gpio_adapter_design_wrapper.bit
Attempting to get a license for feature 'Implementation' and/or device 'xc7z010-clg400'
INFO: [Common 17-349] Got license for feature 'Implementation' and/or device 'xc7z010-clg400'
Running DRC as a precondition to command write_bitstream
Command: report_drc (run_mandatory_drcs) for: bitstream_checks
INFO: [DRC 23-27] Running DRC with 2 threads
WARNING: [DRC BUFC-1] Input Buffer Connections: Input buffer leds_4bits_tri_iobuf_0/IBUF has no loads. It is recommended to have an input buffer drive an internal load.
WARNING: [DRC BUFC-1] Input Buffer Connections: Input buffer leds_4bits_tri_iobuf_1/IBUF has no loads. It is recommended to have an input buffer drive an internal load.
WARNING: [DRC BUFC-1] Input Buffer Connections: Input buffer leds_4bits_tri_iobuf_2/IBUF has no loads. It is recommended to have an input buffer drive an internal load.
WARNING: [DRC BUFC-1] Input Buffer Connections: Input buffer leds_4bits_tri_iobuf_3/IBUF has no loads. It is recommended to have an input buffer drive an internal load.
report_drc (run_mandatory_drcs) completed successfully
INFO: [Vivado 12-3199] DRC finished with 0 Errors, 4 Warnings
INFO: [Vivado 12-3200] Please refer to the DRC report (report_drc) for more information.
INFO: [Project 1-821] Please set project.enableDesignId to be 'true'.
INFO: [Designutils 20-2272] Running write_bitstream with 2 threads.
Loading data files...
Loading site data...
Loading route data...
Processing options...
Creating bitmap...
Creating bitstream...
Writing bitstream ./gpio_adapter_design_wrapper.bit...
INFO: [Vivado 12-1842] Bitgen Completed Successfully.
INFO: [Project 1-120] WebTalk data collection is mandatory when using a WebPACK part without a full Vivado license. To see the specific WebTalk data collected for your design, open the usage_statistics_webtalk.html or usage_statistics_webtalk.xml file in the implementation directory.
INFO: [Common 17-186] 'C:/Users/Philipp/Documents/Scratch/Vivado/vivado-training/gpio_adapter_design/gpio_adapter_design.runs/impl_1/usage_statistics_webtalk.xml' has been successfully sent to Xilinx on Sun Sep 17 11:28:42 2017. For additional details about this file, please refer to the WebTalk help file at C:/Xilinx/Vivado/2017.2/doc/webtalk_introduction.html.
16 Infos, 4 Warnings, 0 Critical Warnings and 0 Errors encountered.
write_bitstream completed successfully
write_bitstream: Time (s): cpu = 00:00:23 ; elapsed = 00:00:23 . Memory (MB): peak = 858.082 ; gain = 365.633
INFO: [Common 17-206] Exiting Vivado at Sun Sep 17 11:28:42 2017...
