
*** Running vivado
    with args -log gpio_adapter_design_processing_system7_0_0.vds -m64 -product Vivado -mode batch -messageDb vivado.pb -notrace -source gpio_adapter_design_processing_system7_0_0.tcl


****** Vivado v2017.2 (64-bit)
  **** SW Build 1909853 on Thu Jun 15 18:39:09 MDT 2017
  **** IP Build 1909766 on Thu Jun 15 19:58:00 MDT 2017
    ** Copyright 1986-2017 Xilinx, Inc. All Rights Reserved.

source gpio_adapter_design_processing_system7_0_0.tcl -notrace
Starting RTL Elaboration : Time (s): cpu = 00:00:06 ; elapsed = 00:00:06 . Memory (MB): peak = 321.945 ; gain = 80.180
INFO: [Synth 8-638] synthesizing module 'gpio_adapter_design_processing_system7_0_0' [c:/Users/Philipp/Documents/Scratch/Vivado/vivado-training/gpio_adapter_design/gpio_adapter_design.srcs/sources_1/bd/gpio_adapter_design/ip/gpio_adapter_design_processing_system7_0_0/synth/gpio_adapter_design_processing_system7_0_0.v:60]
INFO: [Synth 8-638] synthesizing module 'processing_system7_v5_5_processing_system7' [c:/Users/Philipp/Documents/Scratch/Vivado/vivado-training/gpio_adapter_design/gpio_adapter_design.srcs/sources_1/bd/gpio_adapter_design/ip/gpio_adapter_design_processing_system7_0_0/hdl/verilog/processing_system7_v5_5_processing_system7.v:162]
INFO: [Synth 8-638] synthesizing module 'BUFG' [C:/Xilinx/Vivado/2017.2/scripts/rt/data/unisim_comp.v:607]
INFO: [Synth 8-256] done synthesizing module 'BUFG' (1#1) [C:/Xilinx/Vivado/2017.2/scripts/rt/data/unisim_comp.v:607]
INFO: [Synth 8-638] synthesizing module 'BIBUF' [C:/Xilinx/Vivado/2017.2/scripts/rt/data/unisim_comp.v:268]
INFO: [Synth 8-256] done synthesizing module 'BIBUF' (2#1) [C:/Xilinx/Vivado/2017.2/scripts/rt/data/unisim_comp.v:268]
INFO: [Synth 8-638] synthesizing module 'PS7' [C:/Xilinx/Vivado/2017.2/scripts/rt/data/unisim_comp.v:33527]
INFO: [Synth 8-256] done synthesizing module 'PS7' (3#1) [C:/Xilinx/Vivado/2017.2/scripts/rt/data/unisim_comp.v:33527]
INFO: [Synth 8-256] done synthesizing module 'processing_system7_v5_5_processing_system7' (4#1) [c:/Users/Philipp/Documents/Scratch/Vivado/vivado-training/gpio_adapter_design/gpio_adapter_design.srcs/sources_1/bd/gpio_adapter_design/ip/gpio_adapter_design_processing_system7_0_0/hdl/verilog/processing_system7_v5_5_processing_system7.v:162]
INFO: [Synth 8-256] done synthesizing module 'gpio_adapter_design_processing_system7_0_0' (5#1) [c:/Users/Philipp/Documents/Scratch/Vivado/vivado-training/gpio_adapter_design/gpio_adapter_design.srcs/sources_1/bd/gpio_adapter_design/ip/gpio_adapter_design_processing_system7_0_0/synth/gpio_adapter_design_processing_system7_0_0.v:60]
Finished RTL Elaboration : Time (s): cpu = 00:00:08 ; elapsed = 00:00:08 . Memory (MB): peak = 362.023 ; gain = 120.258
Finished RTL Optimization Phase 1 : Time (s): cpu = 00:00:09 ; elapsed = 00:00:09 . Memory (MB): peak = 362.023 ; gain = 120.258
INFO: [Device 21-403] Loading part xc7z010clg400-1
Constraint Validation Runtime : Time (s): cpu = 00:00:00 ; elapsed = 00:00:00.048 . Memory (MB): peak = 585.273 ; gain = 0.000
Finished Constraint Validation : Time (s): cpu = 00:00:28 ; elapsed = 00:00:30 . Memory (MB): peak = 585.273 ; gain = 343.508
Finished Loading Part and Timing Information : Time (s): cpu = 00:00:28 ; elapsed = 00:00:30 . Memory (MB): peak = 585.273 ; gain = 343.508
Finished applying 'set_property' XDC Constraints : Time (s): cpu = 00:00:29 ; elapsed = 00:00:30 . Memory (MB): peak = 585.273 ; gain = 343.508
Finished RTL Optimization Phase 2 : Time (s): cpu = 00:00:30 ; elapsed = 00:00:32 . Memory (MB): peak = 585.273 ; gain = 343.508
Finished Cross Boundary and Area Optimization : Time (s): cpu = 00:00:31 ; elapsed = 00:00:32 . Memory (MB): peak = 585.273 ; gain = 343.508
Finished Applying XDC Timing Constraints : Time (s): cpu = 00:00:55 ; elapsed = 00:00:56 . Memory (MB): peak = 796.020 ; gain = 554.254
Finished Timing Optimization : Time (s): cpu = 00:00:55 ; elapsed = 00:00:56 . Memory (MB): peak = 812.113 ; gain = 570.348
Finished Technology Mapping : Time (s): cpu = 00:00:56 ; elapsed = 00:00:58 . Memory (MB): peak = 816.184 ; gain = 574.418
Finished IO Insertion : Time (s): cpu = 00:00:59 ; elapsed = 00:01:00 . Memory (MB): peak = 816.184 ; gain = 574.418
Finished Renaming Generated Instances : Time (s): cpu = 00:00:59 ; elapsed = 00:01:00 . Memory (MB): peak = 816.184 ; gain = 574.418
Finished Rebuilding User Hierarchy : Time (s): cpu = 00:00:59 ; elapsed = 00:01:00 . Memory (MB): peak = 816.184 ; gain = 574.418
Finished Renaming Generated Ports : Time (s): cpu = 00:00:59 ; elapsed = 00:01:00 . Memory (MB): peak = 816.184 ; gain = 574.418
Finished Handling Custom Attributes : Time (s): cpu = 00:00:59 ; elapsed = 00:01:00 . Memory (MB): peak = 816.184 ; gain = 574.418
Finished Renaming Generated Nets : Time (s): cpu = 00:00:59 ; elapsed = 00:01:00 . Memory (MB): peak = 816.184 ; gain = 574.418

Report Cell Usage: 
+------+------+------+
|      |Cell  |Count |
+------+------+------+
|1     |BIBUF |   130|
|2     |BUFG  |     1|
|3     |LUT1  |    52|
|4     |PS7   |     1|
+------+------+------+
Finished Writing Synthesis Report : Time (s): cpu = 00:00:59 ; elapsed = 00:01:00 . Memory (MB): peak = 816.184 ; gain = 574.418
synth_design: Time (s): cpu = 00:01:02 ; elapsed = 00:01:04 . Memory (MB): peak = 828.711 ; gain = 590.637
