
*** Running vivado
    with args -log gpio_adapter_design_xlslice_1_0.vds -m64 -product Vivado -mode batch -messageDb vivado.pb -notrace -source gpio_adapter_design_xlslice_1_0.tcl


****** Vivado v2017.2 (64-bit)
  **** SW Build 1909853 on Thu Jun 15 18:39:09 MDT 2017
  **** IP Build 1909766 on Thu Jun 15 19:58:00 MDT 2017
    ** Copyright 1986-2017 Xilinx, Inc. All Rights Reserved.

source gpio_adapter_design_xlslice_1_0.tcl -notrace
Starting Synthesize : Time (s): cpu = 00:00:09 ; elapsed = 00:00:10 . Memory (MB): peak = 310.000 ; gain = 78.570
INFO: [Synth 8-638] synthesizing module 'gpio_adapter_design_xlslice_1_0' [c:/Users/Philipp/Documents/Scratch/Vivado/vivado-training/gpio_adapter_design/gpio_adapter_design.srcs/sources_1/bd/gpio_adapter_design/ip/gpio_adapter_design_xlslice_1_0/synth/gpio_adapter_design_xlslice_1_0.v:57]
INFO: [Synth 8-638] synthesizing module 'xlslice_v1_0_1_xlslice' [c:/Users/Philipp/Documents/Scratch/Vivado/vivado-training/gpio_adapter_design/gpio_adapter_design.srcs/sources_1/bd/gpio_adapter_design/ipshared/bb23/hdl/xlslice_v1_0_vl_rfs.v:13]
INFO: [Synth 8-256] done synthesizing module 'xlslice_v1_0_1_xlslice' (1#1) [c:/Users/Philipp/Documents/Scratch/Vivado/vivado-training/gpio_adapter_design/gpio_adapter_design.srcs/sources_1/bd/gpio_adapter_design/ipshared/bb23/hdl/xlslice_v1_0_vl_rfs.v:13]
INFO: [Synth 8-256] done synthesizing module 'gpio_adapter_design_xlslice_1_0' (2#1) [c:/Users/Philipp/Documents/Scratch/Vivado/vivado-training/gpio_adapter_design/gpio_adapter_design.srcs/sources_1/bd/gpio_adapter_design/ip/gpio_adapter_design_xlslice_1_0/synth/gpio_adapter_design_xlslice_1_0.v:57]
Finished Synthesize : Time (s): cpu = 00:00:12 ; elapsed = 00:00:13 . Memory (MB): peak = 349.078 ; gain = 117.648
Finished Constraint Validation : Time (s): cpu = 00:00:12 ; elapsed = 00:00:13 . Memory (MB): peak = 349.078 ; gain = 117.648
Finished Loading Part and Timing Information : Time (s): cpu = 00:00:12 ; elapsed = 00:00:13 . Memory (MB): peak = 349.078 ; gain = 117.648
Finished RTL Optimization Phase 2 : Time (s): cpu = 00:00:12 ; elapsed = 00:00:13 . Memory (MB): peak = 349.078 ; gain = 117.648
INFO: [Device 21-403] Loading part xc7z010clg400-1
Finished Cross Boundary and Area Optimization : Time (s): cpu = 00:00:21 ; elapsed = 00:00:23 . Memory (MB): peak = 455.695 ; gain = 224.266
Finished Timing Optimization : Time (s): cpu = 00:00:21 ; elapsed = 00:00:23 . Memory (MB): peak = 455.695 ; gain = 224.266
Finished Technology Mapping : Time (s): cpu = 00:00:21 ; elapsed = 00:00:23 . Memory (MB): peak = 459.418 ; gain = 227.988
Finished IO Insertion : Time (s): cpu = 00:00:23 ; elapsed = 00:00:24 . Memory (MB): peak = 459.418 ; gain = 227.988
Finished Renaming Generated Instances : Time (s): cpu = 00:00:23 ; elapsed = 00:00:24 . Memory (MB): peak = 459.418 ; gain = 227.988
Finished Rebuilding User Hierarchy : Time (s): cpu = 00:00:23 ; elapsed = 00:00:24 . Memory (MB): peak = 459.418 ; gain = 227.988
Finished Renaming Generated Ports : Time (s): cpu = 00:00:23 ; elapsed = 00:00:24 . Memory (MB): peak = 459.418 ; gain = 227.988
Finished Handling Custom Attributes : Time (s): cpu = 00:00:23 ; elapsed = 00:00:24 . Memory (MB): peak = 459.418 ; gain = 227.988
Finished Renaming Generated Nets : Time (s): cpu = 00:00:23 ; elapsed = 00:00:24 . Memory (MB): peak = 459.418 ; gain = 227.988

Report Cell Usage: 
+-+-----+------+
| |Cell |Count |
+-+-----+------+
+-+-----+------+
Finished Writing Synthesis Report : Time (s): cpu = 00:00:23 ; elapsed = 00:00:24 . Memory (MB): peak = 459.418 ; gain = 227.988
synth_design: Time (s): cpu = 00:00:29 ; elapsed = 00:00:31 . Memory (MB): peak = 542.754 ; gain = 311.949
write_checkpoint: Time (s): cpu = 00:00:31 ; elapsed = 00:00:32 . Memory (MB): peak = 918.840 ; gain = 376.086
