Unable to capture context for thread 13060 in process 6340, can not generate back trace
Unable to capture context for thread 11760 in process 6340, can not generate back trace
Unable to capture context for thread 11844 in process 6340, can not generate back trace
Unable to capture context for thread 14988 in process 6340, can not generate back trace
Unable to capture context for thread 1160 in process 6340, can not generate back trace
Unable to capture context for thread 3528 in process 6340, can not generate back trace
Unable to capture context for thread 5452 in process 6340, can not generate back trace
Unable to capture context for thread 15732 in process 6340, can not generate back trace
Unable to capture context for thread 15056 in process 6340, can not generate back trace
Unable to capture context for thread 12344 in process 6340, can not generate back trace
Unable to capture context for thread 1772 in process 6340, can not generate back trace
Exception at PC 0x00007FFF8079BB93
Printing stacktrace...

[0]  [0x00007FFF8079BB93]
[1]  [0x00007FFF8079BB93]
[2]  [0x00007FFF8079B4A1]
[3]  [0x00007FFF8079B459]
[4]  [0x00007FFF807819FE]
[5]  [0x00007FFF80780ED1]
[6]  [0x00007FFF80780D76]
[7]  [0x00007FFF807279F6]
[8]  [0x00007FFF80717AFB]
[9]  [0x00007FFF8083E90A]
[10]  [0x00007FFF80859F87]
[11]  [0x00007FFF8085A05F]
[12] (BaseThreadInitThunk+0x14) [0x00007FFFE4C92774]
[13] (RtlUserThreadStart+0x21) [0x00007FFFE75F0D51]
Done
Exception at PC 0x00007FFF804A1A52
Attemped to write at address 0x00007FFFC629ABA4
Printing stacktrace...

[0]  [0x00007FFF804A1A52]
[1]  [0x00007FFF804A1A52]
[2]  [0x00007FFF804A1AD4]
[3]  [0x00007FFF805E3FF7]
[4]  [0x00007FFF804C9128]
[5]  [0x00007FFF8077DFB9]
[6]  [0x00007FFF8094EF23]
[7]  [0x00007FFF8085B06B]
[8]  [0x00007FFF808508AF]
[9]  [0x00007FFF80850A32]
[10] (RtlDeactivateActivationContextUnsafeFast+0x1af) [0x00007FFFE75A485F]
[11] (LdrShutdownProcess+0x12c) [0x00007FFFE75CD43C]
[12] (RtlExitUserProcess+0xb4) [0x00007FFFE75CD2F4]
[13] (FatalExit+0xa) [0x00007FFFE4C9C0DA]
[14] (exit+0x75) [0x00007FFFE751A045]
[15] (initterm_e+0x21d) [0x00007FFFE751A68D]
[16]  [0x00000000004014CD]
[17]  [0x000000000040151B]
[18] (BaseThreadInitThunk+0x14) [0x00007FFFE4C92774]
[19] (RtlUserThreadStart+0x21) [0x00007FFFE75F0D51]
Done
