Copyright 1986-2017 Xilinx, Inc. All Rights Reserved.
------------------------------------------------------------------------------------
| Tool Version : Vivado v.2017.2 (win64) Build 1909853 Thu Jun 15 18:39:09 MDT 2017
| Date         : Thu Sep 21 20:18:34 2017
| Host         : Wimucs running 64-bit major release  (build 9200)
| Command      : upgrade_ip
| Device       : xc7z010clg400-1
------------------------------------------------------------------------------------

Upgrade Log for IP 'flipflop_noclock_0'

1. Summary
----------

SUCCESS in the conversion of flipflop_noclock_0 (episource.de:user:flipflop_noclock:1.0 (Rev. 2)) to Vivado generation flows.






Copyright 1986-2017 Xilinx, Inc. All Rights Reserved.
------------------------------------------------------------------------------------
| Tool Version : Vivado v.2017.2 (win64) Build 1909853 Thu Jun 15 18:39:09 MDT 2017
| Date         : Thu Sep 21 20:18:33 2017
| Host         : Wimucs running 64-bit major release  (build 9200)
| Command      : upgrade_ip
| Device       : xc7z010clg400-1
------------------------------------------------------------------------------------

Upgrade Log for IP 'design_1_flipflop_noclock_0_0'

1. Summary
----------

SUCCESS in the conversion of design_1_flipflop_noclock_0_0 (episource.de:user:flipflop_noclock:1.0 (Rev. 2)) to Vivado generation flows.






Copyright 1986-2017 Xilinx, Inc. All Rights Reserved.
------------------------------------------------------------------------------------
| Tool Version : Vivado v.2017.2 (win64) Build 1909853 Thu Jun 15 18:39:09 MDT 2017
| Date         : Thu Sep 21 19:26:16 2017
| Host         : Wimucs running 64-bit major release  (build 9200)
| Command      : upgrade_ip
| Device       : xc7z010clg400-1
------------------------------------------------------------------------------------

Upgrade Log for IP 'flipflop_noclock_0'

1. Summary
----------

SUCCESS in the conversion of flipflop_noclock_0 (episource.de:user:flipflop_noclock:1.0 (Rev. 2)) to Vivado generation flows.






Copyright 1986-2017 Xilinx, Inc. All Rights Reserved.
------------------------------------------------------------------------------------
| Tool Version : Vivado v.2017.2 (win64) Build 1909853 Thu Jun 15 18:39:09 MDT 2017
| Date         : Thu Sep 21 19:26:14 2017
| Host         : Wimucs running 64-bit major release  (build 9200)
| Command      : upgrade_ip
| Device       : xc7z010clg400-1
------------------------------------------------------------------------------------

Upgrade Log for IP 'design_1_flipflop_noclock_0_0'

1. Summary
----------

SUCCESS in the conversion of design_1_flipflop_noclock_0_0 (episource.de:user:flipflop_noclock:1.0 (Rev. 2)) to Vivado generation flows.






Copyright 1986-2017 Xilinx, Inc. All Rights Reserved.
------------------------------------------------------------------------------------
| Tool Version : Vivado v.2017.2 (win64) Build 1909853 Thu Jun 15 18:39:09 MDT 2017
| Date         : Wed Sep 20 21:50:22 2017
| Host         : Wimucs running 64-bit major release  (build 9200)
| Command      : upgrade_ip
| Device       : xc7z010clg400-1
------------------------------------------------------------------------------------

Upgrade Log for IP 'flipflop_noclock_design_flipflop_noclock_0_1'

1. Summary
----------

SUCCESS in the conversion of flipflop_noclock_design_flipflop_noclock_0_1 (episource.de:user:flipflop_noclock:1.0 (Rev. 2)) to Vivado generation flows.






Copyright 1986-2017 Xilinx, Inc. All Rights Reserved.
------------------------------------------------------------------------------------
| Tool Version : Vivado v.2017.2 (win64) Build 1909853 Thu Jun 15 18:39:09 MDT 2017
| Date         : Mon Sep 18 21:00:42 2017
| Host         : Wimucs running 64-bit major release  (build 9200)
| Command      : upgrade_ip
| Device       : xc7z010clg400-1
------------------------------------------------------------------------------------

Upgrade Log for IP 'flipflop_noclock_design_flipflop_noclock_0_1'

1. Summary
----------

SUCCESS in the conversion of flipflop_noclock_design_flipflop_noclock_0_1 (episource.de:user:flipflop_noclock:1.0 (Rev. 2)) to Vivado generation flows.

