Vivado Simulator 2017.3
Time resolution is 1 ps
Error: Missing o_device_found signal
Time: 603 us  Iteration: 0  Process: /SENSOR_DS18B20_tb/line__79  File: C:/Users/Philipp/Documents/Scratch/Vivado/vivado-training/DS18B20/DS18B20.srcs/sim_1/new/SENSOR_DS18B20_tb.vhd
Error: Missing o_device_found signal
Time: 604 us  Iteration: 0  Process: /SENSOR_DS18B20_tb/line__79  File: C:/Users/Philipp/Documents/Scratch/Vivado/vivado-training/DS18B20/DS18B20.srcs/sim_1/new/SENSOR_DS18B20_tb.vhd
Error: Missing o_device_found signal
Time: 605 us  Iteration: 0  Process: /SENSOR_DS18B20_tb/line__79  File: C:/Users/Philipp/Documents/Scratch/Vivado/vivado-training/DS18B20/DS18B20.srcs/sim_1/new/SENSOR_DS18B20_tb.vhd
Error: Missing o_device_found signal
Time: 606 us  Iteration: 0  Process: /SENSOR_DS18B20_tb/line__79  File: C:/Users/Philipp/Documents/Scratch/Vivado/vivado-training/DS18B20/DS18B20.srcs/sim_1/new/SENSOR_DS18B20_tb.vhd
Error: Missing o_device_found signal
Time: 607 us  Iteration: 0  Process: /SENSOR_DS18B20_tb/line__79  File: C:/Users/Philipp/Documents/Scratch/Vivado/vivado-training/DS18B20/DS18B20.srcs/sim_1/new/SENSOR_DS18B20_tb.vhd
Error: Missing o_device_found signal
Time: 608 us  Iteration: 0  Process: /SENSOR_DS18B20_tb/line__79  File: C:/Users/Philipp/Documents/Scratch/Vivado/vivado-training/DS18B20/DS18B20.srcs/sim_1/new/SENSOR_DS18B20_tb.vhd
Error: Missing o_device_found signal
Time: 609 us  Iteration: 0  Process: /SENSOR_DS18B20_tb/line__79  File: C:/Users/Philipp/Documents/Scratch/Vivado/vivado-training/DS18B20/DS18B20.srcs/sim_1/new/SENSOR_DS18B20_tb.vhd
Error: Missing o_device_found signal
Time: 610 us  Iteration: 0  Process: /SENSOR_DS18B20_tb/line__79  File: C:/Users/Philipp/Documents/Scratch/Vivado/vivado-training/DS18B20/DS18B20.srcs/sim_1/new/SENSOR_DS18B20_tb.vhd
Error: Missing o_device_found signal
Time: 611 us  Iteration: 0  Process: /SENSOR_DS18B20_tb/line__79  File: C:/Users/Philipp/Documents/Scratch/Vivado/vivado-training/DS18B20/DS18B20.srcs/sim_1/new/SENSOR_DS18B20_tb.vhd
Error: Missing o_device_found signal
Time: 612 us  Iteration: 0  Process: /SENSOR_DS18B20_tb/line__79  File: C:/Users/Philipp/Documents/Scratch/Vivado/vivado-training/DS18B20/DS18B20.srcs/sim_1/new/SENSOR_DS18B20_tb.vhd
Error: Missing o_device_found signal
Time: 613 us  Iteration: 0  Process: /SENSOR_DS18B20_tb/line__79  File: C:/Users/Philipp/Documents/Scratch/Vivado/vivado-training/DS18B20/DS18B20.srcs/sim_1/new/SENSOR_DS18B20_tb.vhd
Error: Missing o_device_found signal
Time: 614 us  Iteration: 0  Process: /SENSOR_DS18B20_tb/line__79  File: C:/Users/Philipp/Documents/Scratch/Vivado/vivado-training/DS18B20/DS18B20.srcs/sim_1/new/SENSOR_DS18B20_tb.vhd
Error: Missing o_device_found signal
Time: 615 us  Iteration: 0  Process: /SENSOR_DS18B20_tb/line__79  File: C:/Users/Philipp/Documents/Scratch/Vivado/vivado-training/DS18B20/DS18B20.srcs/sim_1/new/SENSOR_DS18B20_tb.vhd
Error: Missing o_device_found signal
Time: 616 us  Iteration: 0  Process: /SENSOR_DS18B20_tb/line__79  File: C:/Users/Philipp/Documents/Scratch/Vivado/vivado-training/DS18B20/DS18B20.srcs/sim_1/new/SENSOR_DS18B20_tb.vhd
Error: Missing o_device_found signal
Time: 617 us  Iteration: 0  Process: /SENSOR_DS18B20_tb/line__79  File: C:/Users/Philipp/Documents/Scratch/Vivado/vivado-training/DS18B20/DS18B20.srcs/sim_1/new/SENSOR_DS18B20_tb.vhd
Error: Missing o_device_found signal
Time: 618 us  Iteration: 0  Process: /SENSOR_DS18B20_tb/line__79  File: C:/Users/Philipp/Documents/Scratch/Vivado/vivado-training/DS18B20/DS18B20.srcs/sim_1/new/SENSOR_DS18B20_tb.vhd
Error: Missing o_device_found signal
Time: 619 us  Iteration: 0  Process: /SENSOR_DS18B20_tb/line__79  File: C:/Users/Philipp/Documents/Scratch/Vivado/vivado-training/DS18B20/DS18B20.srcs/sim_1/new/SENSOR_DS18B20_tb.vhd
Error: Missing o_device_found signal
Time: 620 us  Iteration: 0  Process: /SENSOR_DS18B20_tb/line__79  File: C:/Users/Philipp/Documents/Scratch/Vivado/vivado-training/DS18B20/DS18B20.srcs/sim_1/new/SENSOR_DS18B20_tb.vhd
Error: Missing o_device_found signal
Time: 621 us  Iteration: 0  Process: /SENSOR_DS18B20_tb/line__79  File: C:/Users/Philipp/Documents/Scratch/Vivado/vivado-training/DS18B20/DS18B20.srcs/sim_1/new/SENSOR_DS18B20_tb.vhd
Error: Missing o_device_found signal
Time: 622 us  Iteration: 0  Process: /SENSOR_DS18B20_tb/line__79  File: C:/Users/Philipp/Documents/Scratch/Vivado/vivado-training/DS18B20/DS18B20.srcs/sim_1/new/SENSOR_DS18B20_tb.vhd
Error: Missing o_device_found signal
Time: 623 us  Iteration: 0  Process: /SENSOR_DS18B20_tb/line__79  File: C:/Users/Philipp/Documents/Scratch/Vivado/vivado-training/DS18B20/DS18B20.srcs/sim_1/new/SENSOR_DS18B20_tb.vhd
Error: Missing o_device_found signal
Time: 624 us  Iteration: 0  Process: /SENSOR_DS18B20_tb/line__79  File: C:/Users/Philipp/Documents/Scratch/Vivado/vivado-training/DS18B20/DS18B20.srcs/sim_1/new/SENSOR_DS18B20_tb.vhd
Error: Missing o_device_found signal
Time: 625 us  Iteration: 0  Process: /SENSOR_DS18B20_tb/line__79  File: C:/Users/Philipp/Documents/Scratch/Vivado/vivado-training/DS18B20/DS18B20.srcs/sim_1/new/SENSOR_DS18B20_tb.vhd
Error: Missing o_device_found signal
Time: 626 us  Iteration: 0  Process: /SENSOR_DS18B20_tb/line__79  File: C:/Users/Philipp/Documents/Scratch/Vivado/vivado-training/DS18B20/DS18B20.srcs/sim_1/new/SENSOR_DS18B20_tb.vhd
Error: Missing o_device_found signal
Time: 627 us  Iteration: 0  Process: /SENSOR_DS18B20_tb/line__79  File: C:/Users/Philipp/Documents/Scratch/Vivado/vivado-training/DS18B20/DS18B20.srcs/sim_1/new/SENSOR_DS18B20_tb.vhd
Error: Missing o_device_found signal
Time: 628 us  Iteration: 0  Process: /SENSOR_DS18B20_tb/line__79  File: C:/Users/Philipp/Documents/Scratch/Vivado/vivado-training/DS18B20/DS18B20.srcs/sim_1/new/SENSOR_DS18B20_tb.vhd
Error: Missing o_device_found signal
Time: 629 us  Iteration: 0  Process: /SENSOR_DS18B20_tb/line__79  File: C:/Users/Philipp/Documents/Scratch/Vivado/vivado-training/DS18B20/DS18B20.srcs/sim_1/new/SENSOR_DS18B20_tb.vhd
Error: Missing o_device_found signal
Time: 630 us  Iteration: 0  Process: /SENSOR_DS18B20_tb/line__79  File: C:/Users/Philipp/Documents/Scratch/Vivado/vivado-training/DS18B20/DS18B20.srcs/sim_1/new/SENSOR_DS18B20_tb.vhd
Error: Missing o_device_found signal
Time: 631 us  Iteration: 0  Process: /SENSOR_DS18B20_tb/line__79  File: C:/Users/Philipp/Documents/Scratch/Vivado/vivado-training/DS18B20/DS18B20.srcs/sim_1/new/SENSOR_DS18B20_tb.vhd
Error: Missing o_device_found signal
Time: 632 us  Iteration: 0  Process: /SENSOR_DS18B20_tb/line__79  File: C:/Users/Philipp/Documents/Scratch/Vivado/vivado-training/DS18B20/DS18B20.srcs/sim_1/new/SENSOR_DS18B20_tb.vhd
Error: Missing o_device_found signal
Time: 633 us  Iteration: 0  Process: /SENSOR_DS18B20_tb/line__79  File: C:/Users/Philipp/Documents/Scratch/Vivado/vivado-training/DS18B20/DS18B20.srcs/sim_1/new/SENSOR_DS18B20_tb.vhd
Error: Missing o_device_found signal
Time: 634 us  Iteration: 0  Process: /SENSOR_DS18B20_tb/line__79  File: C:/Users/Philipp/Documents/Scratch/Vivado/vivado-training/DS18B20/DS18B20.srcs/sim_1/new/SENSOR_DS18B20_tb.vhd
Error: Missing o_device_found signal
Time: 635 us  Iteration: 0  Process: /SENSOR_DS18B20_tb/line__79  File: C:/Users/Philipp/Documents/Scratch/Vivado/vivado-training/DS18B20/DS18B20.srcs/sim_1/new/SENSOR_DS18B20_tb.vhd
Error: Missing o_device_found signal
Time: 636 us  Iteration: 0  Process: /SENSOR_DS18B20_tb/line__79  File: C:/Users/Philipp/Documents/Scratch/Vivado/vivado-training/DS18B20/DS18B20.srcs/sim_1/new/SENSOR_DS18B20_tb.vhd
Error: Missing o_device_found signal
Time: 637 us  Iteration: 0  Process: /SENSOR_DS18B20_tb/line__79  File: C:/Users/Philipp/Documents/Scratch/Vivado/vivado-training/DS18B20/DS18B20.srcs/sim_1/new/SENSOR_DS18B20_tb.vhd
Error: Missing o_device_found signal
Time: 638 us  Iteration: 0  Process: /SENSOR_DS18B20_tb/line__79  File: C:/Users/Philipp/Documents/Scratch/Vivado/vivado-training/DS18B20/DS18B20.srcs/sim_1/new/SENSOR_DS18B20_tb.vhd
Error: Missing o_device_found signal
Time: 639 us  Iteration: 0  Process: /SENSOR_DS18B20_tb/line__79  File: C:/Users/Philipp/Documents/Scratch/Vivado/vivado-training/DS18B20/DS18B20.srcs/sim_1/new/SENSOR_DS18B20_tb.vhd
Error: Missing o_device_found signal
Time: 640 us  Iteration: 0  Process: /SENSOR_DS18B20_tb/line__79  File: C:/Users/Philipp/Documents/Scratch/Vivado/vivado-training/DS18B20/DS18B20.srcs/sim_1/new/SENSOR_DS18B20_tb.vhd
Error: Missing o_device_found signal
Time: 641 us  Iteration: 0  Process: /SENSOR_DS18B20_tb/line__79  File: C:/Users/Philipp/Documents/Scratch/Vivado/vivado-training/DS18B20/DS18B20.srcs/sim_1/new/SENSOR_DS18B20_tb.vhd
Error: Missing o_device_found signal
Time: 642 us  Iteration: 0  Process: /SENSOR_DS18B20_tb/line__79  File: C:/Users/Philipp/Documents/Scratch/Vivado/vivado-training/DS18B20/DS18B20.srcs/sim_1/new/SENSOR_DS18B20_tb.vhd
Error: Missing o_device_found signal
Time: 643 us  Iteration: 0  Process: /SENSOR_DS18B20_tb/line__79  File: C:/Users/Philipp/Documents/Scratch/Vivado/vivado-training/DS18B20/DS18B20.srcs/sim_1/new/SENSOR_DS18B20_tb.vhd
Error: Missing o_device_found signal
Time: 644 us  Iteration: 0  Process: /SENSOR_DS18B20_tb/line__79  File: C:/Users/Philipp/Documents/Scratch/Vivado/vivado-training/DS18B20/DS18B20.srcs/sim_1/new/SENSOR_DS18B20_tb.vhd
Error: Missing o_device_found signal
Time: 645 us  Iteration: 0  Process: /SENSOR_DS18B20_tb/line__79  File: C:/Users/Philipp/Documents/Scratch/Vivado/vivado-training/DS18B20/DS18B20.srcs/sim_1/new/SENSOR_DS18B20_tb.vhd
Error: Missing o_device_found signal
Time: 646 us  Iteration: 0  Process: /SENSOR_DS18B20_tb/line__79  File: C:/Users/Philipp/Documents/Scratch/Vivado/vivado-training/DS18B20/DS18B20.srcs/sim_1/new/SENSOR_DS18B20_tb.vhd
Error: Missing o_device_found signal
Time: 647 us  Iteration: 0  Process: /SENSOR_DS18B20_tb/line__79  File: C:/Users/Philipp/Documents/Scratch/Vivado/vivado-training/DS18B20/DS18B20.srcs/sim_1/new/SENSOR_DS18B20_tb.vhd
Error: Missing o_device_found signal
Time: 648 us  Iteration: 0  Process: /SENSOR_DS18B20_tb/line__79  File: C:/Users/Philipp/Documents/Scratch/Vivado/vivado-training/DS18B20/DS18B20.srcs/sim_1/new/SENSOR_DS18B20_tb.vhd
Error: Missing o_device_found signal
Time: 649 us  Iteration: 0  Process: /SENSOR_DS18B20_tb/line__79  File: C:/Users/Philipp/Documents/Scratch/Vivado/vivado-training/DS18B20/DS18B20.srcs/sim_1/new/SENSOR_DS18B20_tb.vhd
Error: Missing o_device_found signal
Time: 650 us  Iteration: 0  Process: /SENSOR_DS18B20_tb/line__79  File: C:/Users/Philipp/Documents/Scratch/Vivado/vivado-training/DS18B20/DS18B20.srcs/sim_1/new/SENSOR_DS18B20_tb.vhd
Error: Missing o_device_found signal
Time: 651 us  Iteration: 0  Process: /SENSOR_DS18B20_tb/line__79  File: C:/Users/Philipp/Documents/Scratch/Vivado/vivado-training/DS18B20/DS18B20.srcs/sim_1/new/SENSOR_DS18B20_tb.vhd
Error: Missing o_device_found signal
Time: 652 us  Iteration: 0  Process: /SENSOR_DS18B20_tb/line__79  File: C:/Users/Philipp/Documents/Scratch/Vivado/vivado-training/DS18B20/DS18B20.srcs/sim_1/new/SENSOR_DS18B20_tb.vhd
Error: Missing o_device_found signal
Time: 653 us  Iteration: 0  Process: /SENSOR_DS18B20_tb/line__79  File: C:/Users/Philipp/Documents/Scratch/Vivado/vivado-training/DS18B20/DS18B20.srcs/sim_1/new/SENSOR_DS18B20_tb.vhd
Error: Missing o_device_found signal
Time: 654 us  Iteration: 0  Process: /SENSOR_DS18B20_tb/line__79  File: C:/Users/Philipp/Documents/Scratch/Vivado/vivado-training/DS18B20/DS18B20.srcs/sim_1/new/SENSOR_DS18B20_tb.vhd
Error: Missing o_device_found signal
Time: 655 us  Iteration: 0  Process: /SENSOR_DS18B20_tb/line__79  File: C:/Users/Philipp/Documents/Scratch/Vivado/vivado-training/DS18B20/DS18B20.srcs/sim_1/new/SENSOR_DS18B20_tb.vhd
Error: Missing o_device_found signal
Time: 656 us  Iteration: 0  Process: /SENSOR_DS18B20_tb/line__79  File: C:/Users/Philipp/Documents/Scratch/Vivado/vivado-training/DS18B20/DS18B20.srcs/sim_1/new/SENSOR_DS18B20_tb.vhd
Error: Missing o_device_found signal
Time: 657 us  Iteration: 0  Process: /SENSOR_DS18B20_tb/line__79  File: C:/Users/Philipp/Documents/Scratch/Vivado/vivado-training/DS18B20/DS18B20.srcs/sim_1/new/SENSOR_DS18B20_tb.vhd
Error: Missing o_device_found signal
Time: 658 us  Iteration: 0  Process: /SENSOR_DS18B20_tb/line__79  File: C:/Users/Philipp/Documents/Scratch/Vivado/vivado-training/DS18B20/DS18B20.srcs/sim_1/new/SENSOR_DS18B20_tb.vhd
Error: Missing o_device_found signal
Time: 659 us  Iteration: 0  Process: /SENSOR_DS18B20_tb/line__79  File: C:/Users/Philipp/Documents/Scratch/Vivado/vivado-training/DS18B20/DS18B20.srcs/sim_1/new/SENSOR_DS18B20_tb.vhd
Error: Missing o_device_found signal
Time: 660 us  Iteration: 0  Process: /SENSOR_DS18B20_tb/line__79  File: C:/Users/Philipp/Documents/Scratch/Vivado/vivado-training/DS18B20/DS18B20.srcs/sim_1/new/SENSOR_DS18B20_tb.vhd
Error: Missing o_device_found signal
Time: 661 us  Iteration: 0  Process: /SENSOR_DS18B20_tb/line__79  File: C:/Users/Philipp/Documents/Scratch/Vivado/vivado-training/DS18B20/DS18B20.srcs/sim_1/new/SENSOR_DS18B20_tb.vhd
Error: Missing o_device_found signal
Time: 662 us  Iteration: 0  Process: /SENSOR_DS18B20_tb/line__79  File: C:/Users/Philipp/Documents/Scratch/Vivado/vivado-training/DS18B20/DS18B20.srcs/sim_1/new/SENSOR_DS18B20_tb.vhd
Error: Missing o_device_found signal
Time: 663 us  Iteration: 0  Process: /SENSOR_DS18B20_tb/line__79  File: C:/Users/Philipp/Documents/Scratch/Vivado/vivado-training/DS18B20/DS18B20.srcs/sim_1/new/SENSOR_DS18B20_tb.vhd
Error: Missing o_device_found signal
Time: 664 us  Iteration: 0  Process: /SENSOR_DS18B20_tb/line__79  File: C:/Users/Philipp/Documents/Scratch/Vivado/vivado-training/DS18B20/DS18B20.srcs/sim_1/new/SENSOR_DS18B20_tb.vhd
Error: Missing o_device_found signal
Time: 665 us  Iteration: 0  Process: /SENSOR_DS18B20_tb/line__79  File: C:/Users/Philipp/Documents/Scratch/Vivado/vivado-training/DS18B20/DS18B20.srcs/sim_1/new/SENSOR_DS18B20_tb.vhd
Error: Missing o_device_found signal
Time: 666 us  Iteration: 0  Process: /SENSOR_DS18B20_tb/line__79  File: C:/Users/Philipp/Documents/Scratch/Vivado/vivado-training/DS18B20/DS18B20.srcs/sim_1/new/SENSOR_DS18B20_tb.vhd
Error: Missing o_device_found signal
Time: 667 us  Iteration: 0  Process: /SENSOR_DS18B20_tb/line__79  File: C:/Users/Philipp/Documents/Scratch/Vivado/vivado-training/DS18B20/DS18B20.srcs/sim_1/new/SENSOR_DS18B20_tb.vhd
Error: Missing o_device_found signal
Time: 668 us  Iteration: 0  Process: /SENSOR_DS18B20_tb/line__79  File: C:/Users/Philipp/Documents/Scratch/Vivado/vivado-training/DS18B20/DS18B20.srcs/sim_1/new/SENSOR_DS18B20_tb.vhd
Error: Missing o_device_found signal
Time: 669 us  Iteration: 0  Process: /SENSOR_DS18B20_tb/line__79  File: C:/Users/Philipp/Documents/Scratch/Vivado/vivado-training/DS18B20/DS18B20.srcs/sim_1/new/SENSOR_DS18B20_tb.vhd
Error: Missing o_device_found signal
Time: 670 us  Iteration: 0  Process: /SENSOR_DS18B20_tb/line__79  File: C:/Users/Philipp/Documents/Scratch/Vivado/vivado-training/DS18B20/DS18B20.srcs/sim_1/new/SENSOR_DS18B20_tb.vhd
Error: Missing o_device_found signal
Time: 671 us  Iteration: 0  Process: /SENSOR_DS18B20_tb/line__79  File: C:/Users/Philipp/Documents/Scratch/Vivado/vivado-training/DS18B20/DS18B20.srcs/sim_1/new/SENSOR_DS18B20_tb.vhd
Error: Missing o_device_found signal
Time: 672 us  Iteration: 0  Process: /SENSOR_DS18B20_tb/line__79  File: C:/Users/Philipp/Documents/Scratch/Vivado/vivado-training/DS18B20/DS18B20.srcs/sim_1/new/SENSOR_DS18B20_tb.vhd
Error: Missing o_device_found signal
Time: 673 us  Iteration: 0  Process: /SENSOR_DS18B20_tb/line__79  File: C:/Users/Philipp/Documents/Scratch/Vivado/vivado-training/DS18B20/DS18B20.srcs/sim_1/new/SENSOR_DS18B20_tb.vhd
Error: Missing o_device_found signal
Time: 674 us  Iteration: 0  Process: /SENSOR_DS18B20_tb/line__79  File: C:/Users/Philipp/Documents/Scratch/Vivado/vivado-training/DS18B20/DS18B20.srcs/sim_1/new/SENSOR_DS18B20_tb.vhd
Error: Missing o_device_found signal
Time: 675 us  Iteration: 0  Process: /SENSOR_DS18B20_tb/line__79  File: C:/Users/Philipp/Documents/Scratch/Vivado/vivado-training/DS18B20/DS18B20.srcs/sim_1/new/SENSOR_DS18B20_tb.vhd
Error: Missing o_device_found signal
Time: 676 us  Iteration: 0  Process: /SENSOR_DS18B20_tb/line__79  File: C:/Users/Philipp/Documents/Scratch/Vivado/vivado-training/DS18B20/DS18B20.srcs/sim_1/new/SENSOR_DS18B20_tb.vhd
Error: Missing o_device_found signal
Time: 677 us  Iteration: 0  Process: /SENSOR_DS18B20_tb/line__79  File: C:/Users/Philipp/Documents/Scratch/Vivado/vivado-training/DS18B20/DS18B20.srcs/sim_1/new/SENSOR_DS18B20_tb.vhd
Error: Missing o_device_found signal
Time: 678 us  Iteration: 0  Process: /SENSOR_DS18B20_tb/line__79  File: C:/Users/Philipp/Documents/Scratch/Vivado/vivado-training/DS18B20/DS18B20.srcs/sim_1/new/SENSOR_DS18B20_tb.vhd
Error: Missing o_device_found signal
Time: 679 us  Iteration: 0  Process: /SENSOR_DS18B20_tb/line__79  File: C:/Users/Philipp/Documents/Scratch/Vivado/vivado-training/DS18B20/DS18B20.srcs/sim_1/new/SENSOR_DS18B20_tb.vhd
Error: Missing o_device_found signal
Time: 680 us  Iteration: 0  Process: /SENSOR_DS18B20_tb/line__79  File: C:/Users/Philipp/Documents/Scratch/Vivado/vivado-training/DS18B20/DS18B20.srcs/sim_1/new/SENSOR_DS18B20_tb.vhd
Error: Missing o_device_found signal
Time: 681 us  Iteration: 0  Process: /SENSOR_DS18B20_tb/line__79  File: C:/Users/Philipp/Documents/Scratch/Vivado/vivado-training/DS18B20/DS18B20.srcs/sim_1/new/SENSOR_DS18B20_tb.vhd
Error: Missing o_device_found signal
Time: 682 us  Iteration: 0  Process: /SENSOR_DS18B20_tb/line__79  File: C:/Users/Philipp/Documents/Scratch/Vivado/vivado-training/DS18B20/DS18B20.srcs/sim_1/new/SENSOR_DS18B20_tb.vhd
Error: Missing o_device_found signal
Time: 683 us  Iteration: 0  Process: /SENSOR_DS18B20_tb/line__79  File: C:/Users/Philipp/Documents/Scratch/Vivado/vivado-training/DS18B20/DS18B20.srcs/sim_1/new/SENSOR_DS18B20_tb.vhd
Error: Missing o_device_found signal
Time: 684 us  Iteration: 0  Process: /SENSOR_DS18B20_tb/line__79  File: C:/Users/Philipp/Documents/Scratch/Vivado/vivado-training/DS18B20/DS18B20.srcs/sim_1/new/SENSOR_DS18B20_tb.vhd
Error: Missing o_device_found signal
Time: 685 us  Iteration: 0  Process: /SENSOR_DS18B20_tb/line__79  File: C:/Users/Philipp/Documents/Scratch/Vivado/vivado-training/DS18B20/DS18B20.srcs/sim_1/new/SENSOR_DS18B20_tb.vhd
Error: Missing o_device_found signal
Time: 686 us  Iteration: 0  Process: /SENSOR_DS18B20_tb/line__79  File: C:/Users/Philipp/Documents/Scratch/Vivado/vivado-training/DS18B20/DS18B20.srcs/sim_1/new/SENSOR_DS18B20_tb.vhd
Error: Missing o_device_found signal
Time: 687 us  Iteration: 0  Process: /SENSOR_DS18B20_tb/line__79  File: C:/Users/Philipp/Documents/Scratch/Vivado/vivado-training/DS18B20/DS18B20.srcs/sim_1/new/SENSOR_DS18B20_tb.vhd
Error: Missing o_device_found signal
Time: 688 us  Iteration: 0  Process: /SENSOR_DS18B20_tb/line__79  File: C:/Users/Philipp/Documents/Scratch/Vivado/vivado-training/DS18B20/DS18B20.srcs/sim_1/new/SENSOR_DS18B20_tb.vhd
Error: Missing o_device_found signal
Time: 689 us  Iteration: 0  Process: /SENSOR_DS18B20_tb/line__79  File: C:/Users/Philipp/Documents/Scratch/Vivado/vivado-training/DS18B20/DS18B20.srcs/sim_1/new/SENSOR_DS18B20_tb.vhd
Error: Missing o_device_found signal
Time: 690 us  Iteration: 0  Process: /SENSOR_DS18B20_tb/line__79  File: C:/Users/Philipp/Documents/Scratch/Vivado/vivado-training/DS18B20/DS18B20.srcs/sim_1/new/SENSOR_DS18B20_tb.vhd
Error: Missing o_device_found signal
Time: 691 us  Iteration: 0  Process: /SENSOR_DS18B20_tb/line__79  File: C:/Users/Philipp/Documents/Scratch/Vivado/vivado-training/DS18B20/DS18B20.srcs/sim_1/new/SENSOR_DS18B20_tb.vhd
Error: Missing o_device_found signal
Time: 692 us  Iteration: 0  Process: /SENSOR_DS18B20_tb/line__79  File: C:/Users/Philipp/Documents/Scratch/Vivado/vivado-training/DS18B20/DS18B20.srcs/sim_1/new/SENSOR_DS18B20_tb.vhd
Error: Missing o_device_found signal
Time: 693 us  Iteration: 0  Process: /SENSOR_DS18B20_tb/line__79  File: C:/Users/Philipp/Documents/Scratch/Vivado/vivado-training/DS18B20/DS18B20.srcs/sim_1/new/SENSOR_DS18B20_tb.vhd
Error: Missing o_device_found signal
Time: 694 us  Iteration: 0  Process: /SENSOR_DS18B20_tb/line__79  File: C:/Users/Philipp/Documents/Scratch/Vivado/vivado-training/DS18B20/DS18B20.srcs/sim_1/new/SENSOR_DS18B20_tb.vhd
Error: Missing o_device_found signal
Time: 695 us  Iteration: 0  Process: /SENSOR_DS18B20_tb/line__79  File: C:/Users/Philipp/Documents/Scratch/Vivado/vivado-training/DS18B20/DS18B20.srcs/sim_1/new/SENSOR_DS18B20_tb.vhd
Error: Missing o_device_found signal
Time: 696 us  Iteration: 0  Process: /SENSOR_DS18B20_tb/line__79  File: C:/Users/Philipp/Documents/Scratch/Vivado/vivado-training/DS18B20/DS18B20.srcs/sim_1/new/SENSOR_DS18B20_tb.vhd
Error: Missing o_device_found signal
Time: 697 us  Iteration: 0  Process: /SENSOR_DS18B20_tb/line__79  File: C:/Users/Philipp/Documents/Scratch/Vivado/vivado-training/DS18B20/DS18B20.srcs/sim_1/new/SENSOR_DS18B20_tb.vhd
Error: Missing o_device_found signal
Time: 698 us  Iteration: 0  Process: /SENSOR_DS18B20_tb/line__79  File: C:/Users/Philipp/Documents/Scratch/Vivado/vivado-training/DS18B20/DS18B20.srcs/sim_1/new/SENSOR_DS18B20_tb.vhd
Error: Missing o_device_found signal
Time: 699 us  Iteration: 0  Process: /SENSOR_DS18B20_tb/line__79  File: C:/Users/Philipp/Documents/Scratch/Vivado/vivado-training/DS18B20/DS18B20.srcs/sim_1/new/SENSOR_DS18B20_tb.vhd
Error: Missing o_device_found signal
Time: 700 us  Iteration: 0  Process: /SENSOR_DS18B20_tb/line__79  File: C:/Users/Philipp/Documents/Scratch/Vivado/vivado-training/DS18B20/DS18B20.srcs/sim_1/new/SENSOR_DS18B20_tb.vhd
Error: Missing o_device_found signal
Time: 701 us  Iteration: 0  Process: /SENSOR_DS18B20_tb/line__79  File: C:/Users/Philipp/Documents/Scratch/Vivado/vivado-training/DS18B20/DS18B20.srcs/sim_1/new/SENSOR_DS18B20_tb.vhd
Error: Missing o_device_found signal
Time: 702 us  Iteration: 0  Process: /SENSOR_DS18B20_tb/line__79  File: C:/Users/Philipp/Documents/Scratch/Vivado/vivado-training/DS18B20/DS18B20.srcs/sim_1/new/SENSOR_DS18B20_tb.vhd
Error: Missing o_device_found signal
Time: 703 us  Iteration: 0  Process: /SENSOR_DS18B20_tb/line__79  File: C:/Users/Philipp/Documents/Scratch/Vivado/vivado-training/DS18B20/DS18B20.srcs/sim_1/new/SENSOR_DS18B20_tb.vhd
Error: Missing o_device_found signal
Time: 704 us  Iteration: 0  Process: /SENSOR_DS18B20_tb/line__79  File: C:/Users/Philipp/Documents/Scratch/Vivado/vivado-training/DS18B20/DS18B20.srcs/sim_1/new/SENSOR_DS18B20_tb.vhd
Error: Missing o_device_found signal
Time: 705 us  Iteration: 0  Process: /SENSOR_DS18B20_tb/line__79  File: C:/Users/Philipp/Documents/Scratch/Vivado/vivado-training/DS18B20/DS18B20.srcs/sim_1/new/SENSOR_DS18B20_tb.vhd
Error: Missing o_device_found signal
Time: 706 us  Iteration: 0  Process: /SENSOR_DS18B20_tb/line__79  File: C:/Users/Philipp/Documents/Scratch/Vivado/vivado-training/DS18B20/DS18B20.srcs/sim_1/new/SENSOR_DS18B20_tb.vhd
Error: Missing o_device_found signal
Time: 707 us  Iteration: 0  Process: /SENSOR_DS18B20_tb/line__79  File: C:/Users/Philipp/Documents/Scratch/Vivado/vivado-training/DS18B20/DS18B20.srcs/sim_1/new/SENSOR_DS18B20_tb.vhd
Error: Missing o_device_found signal
Time: 708 us  Iteration: 0  Process: /SENSOR_DS18B20_tb/line__79  File: C:/Users/Philipp/Documents/Scratch/Vivado/vivado-training/DS18B20/DS18B20.srcs/sim_1/new/SENSOR_DS18B20_tb.vhd
Error: Missing o_device_found signal
Time: 709 us  Iteration: 0  Process: /SENSOR_DS18B20_tb/line__79  File: C:/Users/Philipp/Documents/Scratch/Vivado/vivado-training/DS18B20/DS18B20.srcs/sim_1/new/SENSOR_DS18B20_tb.vhd
Error: Missing o_device_found signal
Time: 710 us  Iteration: 0  Process: /SENSOR_DS18B20_tb/line__79  File: C:/Users/Philipp/Documents/Scratch/Vivado/vivado-training/DS18B20/DS18B20.srcs/sim_1/new/SENSOR_DS18B20_tb.vhd
Error: Missing o_device_found signal
Time: 711 us  Iteration: 0  Process: /SENSOR_DS18B20_tb/line__79  File: C:/Users/Philipp/Documents/Scratch/Vivado/vivado-training/DS18B20/DS18B20.srcs/sim_1/new/SENSOR_DS18B20_tb.vhd
Error: Missing o_device_found signal
Time: 712 us  Iteration: 0  Process: /SENSOR_DS18B20_tb/line__79  File: C:/Users/Philipp/Documents/Scratch/Vivado/vivado-training/DS18B20/DS18B20.srcs/sim_1/new/SENSOR_DS18B20_tb.vhd
Error: Missing o_device_found signal
Time: 713 us  Iteration: 0  Process: /SENSOR_DS18B20_tb/line__79  File: C:/Users/Philipp/Documents/Scratch/Vivado/vivado-training/DS18B20/DS18B20.srcs/sim_1/new/SENSOR_DS18B20_tb.vhd
Error: Missing o_device_found signal
Time: 714 us  Iteration: 0  Process: /SENSOR_DS18B20_tb/line__79  File: C:/Users/Philipp/Documents/Scratch/Vivado/vivado-training/DS18B20/DS18B20.srcs/sim_1/new/SENSOR_DS18B20_tb.vhd
Error: Missing o_device_found signal
Time: 715 us  Iteration: 0  Process: /SENSOR_DS18B20_tb/line__79  File: C:/Users/Philipp/Documents/Scratch/Vivado/vivado-training/DS18B20/DS18B20.srcs/sim_1/new/SENSOR_DS18B20_tb.vhd
Error: Missing o_device_found signal
Time: 716 us  Iteration: 0  Process: /SENSOR_DS18B20_tb/line__79  File: C:/Users/Philipp/Documents/Scratch/Vivado/vivado-training/DS18B20/DS18B20.srcs/sim_1/new/SENSOR_DS18B20_tb.vhd
Error: Missing o_device_found signal
Time: 717 us  Iteration: 0  Process: /SENSOR_DS18B20_tb/line__79  File: C:/Users/Philipp/Documents/Scratch/Vivado/vivado-training/DS18B20/DS18B20.srcs/sim_1/new/SENSOR_DS18B20_tb.vhd
Error: Missing o_device_found signal
Time: 718 us  Iteration: 0  Process: /SENSOR_DS18B20_tb/line__79  File: C:/Users/Philipp/Documents/Scratch/Vivado/vivado-training/DS18B20/DS18B20.srcs/sim_1/new/SENSOR_DS18B20_tb.vhd
Error: Missing o_device_found signal
Time: 719 us  Iteration: 0  Process: /SENSOR_DS18B20_tb/line__79  File: C:/Users/Philipp/Documents/Scratch/Vivado/vivado-training/DS18B20/DS18B20.srcs/sim_1/new/SENSOR_DS18B20_tb.vhd
Error: Missing o_device_found signal
Time: 720 us  Iteration: 0  Process: /SENSOR_DS18B20_tb/line__79  File: C:/Users/Philipp/Documents/Scratch/Vivado/vivado-training/DS18B20/DS18B20.srcs/sim_1/new/SENSOR_DS18B20_tb.vhd
Error: Missing o_device_found signal
Time: 721 us  Iteration: 0  Process: /SENSOR_DS18B20_tb/line__79  File: C:/Users/Philipp/Documents/Scratch/Vivado/vivado-training/DS18B20/DS18B20.srcs/sim_1/new/SENSOR_DS18B20_tb.vhd
Error: Missing o_device_found signal
Time: 722 us  Iteration: 0  Process: /SENSOR_DS18B20_tb/line__79  File: C:/Users/Philipp/Documents/Scratch/Vivado/vivado-training/DS18B20/DS18B20.srcs/sim_1/new/SENSOR_DS18B20_tb.vhd
Error: Missing o_device_found signal
Time: 723 us  Iteration: 0  Process: /SENSOR_DS18B20_tb/line__79  File: C:/Users/Philipp/Documents/Scratch/Vivado/vivado-training/DS18B20/DS18B20.srcs/sim_1/new/SENSOR_DS18B20_tb.vhd
Error: Missing o_device_found signal
Time: 724 us  Iteration: 0  Process: /SENSOR_DS18B20_tb/line__79  File: C:/Users/Philipp/Documents/Scratch/Vivado/vivado-training/DS18B20/DS18B20.srcs/sim_1/new/SENSOR_DS18B20_tb.vhd
Error: Missing o_device_found signal
Time: 725 us  Iteration: 0  Process: /SENSOR_DS18B20_tb/line__79  File: C:/Users/Philipp/Documents/Scratch/Vivado/vivado-training/DS18B20/DS18B20.srcs/sim_1/new/SENSOR_DS18B20_tb.vhd
Error: Missing o_device_found signal
Time: 726 us  Iteration: 0  Process: /SENSOR_DS18B20_tb/line__79  File: C:/Users/Philipp/Documents/Scratch/Vivado/vivado-training/DS18B20/DS18B20.srcs/sim_1/new/SENSOR_DS18B20_tb.vhd
Error: Missing o_device_found signal
Time: 727 us  Iteration: 0  Process: /SENSOR_DS18B20_tb/line__79  File: C:/Users/Philipp/Documents/Scratch/Vivado/vivado-training/DS18B20/DS18B20.srcs/sim_1/new/SENSOR_DS18B20_tb.vhd
Error: Missing o_device_found signal
Time: 728 us  Iteration: 0  Process: /SENSOR_DS18B20_tb/line__79  File: C:/Users/Philipp/Documents/Scratch/Vivado/vivado-training/DS18B20/DS18B20.srcs/sim_1/new/SENSOR_DS18B20_tb.vhd
Error: Missing o_device_found signal
Time: 729 us  Iteration: 0  Process: /SENSOR_DS18B20_tb/line__79  File: C:/Users/Philipp/Documents/Scratch/Vivado/vivado-training/DS18B20/DS18B20.srcs/sim_1/new/SENSOR_DS18B20_tb.vhd
Error: Missing o_device_found signal
Time: 730 us  Iteration: 0  Process: /SENSOR_DS18B20_tb/line__79  File: C:/Users/Philipp/Documents/Scratch/Vivado/vivado-training/DS18B20/DS18B20.srcs/sim_1/new/SENSOR_DS18B20_tb.vhd
Error: Missing o_device_found signal
Time: 731 us  Iteration: 0  Process: /SENSOR_DS18B20_tb/line__79  File: C:/Users/Philipp/Documents/Scratch/Vivado/vivado-training/DS18B20/DS18B20.srcs/sim_1/new/SENSOR_DS18B20_tb.vhd
Error: Missing o_device_found signal
Time: 732 us  Iteration: 0  Process: /SENSOR_DS18B20_tb/line__79  File: C:/Users/Philipp/Documents/Scratch/Vivado/vivado-training/DS18B20/DS18B20.srcs/sim_1/new/SENSOR_DS18B20_tb.vhd
Error: Missing o_device_found signal
Time: 733 us  Iteration: 0  Process: /SENSOR_DS18B20_tb/line__79  File: C:/Users/Philipp/Documents/Scratch/Vivado/vivado-training/DS18B20/DS18B20.srcs/sim_1/new/SENSOR_DS18B20_tb.vhd
Error: Missing o_device_found signal
Time: 734 us  Iteration: 0  Process: /SENSOR_DS18B20_tb/line__79  File: C:/Users/Philipp/Documents/Scratch/Vivado/vivado-training/DS18B20/DS18B20.srcs/sim_1/new/SENSOR_DS18B20_tb.vhd
Error: Missing o_device_found signal
Time: 735 us  Iteration: 0  Process: /SENSOR_DS18B20_tb/line__79  File: C:/Users/Philipp/Documents/Scratch/Vivado/vivado-training/DS18B20/DS18B20.srcs/sim_1/new/SENSOR_DS18B20_tb.vhd
Error: Missing o_device_found signal
Time: 736 us  Iteration: 0  Process: /SENSOR_DS18B20_tb/line__79  File: C:/Users/Philipp/Documents/Scratch/Vivado/vivado-training/DS18B20/DS18B20.srcs/sim_1/new/SENSOR_DS18B20_tb.vhd
Error: Missing o_device_found signal
Time: 737 us  Iteration: 0  Process: /SENSOR_DS18B20_tb/line__79  File: C:/Users/Philipp/Documents/Scratch/Vivado/vivado-training/DS18B20/DS18B20.srcs/sim_1/new/SENSOR_DS18B20_tb.vhd
Error: Missing o_device_found signal
Time: 738 us  Iteration: 0  Process: /SENSOR_DS18B20_tb/line__79  File: C:/Users/Philipp/Documents/Scratch/Vivado/vivado-training/DS18B20/DS18B20.srcs/sim_1/new/SENSOR_DS18B20_tb.vhd
Error: Missing o_device_found signal
Time: 739 us  Iteration: 0  Process: /SENSOR_DS18B20_tb/line__79  File: C:/Users/Philipp/Documents/Scratch/Vivado/vivado-training/DS18B20/DS18B20.srcs/sim_1/new/SENSOR_DS18B20_tb.vhd
Error: Missing o_device_found signal
Time: 740 us  Iteration: 0  Process: /SENSOR_DS18B20_tb/line__79  File: C:/Users/Philipp/Documents/Scratch/Vivado/vivado-training/DS18B20/DS18B20.srcs/sim_1/new/SENSOR_DS18B20_tb.vhd
Error: Missing o_device_found signal
Time: 741 us  Iteration: 0  Process: /SENSOR_DS18B20_tb/line__79  File: C:/Users/Philipp/Documents/Scratch/Vivado/vivado-training/DS18B20/DS18B20.srcs/sim_1/new/SENSOR_DS18B20_tb.vhd
Error: Missing o_device_found signal
Time: 742 us  Iteration: 0  Process: /SENSOR_DS18B20_tb/line__79  File: C:/Users/Philipp/Documents/Scratch/Vivado/vivado-training/DS18B20/DS18B20.srcs/sim_1/new/SENSOR_DS18B20_tb.vhd
Error: Missing o_device_found signal
Time: 743 us  Iteration: 0  Process: /SENSOR_DS18B20_tb/line__79  File: C:/Users/Philipp/Documents/Scratch/Vivado/vivado-training/DS18B20/DS18B20.srcs/sim_1/new/SENSOR_DS18B20_tb.vhd
Error: Missing o_device_found signal
Time: 744 us  Iteration: 0  Process: /SENSOR_DS18B20_tb/line__79  File: C:/Users/Philipp/Documents/Scratch/Vivado/vivado-training/DS18B20/DS18B20.srcs/sim_1/new/SENSOR_DS18B20_tb.vhd
Error: Missing o_device_found signal
Time: 745 us  Iteration: 0  Process: /SENSOR_DS18B20_tb/line__79  File: C:/Users/Philipp/Documents/Scratch/Vivado/vivado-training/DS18B20/DS18B20.srcs/sim_1/new/SENSOR_DS18B20_tb.vhd
Error: Missing o_device_found signal
Time: 746 us  Iteration: 0  Process: /SENSOR_DS18B20_tb/line__79  File: C:/Users/Philipp/Documents/Scratch/Vivado/vivado-training/DS18B20/DS18B20.srcs/sim_1/new/SENSOR_DS18B20_tb.vhd
Error: Missing o_device_found signal
Time: 747 us  Iteration: 0  Process: /SENSOR_DS18B20_tb/line__79  File: C:/Users/Philipp/Documents/Scratch/Vivado/vivado-training/DS18B20/DS18B20.srcs/sim_1/new/SENSOR_DS18B20_tb.vhd
Error: Missing o_device_found signal
Time: 748 us  Iteration: 0  Process: /SENSOR_DS18B20_tb/line__79  File: C:/Users/Philipp/Documents/Scratch/Vivado/vivado-training/DS18B20/DS18B20.srcs/sim_1/new/SENSOR_DS18B20_tb.vhd
Error: Missing o_device_found signal
Time: 749 us  Iteration: 0  Process: /SENSOR_DS18B20_tb/line__79  File: C:/Users/Philipp/Documents/Scratch/Vivado/vivado-training/DS18B20/DS18B20.srcs/sim_1/new/SENSOR_DS18B20_tb.vhd
Error: Missing o_device_found signal
Time: 750 us  Iteration: 0  Process: /SENSOR_DS18B20_tb/line__79  File: C:/Users/Philipp/Documents/Scratch/Vivado/vivado-training/DS18B20/DS18B20.srcs/sim_1/new/SENSOR_DS18B20_tb.vhd
Error: Missing o_device_found signal
Time: 751 us  Iteration: 0  Process: /SENSOR_DS18B20_tb/line__79  File: C:/Users/Philipp/Documents/Scratch/Vivado/vivado-training/DS18B20/DS18B20.srcs/sim_1/new/SENSOR_DS18B20_tb.vhd
Error: Missing o_device_found signal
Time: 752 us  Iteration: 0  Process: /SENSOR_DS18B20_tb/line__79  File: C:/Users/Philipp/Documents/Scratch/Vivado/vivado-training/DS18B20/DS18B20.srcs/sim_1/new/SENSOR_DS18B20_tb.vhd
Error: Missing o_device_found signal
Time: 753 us  Iteration: 0  Process: /SENSOR_DS18B20_tb/line__79  File: C:/Users/Philipp/Documents/Scratch/Vivado/vivado-training/DS18B20/DS18B20.srcs/sim_1/new/SENSOR_DS18B20_tb.vhd
Error: Missing o_device_found signal
Time: 754 us  Iteration: 0  Process: /SENSOR_DS18B20_tb/line__79  File: C:/Users/Philipp/Documents/Scratch/Vivado/vivado-training/DS18B20/DS18B20.srcs/sim_1/new/SENSOR_DS18B20_tb.vhd
Error: Missing o_device_found signal
Time: 755 us  Iteration: 0  Process: /SENSOR_DS18B20_tb/line__79  File: C:/Users/Philipp/Documents/Scratch/Vivado/vivado-training/DS18B20/DS18B20.srcs/sim_1/new/SENSOR_DS18B20_tb.vhd
Error: Missing o_device_found signal
Time: 756 us  Iteration: 0  Process: /SENSOR_DS18B20_tb/line__79  File: C:/Users/Philipp/Documents/Scratch/Vivado/vivado-training/DS18B20/DS18B20.srcs/sim_1/new/SENSOR_DS18B20_tb.vhd
Error: Missing o_device_found signal
Time: 757 us  Iteration: 0  Process: /SENSOR_DS18B20_tb/line__79  File: C:/Users/Philipp/Documents/Scratch/Vivado/vivado-training/DS18B20/DS18B20.srcs/sim_1/new/SENSOR_DS18B20_tb.vhd
Error: Missing o_device_found signal
Time: 758 us  Iteration: 0  Process: /SENSOR_DS18B20_tb/line__79  File: C:/Users/Philipp/Documents/Scratch/Vivado/vivado-training/DS18B20/DS18B20.srcs/sim_1/new/SENSOR_DS18B20_tb.vhd
Error: Missing o_device_found signal
Time: 759 us  Iteration: 0  Process: /SENSOR_DS18B20_tb/line__79  File: C:/Users/Philipp/Documents/Scratch/Vivado/vivado-training/DS18B20/DS18B20.srcs/sim_1/new/SENSOR_DS18B20_tb.vhd
Error: Missing o_device_found signal
Time: 760 us  Iteration: 0  Process: /SENSOR_DS18B20_tb/line__79  File: C:/Users/Philipp/Documents/Scratch/Vivado/vivado-training/DS18B20/DS18B20.srcs/sim_1/new/SENSOR_DS18B20_tb.vhd
Error: Missing o_device_found signal
Time: 761 us  Iteration: 0  Process: /SENSOR_DS18B20_tb/line__79  File: C:/Users/Philipp/Documents/Scratch/Vivado/vivado-training/DS18B20/DS18B20.srcs/sim_1/new/SENSOR_DS18B20_tb.vhd
Error: Missing o_device_found signal
Time: 762 us  Iteration: 0  Process: /SENSOR_DS18B20_tb/line__79  File: C:/Users/Philipp/Documents/Scratch/Vivado/vivado-training/DS18B20/DS18B20.srcs/sim_1/new/SENSOR_DS18B20_tb.vhd
Error: Missing o_device_found signal
Time: 763 us  Iteration: 0  Process: /SENSOR_DS18B20_tb/line__79  File: C:/Users/Philipp/Documents/Scratch/Vivado/vivado-training/DS18B20/DS18B20.srcs/sim_1/new/SENSOR_DS18B20_tb.vhd
Error: Missing o_device_found signal
Time: 764 us  Iteration: 0  Process: /SENSOR_DS18B20_tb/line__79  File: C:/Users/Philipp/Documents/Scratch/Vivado/vivado-training/DS18B20/DS18B20.srcs/sim_1/new/SENSOR_DS18B20_tb.vhd
Error: Missing o_device_found signal
Time: 765 us  Iteration: 0  Process: /SENSOR_DS18B20_tb/line__79  File: C:/Users/Philipp/Documents/Scratch/Vivado/vivado-training/DS18B20/DS18B20.srcs/sim_1/new/SENSOR_DS18B20_tb.vhd
Error: Missing o_device_found signal
Time: 766 us  Iteration: 0  Process: /SENSOR_DS18B20_tb/line__79  File: C:/Users/Philipp/Documents/Scratch/Vivado/vivado-training/DS18B20/DS18B20.srcs/sim_1/new/SENSOR_DS18B20_tb.vhd
Error: Missing o_device_found signal
Time: 767 us  Iteration: 0  Process: /SENSOR_DS18B20_tb/line__79  File: C:/Users/Philipp/Documents/Scratch/Vivado/vivado-training/DS18B20/DS18B20.srcs/sim_1/new/SENSOR_DS18B20_tb.vhd
Error: Missing o_device_found signal
Time: 768 us  Iteration: 0  Process: /SENSOR_DS18B20_tb/line__79  File: C:/Users/Philipp/Documents/Scratch/Vivado/vivado-training/DS18B20/DS18B20.srcs/sim_1/new/SENSOR_DS18B20_tb.vhd
Error: Missing o_device_found signal
Time: 769 us  Iteration: 0  Process: /SENSOR_DS18B20_tb/line__79  File: C:/Users/Philipp/Documents/Scratch/Vivado/vivado-training/DS18B20/DS18B20.srcs/sim_1/new/SENSOR_DS18B20_tb.vhd
Error: Missing o_device_found signal
Time: 770 us  Iteration: 0  Process: /SENSOR_DS18B20_tb/line__79  File: C:/Users/Philipp/Documents/Scratch/Vivado/vivado-training/DS18B20/DS18B20.srcs/sim_1/new/SENSOR_DS18B20_tb.vhd
Error: Missing o_device_found signal
Time: 771 us  Iteration: 0  Process: /SENSOR_DS18B20_tb/line__79  File: C:/Users/Philipp/Documents/Scratch/Vivado/vivado-training/DS18B20/DS18B20.srcs/sim_1/new/SENSOR_DS18B20_tb.vhd
Error: Missing o_device_found signal
Time: 772 us  Iteration: 0  Process: /SENSOR_DS18B20_tb/line__79  File: C:/Users/Philipp/Documents/Scratch/Vivado/vivado-training/DS18B20/DS18B20.srcs/sim_1/new/SENSOR_DS18B20_tb.vhd
Error: Missing o_device_found signal
Time: 773 us  Iteration: 0  Process: /SENSOR_DS18B20_tb/line__79  File: C:/Users/Philipp/Documents/Scratch/Vivado/vivado-training/DS18B20/DS18B20.srcs/sim_1/new/SENSOR_DS18B20_tb.vhd
Error: Missing o_device_found signal
Time: 774 us  Iteration: 0  Process: /SENSOR_DS18B20_tb/line__79  File: C:/Users/Philipp/Documents/Scratch/Vivado/vivado-training/DS18B20/DS18B20.srcs/sim_1/new/SENSOR_DS18B20_tb.vhd
Error: Missing o_device_found signal
Time: 775 us  Iteration: 0  Process: /SENSOR_DS18B20_tb/line__79  File: C:/Users/Philipp/Documents/Scratch/Vivado/vivado-training/DS18B20/DS18B20.srcs/sim_1/new/SENSOR_DS18B20_tb.vhd
Error: Missing o_device_found signal
Time: 776 us  Iteration: 0  Process: /SENSOR_DS18B20_tb/line__79  File: C:/Users/Philipp/Documents/Scratch/Vivado/vivado-training/DS18B20/DS18B20.srcs/sim_1/new/SENSOR_DS18B20_tb.vhd
Error: Missing o_device_found signal
Time: 777 us  Iteration: 0  Process: /SENSOR_DS18B20_tb/line__79  File: C:/Users/Philipp/Documents/Scratch/Vivado/vivado-training/DS18B20/DS18B20.srcs/sim_1/new/SENSOR_DS18B20_tb.vhd
Error: Missing o_device_found signal
Time: 778 us  Iteration: 0  Process: /SENSOR_DS18B20_tb/line__79  File: C:/Users/Philipp/Documents/Scratch/Vivado/vivado-training/DS18B20/DS18B20.srcs/sim_1/new/SENSOR_DS18B20_tb.vhd
Error: Missing o_device_found signal
Time: 779 us  Iteration: 0  Process: /SENSOR_DS18B20_tb/line__79  File: C:/Users/Philipp/Documents/Scratch/Vivado/vivado-training/DS18B20/DS18B20.srcs/sim_1/new/SENSOR_DS18B20_tb.vhd
Error: Missing o_device_found signal
Time: 780 us  Iteration: 0  Process: /SENSOR_DS18B20_tb/line__79  File: C:/Users/Philipp/Documents/Scratch/Vivado/vivado-training/DS18B20/DS18B20.srcs/sim_1/new/SENSOR_DS18B20_tb.vhd
Error: Missing o_device_found signal
Time: 781 us  Iteration: 0  Process: /SENSOR_DS18B20_tb/line__79  File: C:/Users/Philipp/Documents/Scratch/Vivado/vivado-training/DS18B20/DS18B20.srcs/sim_1/new/SENSOR_DS18B20_tb.vhd
Error: Missing o_device_found signal
Time: 782 us  Iteration: 0  Process: /SENSOR_DS18B20_tb/line__79  File: C:/Users/Philipp/Documents/Scratch/Vivado/vivado-training/DS18B20/DS18B20.srcs/sim_1/new/SENSOR_DS18B20_tb.vhd
Error: Missing o_device_found signal
Time: 783 us  Iteration: 0  Process: /SENSOR_DS18B20_tb/line__79  File: C:/Users/Philipp/Documents/Scratch/Vivado/vivado-training/DS18B20/DS18B20.srcs/sim_1/new/SENSOR_DS18B20_tb.vhd
Error: Missing o_device_found signal
Time: 784 us  Iteration: 0  Process: /SENSOR_DS18B20_tb/line__79  File: C:/Users/Philipp/Documents/Scratch/Vivado/vivado-training/DS18B20/DS18B20.srcs/sim_1/new/SENSOR_DS18B20_tb.vhd
Error: Missing o_device_found signal
Time: 785 us  Iteration: 0  Process: /SENSOR_DS18B20_tb/line__79  File: C:/Users/Philipp/Documents/Scratch/Vivado/vivado-training/DS18B20/DS18B20.srcs/sim_1/new/SENSOR_DS18B20_tb.vhd
Error: Missing o_device_found signal
Time: 786 us  Iteration: 0  Process: /SENSOR_DS18B20_tb/line__79  File: C:/Users/Philipp/Documents/Scratch/Vivado/vivado-training/DS18B20/DS18B20.srcs/sim_1/new/SENSOR_DS18B20_tb.vhd
Error: Missing o_device_found signal
Time: 787 us  Iteration: 0  Process: /SENSOR_DS18B20_tb/line__79  File: C:/Users/Philipp/Documents/Scratch/Vivado/vivado-training/DS18B20/DS18B20.srcs/sim_1/new/SENSOR_DS18B20_tb.vhd
Error: Missing o_device_found signal
Time: 788 us  Iteration: 0  Process: /SENSOR_DS18B20_tb/line__79  File: C:/Users/Philipp/Documents/Scratch/Vivado/vivado-training/DS18B20/DS18B20.srcs/sim_1/new/SENSOR_DS18B20_tb.vhd
Error: Missing o_device_found signal
Time: 789 us  Iteration: 0  Process: /SENSOR_DS18B20_tb/line__79  File: C:/Users/Philipp/Documents/Scratch/Vivado/vivado-training/DS18B20/DS18B20.srcs/sim_1/new/SENSOR_DS18B20_tb.vhd
Error: Missing o_device_found signal
Time: 790 us  Iteration: 0  Process: /SENSOR_DS18B20_tb/line__79  File: C:/Users/Philipp/Documents/Scratch/Vivado/vivado-training/DS18B20/DS18B20.srcs/sim_1/new/SENSOR_DS18B20_tb.vhd
Error: Missing o_device_found signal
Time: 791 us  Iteration: 0  Process: /SENSOR_DS18B20_tb/line__79  File: C:/Users/Philipp/Documents/Scratch/Vivado/vivado-training/DS18B20/DS18B20.srcs/sim_1/new/SENSOR_DS18B20_tb.vhd
Error: Missing o_device_found signal
Time: 792 us  Iteration: 0  Process: /SENSOR_DS18B20_tb/line__79  File: C:/Users/Philipp/Documents/Scratch/Vivado/vivado-training/DS18B20/DS18B20.srcs/sim_1/new/SENSOR_DS18B20_tb.vhd
Error: Missing o_device_found signal
Time: 793 us  Iteration: 0  Process: /SENSOR_DS18B20_tb/line__79  File: C:/Users/Philipp/Documents/Scratch/Vivado/vivado-training/DS18B20/DS18B20.srcs/sim_1/new/SENSOR_DS18B20_tb.vhd
Error: Missing o_device_found signal
Time: 794 us  Iteration: 0  Process: /SENSOR_DS18B20_tb/line__79  File: C:/Users/Philipp/Documents/Scratch/Vivado/vivado-training/DS18B20/DS18B20.srcs/sim_1/new/SENSOR_DS18B20_tb.vhd
Error: Missing o_device_found signal
Time: 795 us  Iteration: 0  Process: /SENSOR_DS18B20_tb/line__79  File: C:/Users/Philipp/Documents/Scratch/Vivado/vivado-training/DS18B20/DS18B20.srcs/sim_1/new/SENSOR_DS18B20_tb.vhd
Error: Missing o_device_found signal
Time: 796 us  Iteration: 0  Process: /SENSOR_DS18B20_tb/line__79  File: C:/Users/Philipp/Documents/Scratch/Vivado/vivado-training/DS18B20/DS18B20.srcs/sim_1/new/SENSOR_DS18B20_tb.vhd
Error: Missing o_device_found signal
Time: 797 us  Iteration: 0  Process: /SENSOR_DS18B20_tb/line__79  File: C:/Users/Philipp/Documents/Scratch/Vivado/vivado-training/DS18B20/DS18B20.srcs/sim_1/new/SENSOR_DS18B20_tb.vhd
Error: Missing o_device_found signal
Time: 798 us  Iteration: 0  Process: /SENSOR_DS18B20_tb/line__79  File: C:/Users/Philipp/Documents/Scratch/Vivado/vivado-training/DS18B20/DS18B20.srcs/sim_1/new/SENSOR_DS18B20_tb.vhd
Error: Missing o_device_found signal
Time: 799 us  Iteration: 0  Process: /SENSOR_DS18B20_tb/line__79  File: C:/Users/Philipp/Documents/Scratch/Vivado/vivado-training/DS18B20/DS18B20.srcs/sim_1/new/SENSOR_DS18B20_tb.vhd
Error: Missing o_device_found signal
Time: 800 us  Iteration: 0  Process: /SENSOR_DS18B20_tb/line__79  File: C:/Users/Philipp/Documents/Scratch/Vivado/vivado-training/DS18B20/DS18B20.srcs/sim_1/new/SENSOR_DS18B20_tb.vhd
Error: Missing o_device_found signal
Time: 801 us  Iteration: 0  Process: /SENSOR_DS18B20_tb/line__79  File: C:/Users/Philipp/Documents/Scratch/Vivado/vivado-training/DS18B20/DS18B20.srcs/sim_1/new/SENSOR_DS18B20_tb.vhd
Error: Missing o_device_found signal
Time: 802 us  Iteration: 0  Process: /SENSOR_DS18B20_tb/line__79  File: C:/Users/Philipp/Documents/Scratch/Vivado/vivado-training/DS18B20/DS18B20.srcs/sim_1/new/SENSOR_DS18B20_tb.vhd
Error: Missing o_device_found signal
Time: 803 us  Iteration: 0  Process: /SENSOR_DS18B20_tb/line__79  File: C:/Users/Philipp/Documents/Scratch/Vivado/vivado-training/DS18B20/DS18B20.srcs/sim_1/new/SENSOR_DS18B20_tb.vhd
Error: Missing o_device_found signal
Time: 804 us  Iteration: 0  Process: /SENSOR_DS18B20_tb/line__79  File: C:/Users/Philipp/Documents/Scratch/Vivado/vivado-training/DS18B20/DS18B20.srcs/sim_1/new/SENSOR_DS18B20_tb.vhd
Error: Missing o_device_found signal
Time: 805 us  Iteration: 0  Process: /SENSOR_DS18B20_tb/line__79  File: C:/Users/Philipp/Documents/Scratch/Vivado/vivado-training/DS18B20/DS18B20.srcs/sim_1/new/SENSOR_DS18B20_tb.vhd
Error: Missing o_device_found signal
Time: 806 us  Iteration: 0  Process: /SENSOR_DS18B20_tb/line__79  File: C:/Users/Philipp/Documents/Scratch/Vivado/vivado-training/DS18B20/DS18B20.srcs/sim_1/new/SENSOR_DS18B20_tb.vhd
Error: Missing o_device_found signal
Time: 807 us  Iteration: 0  Process: /SENSOR_DS18B20_tb/line__79  File: C:/Users/Philipp/Documents/Scratch/Vivado/vivado-training/DS18B20/DS18B20.srcs/sim_1/new/SENSOR_DS18B20_tb.vhd
Error: Missing o_device_found signal
Time: 808 us  Iteration: 0  Process: /SENSOR_DS18B20_tb/line__79  File: C:/Users/Philipp/Documents/Scratch/Vivado/vivado-training/DS18B20/DS18B20.srcs/sim_1/new/SENSOR_DS18B20_tb.vhd
Error: Missing o_device_found signal
Time: 809 us  Iteration: 0  Process: /SENSOR_DS18B20_tb/line__79  File: C:/Users/Philipp/Documents/Scratch/Vivado/vivado-training/DS18B20/DS18B20.srcs/sim_1/new/SENSOR_DS18B20_tb.vhd
Error: Missing o_device_found signal
Time: 810 us  Iteration: 0  Process: /SENSOR_DS18B20_tb/line__79  File: C:/Users/Philipp/Documents/Scratch/Vivado/vivado-training/DS18B20/DS18B20.srcs/sim_1/new/SENSOR_DS18B20_tb.vhd
Error: Missing o_device_found signal
Time: 811 us  Iteration: 0  Process: /SENSOR_DS18B20_tb/line__79  File: C:/Users/Philipp/Documents/Scratch/Vivado/vivado-training/DS18B20/DS18B20.srcs/sim_1/new/SENSOR_DS18B20_tb.vhd
Error: Missing o_device_found signal
Time: 812 us  Iteration: 0  Process: /SENSOR_DS18B20_tb/line__79  File: C:/Users/Philipp/Documents/Scratch/Vivado/vivado-training/DS18B20/DS18B20.srcs/sim_1/new/SENSOR_DS18B20_tb.vhd
Error: Missing o_device_found signal
Time: 813 us  Iteration: 0  Process: /SENSOR_DS18B20_tb/line__79  File: C:/Users/Philipp/Documents/Scratch/Vivado/vivado-training/DS18B20/DS18B20.srcs/sim_1/new/SENSOR_DS18B20_tb.vhd
Error: Missing o_device_found signal
Time: 814 us  Iteration: 0  Process: /SENSOR_DS18B20_tb/line__79  File: C:/Users/Philipp/Documents/Scratch/Vivado/vivado-training/DS18B20/DS18B20.srcs/sim_1/new/SENSOR_DS18B20_tb.vhd
Error: Missing o_device_found signal
Time: 815 us  Iteration: 0  Process: /SENSOR_DS18B20_tb/line__79  File: C:/Users/Philipp/Documents/Scratch/Vivado/vivado-training/DS18B20/DS18B20.srcs/sim_1/new/SENSOR_DS18B20_tb.vhd
Error: Missing o_device_found signal
Time: 816 us  Iteration: 0  Process: /SENSOR_DS18B20_tb/line__79  File: C:/Users/Philipp/Documents/Scratch/Vivado/vivado-training/DS18B20/DS18B20.srcs/sim_1/new/SENSOR_DS18B20_tb.vhd
Error: Missing o_device_found signal
Time: 817 us  Iteration: 0  Process: /SENSOR_DS18B20_tb/line__79  File: C:/Users/Philipp/Documents/Scratch/Vivado/vivado-training/DS18B20/DS18B20.srcs/sim_1/new/SENSOR_DS18B20_tb.vhd
Error: Missing o_device_found signal
Time: 818 us  Iteration: 0  Process: /SENSOR_DS18B20_tb/line__79  File: C:/Users/Philipp/Documents/Scratch/Vivado/vivado-training/DS18B20/DS18B20.srcs/sim_1/new/SENSOR_DS18B20_tb.vhd
Error: Missing o_device_found signal
Time: 819 us  Iteration: 0  Process: /SENSOR_DS18B20_tb/line__79  File: C:/Users/Philipp/Documents/Scratch/Vivado/vivado-training/DS18B20/DS18B20.srcs/sim_1/new/SENSOR_DS18B20_tb.vhd
Error: Missing o_device_found signal
Time: 820 us  Iteration: 0  Process: /SENSOR_DS18B20_tb/line__79  File: C:/Users/Philipp/Documents/Scratch/Vivado/vivado-training/DS18B20/DS18B20.srcs/sim_1/new/SENSOR_DS18B20_tb.vhd
Error: Missing o_device_found signal
Time: 821 us  Iteration: 0  Process: /SENSOR_DS18B20_tb/line__79  File: C:/Users/Philipp/Documents/Scratch/Vivado/vivado-training/DS18B20/DS18B20.srcs/sim_1/new/SENSOR_DS18B20_tb.vhd
Error: Missing o_device_found signal
Time: 822 us  Iteration: 0  Process: /SENSOR_DS18B20_tb/line__79  File: C:/Users/Philipp/Documents/Scratch/Vivado/vivado-training/DS18B20/DS18B20.srcs/sim_1/new/SENSOR_DS18B20_tb.vhd
Error: Missing o_device_found signal
Time: 823 us  Iteration: 0  Process: /SENSOR_DS18B20_tb/line__79  File: C:/Users/Philipp/Documents/Scratch/Vivado/vivado-training/DS18B20/DS18B20.srcs/sim_1/new/SENSOR_DS18B20_tb.vhd
Error: Missing o_device_found signal
Time: 824 us  Iteration: 0  Process: /SENSOR_DS18B20_tb/line__79  File: C:/Users/Philipp/Documents/Scratch/Vivado/vivado-training/DS18B20/DS18B20.srcs/sim_1/new/SENSOR_DS18B20_tb.vhd
Error: Missing o_device_found signal
Time: 825 us  Iteration: 0  Process: /SENSOR_DS18B20_tb/line__79  File: C:/Users/Philipp/Documents/Scratch/Vivado/vivado-training/DS18B20/DS18B20.srcs/sim_1/new/SENSOR_DS18B20_tb.vhd
Error: Missing o_device_found signal
Time: 826 us  Iteration: 0  Process: /SENSOR_DS18B20_tb/line__79  File: C:/Users/Philipp/Documents/Scratch/Vivado/vivado-training/DS18B20/DS18B20.srcs/sim_1/new/SENSOR_DS18B20_tb.vhd
Error: Missing o_device_found signal
Time: 827 us  Iteration: 0  Process: /SENSOR_DS18B20_tb/line__79  File: C:/Users/Philipp/Documents/Scratch/Vivado/vivado-training/DS18B20/DS18B20.srcs/sim_1/new/SENSOR_DS18B20_tb.vhd
Error: Missing o_device_found signal
Time: 828 us  Iteration: 0  Process: /SENSOR_DS18B20_tb/line__79  File: C:/Users/Philipp/Documents/Scratch/Vivado/vivado-training/DS18B20/DS18B20.srcs/sim_1/new/SENSOR_DS18B20_tb.vhd
Error: Missing o_device_found signal
Time: 829 us  Iteration: 0  Process: /SENSOR_DS18B20_tb/line__79  File: C:/Users/Philipp/Documents/Scratch/Vivado/vivado-training/DS18B20/DS18B20.srcs/sim_1/new/SENSOR_DS18B20_tb.vhd
Error: Missing o_device_found signal
Time: 830 us  Iteration: 0  Process: /SENSOR_DS18B20_tb/line__79  File: C:/Users/Philipp/Documents/Scratch/Vivado/vivado-training/DS18B20/DS18B20.srcs/sim_1/new/SENSOR_DS18B20_tb.vhd
Error: Missing o_device_found signal
Time: 831 us  Iteration: 0  Process: /SENSOR_DS18B20_tb/line__79  File: C:/Users/Philipp/Documents/Scratch/Vivado/vivado-training/DS18B20/DS18B20.srcs/sim_1/new/SENSOR_DS18B20_tb.vhd
Error: Missing o_device_found signal
Time: 832 us  Iteration: 0  Process: /SENSOR_DS18B20_tb/line__79  File: C:/Users/Philipp/Documents/Scratch/Vivado/vivado-training/DS18B20/DS18B20.srcs/sim_1/new/SENSOR_DS18B20_tb.vhd
Error: Missing o_device_found signal
Time: 833 us  Iteration: 0  Process: /SENSOR_DS18B20_tb/line__79  File: C:/Users/Philipp/Documents/Scratch/Vivado/vivado-training/DS18B20/DS18B20.srcs/sim_1/new/SENSOR_DS18B20_tb.vhd
Error: Missing o_device_found signal
Time: 834 us  Iteration: 0  Process: /SENSOR_DS18B20_tb/line__79  File: C:/Users/Philipp/Documents/Scratch/Vivado/vivado-training/DS18B20/DS18B20.srcs/sim_1/new/SENSOR_DS18B20_tb.vhd
Error: Missing o_device_found signal
Time: 835 us  Iteration: 0  Process: /SENSOR_DS18B20_tb/line__79  File: C:/Users/Philipp/Documents/Scratch/Vivado/vivado-training/DS18B20/DS18B20.srcs/sim_1/new/SENSOR_DS18B20_tb.vhd
Error: Missing o_device_found signal
Time: 836 us  Iteration: 0  Process: /SENSOR_DS18B20_tb/line__79  File: C:/Users/Philipp/Documents/Scratch/Vivado/vivado-training/DS18B20/DS18B20.srcs/sim_1/new/SENSOR_DS18B20_tb.vhd
Error: Missing o_device_found signal
Time: 837 us  Iteration: 0  Process: /SENSOR_DS18B20_tb/line__79  File: C:/Users/Philipp/Documents/Scratch/Vivado/vivado-training/DS18B20/DS18B20.srcs/sim_1/new/SENSOR_DS18B20_tb.vhd
Error: Missing o_device_found signal
Time: 838 us  Iteration: 0  Process: /SENSOR_DS18B20_tb/line__79  File: C:/Users/Philipp/Documents/Scratch/Vivado/vivado-training/DS18B20/DS18B20.srcs/sim_1/new/SENSOR_DS18B20_tb.vhd
Error: Missing o_device_found signal
Time: 839 us  Iteration: 0  Process: /SENSOR_DS18B20_tb/line__79  File: C:/Users/Philipp/Documents/Scratch/Vivado/vivado-training/DS18B20/DS18B20.srcs/sim_1/new/SENSOR_DS18B20_tb.vhd
Error: Missing o_device_found signal
Time: 840 us  Iteration: 0  Process: /SENSOR_DS18B20_tb/line__79  File: C:/Users/Philipp/Documents/Scratch/Vivado/vivado-training/DS18B20/DS18B20.srcs/sim_1/new/SENSOR_DS18B20_tb.vhd
Error: Missing o_device_found signal
Time: 841 us  Iteration: 0  Process: /SENSOR_DS18B20_tb/line__79  File: C:/Users/Philipp/Documents/Scratch/Vivado/vivado-training/DS18B20/DS18B20.srcs/sim_1/new/SENSOR_DS18B20_tb.vhd
Error: Missing o_device_found signal
Time: 842 us  Iteration: 0  Process: /SENSOR_DS18B20_tb/line__79  File: C:/Users/Philipp/Documents/Scratch/Vivado/vivado-training/DS18B20/DS18B20.srcs/sim_1/new/SENSOR_DS18B20_tb.vhd
Error: Missing o_device_found signal
Time: 843 us  Iteration: 0  Process: /SENSOR_DS18B20_tb/line__79  File: C:/Users/Philipp/Documents/Scratch/Vivado/vivado-training/DS18B20/DS18B20.srcs/sim_1/new/SENSOR_DS18B20_tb.vhd
Error: Missing o_device_found signal
Time: 844 us  Iteration: 0  Process: /SENSOR_DS18B20_tb/line__79  File: C:/Users/Philipp/Documents/Scratch/Vivado/vivado-training/DS18B20/DS18B20.srcs/sim_1/new/SENSOR_DS18B20_tb.vhd
Error: Missing o_device_found signal
Time: 845 us  Iteration: 0  Process: /SENSOR_DS18B20_tb/line__79  File: C:/Users/Philipp/Documents/Scratch/Vivado/vivado-training/DS18B20/DS18B20.srcs/sim_1/new/SENSOR_DS18B20_tb.vhd
Error: Missing o_device_found signal
Time: 846 us  Iteration: 0  Process: /SENSOR_DS18B20_tb/line__79  File: C:/Users/Philipp/Documents/Scratch/Vivado/vivado-training/DS18B20/DS18B20.srcs/sim_1/new/SENSOR_DS18B20_tb.vhd
Error: Missing o_device_found signal
Time: 847 us  Iteration: 0  Process: /SENSOR_DS18B20_tb/line__79  File: C:/Users/Philipp/Documents/Scratch/Vivado/vivado-training/DS18B20/DS18B20.srcs/sim_1/new/SENSOR_DS18B20_tb.vhd
Error: Missing o_device_found signal
Time: 848 us  Iteration: 0  Process: /SENSOR_DS18B20_tb/line__79  File: C:/Users/Philipp/Documents/Scratch/Vivado/vivado-training/DS18B20/DS18B20.srcs/sim_1/new/SENSOR_DS18B20_tb.vhd
Error: Missing o_device_found signal
Time: 849 us  Iteration: 0  Process: /SENSOR_DS18B20_tb/line__79  File: C:/Users/Philipp/Documents/Scratch/Vivado/vivado-training/DS18B20/DS18B20.srcs/sim_1/new/SENSOR_DS18B20_tb.vhd
Error: Missing o_device_found signal
Time: 850 us  Iteration: 0  Process: /SENSOR_DS18B20_tb/line__79  File: C:/Users/Philipp/Documents/Scratch/Vivado/vivado-training/DS18B20/DS18B20.srcs/sim_1/new/SENSOR_DS18B20_tb.vhd
Error: Missing o_device_found signal
Time: 851 us  Iteration: 0  Process: /SENSOR_DS18B20_tb/line__79  File: C:/Users/Philipp/Documents/Scratch/Vivado/vivado-training/DS18B20/DS18B20.srcs/sim_1/new/SENSOR_DS18B20_tb.vhd
Error: Missing o_device_found signal
Time: 852 us  Iteration: 0  Process: /SENSOR_DS18B20_tb/line__79  File: C:/Users/Philipp/Documents/Scratch/Vivado/vivado-training/DS18B20/DS18B20.srcs/sim_1/new/SENSOR_DS18B20_tb.vhd
Error: Missing o_device_found signal
Time: 853 us  Iteration: 0  Process: /SENSOR_DS18B20_tb/line__79  File: C:/Users/Philipp/Documents/Scratch/Vivado/vivado-training/DS18B20/DS18B20.srcs/sim_1/new/SENSOR_DS18B20_tb.vhd
Error: Missing o_device_found signal
Time: 854 us  Iteration: 0  Process: /SENSOR_DS18B20_tb/line__79  File: C:/Users/Philipp/Documents/Scratch/Vivado/vivado-training/DS18B20/DS18B20.srcs/sim_1/new/SENSOR_DS18B20_tb.vhd
Error: Missing o_device_found signal
Time: 855 us  Iteration: 0  Process: /SENSOR_DS18B20_tb/line__79  File: C:/Users/Philipp/Documents/Scratch/Vivado/vivado-training/DS18B20/DS18B20.srcs/sim_1/new/SENSOR_DS18B20_tb.vhd
Error: Missing o_device_found signal
Time: 856 us  Iteration: 0  Process: /SENSOR_DS18B20_tb/line__79  File: C:/Users/Philipp/Documents/Scratch/Vivado/vivado-training/DS18B20/DS18B20.srcs/sim_1/new/SENSOR_DS18B20_tb.vhd
Error: Missing o_device_found signal
Time: 857 us  Iteration: 0  Process: /SENSOR_DS18B20_tb/line__79  File: C:/Users/Philipp/Documents/Scratch/Vivado/vivado-training/DS18B20/DS18B20.srcs/sim_1/new/SENSOR_DS18B20_tb.vhd
Error: Missing o_device_found signal
Time: 858 us  Iteration: 0  Process: /SENSOR_DS18B20_tb/line__79  File: C:/Users/Philipp/Documents/Scratch/Vivado/vivado-training/DS18B20/DS18B20.srcs/sim_1/new/SENSOR_DS18B20_tb.vhd
Error: Missing o_device_found signal
Time: 859 us  Iteration: 0  Process: /SENSOR_DS18B20_tb/line__79  File: C:/Users/Philipp/Documents/Scratch/Vivado/vivado-training/DS18B20/DS18B20.srcs/sim_1/new/SENSOR_DS18B20_tb.vhd
Error: Missing o_device_found signal
Time: 860 us  Iteration: 0  Process: /SENSOR_DS18B20_tb/line__79  File: C:/Users/Philipp/Documents/Scratch/Vivado/vivado-training/DS18B20/DS18B20.srcs/sim_1/new/SENSOR_DS18B20_tb.vhd
Error: Missing o_device_found signal
Time: 861 us  Iteration: 0  Process: /SENSOR_DS18B20_tb/line__79  File: C:/Users/Philipp/Documents/Scratch/Vivado/vivado-training/DS18B20/DS18B20.srcs/sim_1/new/SENSOR_DS18B20_tb.vhd
Error: Missing o_device_found signal
Time: 862 us  Iteration: 0  Process: /SENSOR_DS18B20_tb/line__79  File: C:/Users/Philipp/Documents/Scratch/Vivado/vivado-training/DS18B20/DS18B20.srcs/sim_1/new/SENSOR_DS18B20_tb.vhd
Error: Missing o_device_found signal
Time: 863 us  Iteration: 0  Process: /SENSOR_DS18B20_tb/line__79  File: C:/Users/Philipp/Documents/Scratch/Vivado/vivado-training/DS18B20/DS18B20.srcs/sim_1/new/SENSOR_DS18B20_tb.vhd
Error: Missing o_device_found signal
Time: 864 us  Iteration: 0  Process: /SENSOR_DS18B20_tb/line__79  File: C:/Users/Philipp/Documents/Scratch/Vivado/vivado-training/DS18B20/DS18B20.srcs/sim_1/new/SENSOR_DS18B20_tb.vhd
Error: Missing o_device_found signal
Time: 865 us  Iteration: 0  Process: /SENSOR_DS18B20_tb/line__79  File: C:/Users/Philipp/Documents/Scratch/Vivado/vivado-training/DS18B20/DS18B20.srcs/sim_1/new/SENSOR_DS18B20_tb.vhd
Error: Missing o_device_found signal
Time: 866 us  Iteration: 0  Process: /SENSOR_DS18B20_tb/line__79  File: C:/Users/Philipp/Documents/Scratch/Vivado/vivado-training/DS18B20/DS18B20.srcs/sim_1/new/SENSOR_DS18B20_tb.vhd
Error: Missing o_device_found signal
Time: 867 us  Iteration: 0  Process: /SENSOR_DS18B20_tb/line__79  File: C:/Users/Philipp/Documents/Scratch/Vivado/vivado-training/DS18B20/DS18B20.srcs/sim_1/new/SENSOR_DS18B20_tb.vhd
Error: Missing o_device_found signal
Time: 868 us  Iteration: 0  Process: /SENSOR_DS18B20_tb/line__79  File: C:/Users/Philipp/Documents/Scratch/Vivado/vivado-training/DS18B20/DS18B20.srcs/sim_1/new/SENSOR_DS18B20_tb.vhd
Error: Missing o_device_found signal
Time: 869 us  Iteration: 0  Process: /SENSOR_DS18B20_tb/line__79  File: C:/Users/Philipp/Documents/Scratch/Vivado/vivado-training/DS18B20/DS18B20.srcs/sim_1/new/SENSOR_DS18B20_tb.vhd
Error: Missing o_device_found signal
Time: 870 us  Iteration: 0  Process: /SENSOR_DS18B20_tb/line__79  File: C:/Users/Philipp/Documents/Scratch/Vivado/vivado-training/DS18B20/DS18B20.srcs/sim_1/new/SENSOR_DS18B20_tb.vhd
Error: Missing o_device_found signal
Time: 871 us  Iteration: 0  Process: /SENSOR_DS18B20_tb/line__79  File: C:/Users/Philipp/Documents/Scratch/Vivado/vivado-training/DS18B20/DS18B20.srcs/sim_1/new/SENSOR_DS18B20_tb.vhd
Error: Missing o_device_found signal
Time: 872 us  Iteration: 0  Process: /SENSOR_DS18B20_tb/line__79  File: C:/Users/Philipp/Documents/Scratch/Vivado/vivado-training/DS18B20/DS18B20.srcs/sim_1/new/SENSOR_DS18B20_tb.vhd
Error: Missing o_device_found signal
Time: 873 us  Iteration: 0  Process: /SENSOR_DS18B20_tb/line__79  File: C:/Users/Philipp/Documents/Scratch/Vivado/vivado-training/DS18B20/DS18B20.srcs/sim_1/new/SENSOR_DS18B20_tb.vhd
Error: Missing o_device_found signal
Time: 874 us  Iteration: 0  Process: /SENSOR_DS18B20_tb/line__79  File: C:/Users/Philipp/Documents/Scratch/Vivado/vivado-training/DS18B20/DS18B20.srcs/sim_1/new/SENSOR_DS18B20_tb.vhd
Error: Missing o_device_found signal
Time: 875 us  Iteration: 0  Process: /SENSOR_DS18B20_tb/line__79  File: C:/Users/Philipp/Documents/Scratch/Vivado/vivado-training/DS18B20/DS18B20.srcs/sim_1/new/SENSOR_DS18B20_tb.vhd
Error: Missing o_device_found signal
Time: 876 us  Iteration: 0  Process: /SENSOR_DS18B20_tb/line__79  File: C:/Users/Philipp/Documents/Scratch/Vivado/vivado-training/DS18B20/DS18B20.srcs/sim_1/new/SENSOR_DS18B20_tb.vhd
Error: Missing o_device_found signal
Time: 877 us  Iteration: 0  Process: /SENSOR_DS18B20_tb/line__79  File: C:/Users/Philipp/Documents/Scratch/Vivado/vivado-training/DS18B20/DS18B20.srcs/sim_1/new/SENSOR_DS18B20_tb.vhd
Error: Missing o_device_found signal
Time: 878 us  Iteration: 0  Process: /SENSOR_DS18B20_tb/line__79  File: C:/Users/Philipp/Documents/Scratch/Vivado/vivado-training/DS18B20/DS18B20.srcs/sim_1/new/SENSOR_DS18B20_tb.vhd
Error: Missing o_device_found signal
Time: 879 us  Iteration: 0  Process: /SENSOR_DS18B20_tb/line__79  File: C:/Users/Philipp/Documents/Scratch/Vivado/vivado-training/DS18B20/DS18B20.srcs/sim_1/new/SENSOR_DS18B20_tb.vhd
Error: Missing o_device_found signal
Time: 880 us  Iteration: 0  Process: /SENSOR_DS18B20_tb/line__79  File: C:/Users/Philipp/Documents/Scratch/Vivado/vivado-training/DS18B20/DS18B20.srcs/sim_1/new/SENSOR_DS18B20_tb.vhd
Error: Missing o_device_found signal
Time: 881 us  Iteration: 0  Process: /SENSOR_DS18B20_tb/line__79  File: C:/Users/Philipp/Documents/Scratch/Vivado/vivado-training/DS18B20/DS18B20.srcs/sim_1/new/SENSOR_DS18B20_tb.vhd
Error: Missing o_device_found signal
Time: 882 us  Iteration: 0  Process: /SENSOR_DS18B20_tb/line__79  File: C:/Users/Philipp/Documents/Scratch/Vivado/vivado-training/DS18B20/DS18B20.srcs/sim_1/new/SENSOR_DS18B20_tb.vhd
Error: Missing o_device_found signal
Time: 883 us  Iteration: 0  Process: /SENSOR_DS18B20_tb/line__79  File: C:/Users/Philipp/Documents/Scratch/Vivado/vivado-training/DS18B20/DS18B20.srcs/sim_1/new/SENSOR_DS18B20_tb.vhd
Error: Missing o_device_found signal
Time: 884 us  Iteration: 0  Process: /SENSOR_DS18B20_tb/line__79  File: C:/Users/Philipp/Documents/Scratch/Vivado/vivado-training/DS18B20/DS18B20.srcs/sim_1/new/SENSOR_DS18B20_tb.vhd
Error: Missing o_device_found signal
Time: 885 us  Iteration: 0  Process: /SENSOR_DS18B20_tb/line__79  File: C:/Users/Philipp/Documents/Scratch/Vivado/vivado-training/DS18B20/DS18B20.srcs/sim_1/new/SENSOR_DS18B20_tb.vhd
Error: Missing o_device_found signal
Time: 886 us  Iteration: 0  Process: /SENSOR_DS18B20_tb/line__79  File: C:/Users/Philipp/Documents/Scratch/Vivado/vivado-training/DS18B20/DS18B20.srcs/sim_1/new/SENSOR_DS18B20_tb.vhd
Error: Missing o_device_found signal
Time: 887 us  Iteration: 0  Process: /SENSOR_DS18B20_tb/line__79  File: C:/Users/Philipp/Documents/Scratch/Vivado/vivado-training/DS18B20/DS18B20.srcs/sim_1/new/SENSOR_DS18B20_tb.vhd
Error: Missing o_device_found signal
Time: 888 us  Iteration: 0  Process: /SENSOR_DS18B20_tb/line__79  File: C:/Users/Philipp/Documents/Scratch/Vivado/vivado-training/DS18B20/DS18B20.srcs/sim_1/new/SENSOR_DS18B20_tb.vhd
Error: Missing o_device_found signal
Time: 889 us  Iteration: 0  Process: /SENSOR_DS18B20_tb/line__79  File: C:/Users/Philipp/Documents/Scratch/Vivado/vivado-training/DS18B20/DS18B20.srcs/sim_1/new/SENSOR_DS18B20_tb.vhd
Error: Missing o_device_found signal
Time: 890 us  Iteration: 0  Process: /SENSOR_DS18B20_tb/line__79  File: C:/Users/Philipp/Documents/Scratch/Vivado/vivado-training/DS18B20/DS18B20.srcs/sim_1/new/SENSOR_DS18B20_tb.vhd
Error: Missing o_device_found signal
Time: 891 us  Iteration: 0  Process: /SENSOR_DS18B20_tb/line__79  File: C:/Users/Philipp/Documents/Scratch/Vivado/vivado-training/DS18B20/DS18B20.srcs/sim_1/new/SENSOR_DS18B20_tb.vhd
Error: Missing o_device_found signal
Time: 892 us  Iteration: 0  Process: /SENSOR_DS18B20_tb/line__79  File: C:/Users/Philipp/Documents/Scratch/Vivado/vivado-training/DS18B20/DS18B20.srcs/sim_1/new/SENSOR_DS18B20_tb.vhd
Error: Missing o_device_found signal
Time: 893 us  Iteration: 0  Process: /SENSOR_DS18B20_tb/line__79  File: C:/Users/Philipp/Documents/Scratch/Vivado/vivado-training/DS18B20/DS18B20.srcs/sim_1/new/SENSOR_DS18B20_tb.vhd
Error: Missing o_device_found signal
Time: 894 us  Iteration: 0  Process: /SENSOR_DS18B20_tb/line__79  File: C:/Users/Philipp/Documents/Scratch/Vivado/vivado-training/DS18B20/DS18B20.srcs/sim_1/new/SENSOR_DS18B20_tb.vhd
Error: Missing o_device_found signal
Time: 895 us  Iteration: 0  Process: /SENSOR_DS18B20_tb/line__79  File: C:/Users/Philipp/Documents/Scratch/Vivado/vivado-training/DS18B20/DS18B20.srcs/sim_1/new/SENSOR_DS18B20_tb.vhd
Error: Missing o_device_found signal
Time: 896 us  Iteration: 0  Process: /SENSOR_DS18B20_tb/line__79  File: C:/Users/Philipp/Documents/Scratch/Vivado/vivado-training/DS18B20/DS18B20.srcs/sim_1/new/SENSOR_DS18B20_tb.vhd
Error: Missing o_device_found signal
Time: 897 us  Iteration: 0  Process: /SENSOR_DS18B20_tb/line__79  File: C:/Users/Philipp/Documents/Scratch/Vivado/vivado-training/DS18B20/DS18B20.srcs/sim_1/new/SENSOR_DS18B20_tb.vhd
Error: Missing o_device_found signal
Time: 898 us  Iteration: 0  Process: /SENSOR_DS18B20_tb/line__79  File: C:/Users/Philipp/Documents/Scratch/Vivado/vivado-training/DS18B20/DS18B20.srcs/sim_1/new/SENSOR_DS18B20_tb.vhd
Error: Missing o_device_found signal
Time: 899 us  Iteration: 0  Process: /SENSOR_DS18B20_tb/line__79  File: C:/Users/Philipp/Documents/Scratch/Vivado/vivado-training/DS18B20/DS18B20.srcs/sim_1/new/SENSOR_DS18B20_tb.vhd
Error: Missing o_device_found signal
Time: 900 us  Iteration: 0  Process: /SENSOR_DS18B20_tb/line__79  File: C:/Users/Philipp/Documents/Scratch/Vivado/vivado-training/DS18B20/DS18B20.srcs/sim_1/new/SENSOR_DS18B20_tb.vhd
Error: Missing o_device_found signal
Time: 901 us  Iteration: 0  Process: /SENSOR_DS18B20_tb/line__79  File: C:/Users/Philipp/Documents/Scratch/Vivado/vivado-training/DS18B20/DS18B20.srcs/sim_1/new/SENSOR_DS18B20_tb.vhd
Error: Missing o_device_found signal
Time: 902 us  Iteration: 0  Process: /SENSOR_DS18B20_tb/line__79  File: C:/Users/Philipp/Documents/Scratch/Vivado/vivado-training/DS18B20/DS18B20.srcs/sim_1/new/SENSOR_DS18B20_tb.vhd
Error: Missing o_device_found signal
Time: 903 us  Iteration: 0  Process: /SENSOR_DS18B20_tb/line__79  File: C:/Users/Philipp/Documents/Scratch/Vivado/vivado-training/DS18B20/DS18B20.srcs/sim_1/new/SENSOR_DS18B20_tb.vhd
Error: Missing o_device_found signal
Time: 904 us  Iteration: 0  Process: /SENSOR_DS18B20_tb/line__79  File: C:/Users/Philipp/Documents/Scratch/Vivado/vivado-training/DS18B20/DS18B20.srcs/sim_1/new/SENSOR_DS18B20_tb.vhd
Error: Missing o_device_found signal
Time: 905 us  Iteration: 0  Process: /SENSOR_DS18B20_tb/line__79  File: C:/Users/Philipp/Documents/Scratch/Vivado/vivado-training/DS18B20/DS18B20.srcs/sim_1/new/SENSOR_DS18B20_tb.vhd
Error: Missing o_device_found signal
Time: 906 us  Iteration: 0  Process: /SENSOR_DS18B20_tb/line__79  File: C:/Users/Philipp/Documents/Scratch/Vivado/vivado-training/DS18B20/DS18B20.srcs/sim_1/new/SENSOR_DS18B20_tb.vhd
Error: Missing o_device_found signal
Time: 907 us  Iteration: 0  Process: /SENSOR_DS18B20_tb/line__79  File: C:/Users/Philipp/Documents/Scratch/Vivado/vivado-training/DS18B20/DS18B20.srcs/sim_1/new/SENSOR_DS18B20_tb.vhd
Error: Missing o_device_found signal
Time: 908 us  Iteration: 0  Process: /SENSOR_DS18B20_tb/line__79  File: C:/Users/Philipp/Documents/Scratch/Vivado/vivado-training/DS18B20/DS18B20.srcs/sim_1/new/SENSOR_DS18B20_tb.vhd
Error: Missing o_device_found signal
Time: 909 us  Iteration: 0  Process: /SENSOR_DS18B20_tb/line__79  File: C:/Users/Philipp/Documents/Scratch/Vivado/vivado-training/DS18B20/DS18B20.srcs/sim_1/new/SENSOR_DS18B20_tb.vhd
Error: Missing o_device_found signal
Time: 910 us  Iteration: 0  Process: /SENSOR_DS18B20_tb/line__79  File: C:/Users/Philipp/Documents/Scratch/Vivado/vivado-training/DS18B20/DS18B20.srcs/sim_1/new/SENSOR_DS18B20_tb.vhd
Error: Missing o_device_found signal
Time: 911 us  Iteration: 0  Process: /SENSOR_DS18B20_tb/line__79  File: C:/Users/Philipp/Documents/Scratch/Vivado/vivado-training/DS18B20/DS18B20.srcs/sim_1/new/SENSOR_DS18B20_tb.vhd
Error: Missing o_device_found signal
Time: 912 us  Iteration: 0  Process: /SENSOR_DS18B20_tb/line__79  File: C:/Users/Philipp/Documents/Scratch/Vivado/vivado-training/DS18B20/DS18B20.srcs/sim_1/new/SENSOR_DS18B20_tb.vhd
Error: Missing o_device_found signal
Time: 913 us  Iteration: 0  Process: /SENSOR_DS18B20_tb/line__79  File: C:/Users/Philipp/Documents/Scratch/Vivado/vivado-training/DS18B20/DS18B20.srcs/sim_1/new/SENSOR_DS18B20_tb.vhd
Error: Missing o_device_found signal
Time: 914 us  Iteration: 0  Process: /SENSOR_DS18B20_tb/line__79  File: C:/Users/Philipp/Documents/Scratch/Vivado/vivado-training/DS18B20/DS18B20.srcs/sim_1/new/SENSOR_DS18B20_tb.vhd
Error: Missing o_device_found signal
Time: 915 us  Iteration: 0  Process: /SENSOR_DS18B20_tb/line__79  File: C:/Users/Philipp/Documents/Scratch/Vivado/vivado-training/DS18B20/DS18B20.srcs/sim_1/new/SENSOR_DS18B20_tb.vhd
Error: Missing o_device_found signal
Time: 916 us  Iteration: 0  Process: /SENSOR_DS18B20_tb/line__79  File: C:/Users/Philipp/Documents/Scratch/Vivado/vivado-training/DS18B20/DS18B20.srcs/sim_1/new/SENSOR_DS18B20_tb.vhd
Error: Missing o_device_found signal
Time: 917 us  Iteration: 0  Process: /SENSOR_DS18B20_tb/line__79  File: C:/Users/Philipp/Documents/Scratch/Vivado/vivado-training/DS18B20/DS18B20.srcs/sim_1/new/SENSOR_DS18B20_tb.vhd
Error: Missing o_device_found signal
Time: 918 us  Iteration: 0  Process: /SENSOR_DS18B20_tb/line__79  File: C:/Users/Philipp/Documents/Scratch/Vivado/vivado-training/DS18B20/DS18B20.srcs/sim_1/new/SENSOR_DS18B20_tb.vhd
Error: Missing o_device_found signal
Time: 919 us  Iteration: 0  Process: /SENSOR_DS18B20_tb/line__79  File: C:/Users/Philipp/Documents/Scratch/Vivado/vivado-training/DS18B20/DS18B20.srcs/sim_1/new/SENSOR_DS18B20_tb.vhd
Error: Missing o_device_found signal
Time: 920 us  Iteration: 0  Process: /SENSOR_DS18B20_tb/line__79  File: C:/Users/Philipp/Documents/Scratch/Vivado/vivado-training/DS18B20/DS18B20.srcs/sim_1/new/SENSOR_DS18B20_tb.vhd
Error: Missing o_device_found signal
Time: 921 us  Iteration: 0  Process: /SENSOR_DS18B20_tb/line__79  File: C:/Users/Philipp/Documents/Scratch/Vivado/vivado-training/DS18B20/DS18B20.srcs/sim_1/new/SENSOR_DS18B20_tb.vhd
Error: Missing o_device_found signal
Time: 922 us  Iteration: 0  Process: /SENSOR_DS18B20_tb/line__79  File: C:/Users/Philipp/Documents/Scratch/Vivado/vivado-training/DS18B20/DS18B20.srcs/sim_1/new/SENSOR_DS18B20_tb.vhd
Error: Missing o_device_found signal
Time: 923 us  Iteration: 0  Process: /SENSOR_DS18B20_tb/line__79  File: C:/Users/Philipp/Documents/Scratch/Vivado/vivado-training/DS18B20/DS18B20.srcs/sim_1/new/SENSOR_DS18B20_tb.vhd
Error: Missing o_device_found signal
Time: 924 us  Iteration: 0  Process: /SENSOR_DS18B20_tb/line__79  File: C:/Users/Philipp/Documents/Scratch/Vivado/vivado-training/DS18B20/DS18B20.srcs/sim_1/new/SENSOR_DS18B20_tb.vhd
Error: Missing o_device_found signal
Time: 925 us  Iteration: 0  Process: /SENSOR_DS18B20_tb/line__79  File: C:/Users/Philipp/Documents/Scratch/Vivado/vivado-training/DS18B20/DS18B20.srcs/sim_1/new/SENSOR_DS18B20_tb.vhd
Error: Missing o_device_found signal
Time: 926 us  Iteration: 0  Process: /SENSOR_DS18B20_tb/line__79  File: C:/Users/Philipp/Documents/Scratch/Vivado/vivado-training/DS18B20/DS18B20.srcs/sim_1/new/SENSOR_DS18B20_tb.vhd
Error: Missing o_device_found signal
Time: 927 us  Iteration: 0  Process: /SENSOR_DS18B20_tb/line__79  File: C:/Users/Philipp/Documents/Scratch/Vivado/vivado-training/DS18B20/DS18B20.srcs/sim_1/new/SENSOR_DS18B20_tb.vhd
Error: Missing o_device_found signal
Time: 928 us  Iteration: 0  Process: /SENSOR_DS18B20_tb/line__79  File: C:/Users/Philipp/Documents/Scratch/Vivado/vivado-training/DS18B20/DS18B20.srcs/sim_1/new/SENSOR_DS18B20_tb.vhd
Error: Missing o_device_found signal
Time: 929 us  Iteration: 0  Process: /SENSOR_DS18B20_tb/line__79  File: C:/Users/Philipp/Documents/Scratch/Vivado/vivado-training/DS18B20/DS18B20.srcs/sim_1/new/SENSOR_DS18B20_tb.vhd
Error: Missing o_device_found signal
Time: 930 us  Iteration: 0  Process: /SENSOR_DS18B20_tb/line__79  File: C:/Users/Philipp/Documents/Scratch/Vivado/vivado-training/DS18B20/DS18B20.srcs/sim_1/new/SENSOR_DS18B20_tb.vhd
Error: Missing o_device_found signal
Time: 931 us  Iteration: 0  Process: /SENSOR_DS18B20_tb/line__79  File: C:/Users/Philipp/Documents/Scratch/Vivado/vivado-training/DS18B20/DS18B20.srcs/sim_1/new/SENSOR_DS18B20_tb.vhd
Error: Missing o_device_found signal
Time: 932 us  Iteration: 0  Process: /SENSOR_DS18B20_tb/line__79  File: C:/Users/Philipp/Documents/Scratch/Vivado/vivado-training/DS18B20/DS18B20.srcs/sim_1/new/SENSOR_DS18B20_tb.vhd
Error: Missing o_device_found signal
Time: 933 us  Iteration: 0  Process: /SENSOR_DS18B20_tb/line__79  File: C:/Users/Philipp/Documents/Scratch/Vivado/vivado-training/DS18B20/DS18B20.srcs/sim_1/new/SENSOR_DS18B20_tb.vhd
Error: Missing o_device_found signal
Time: 934 us  Iteration: 0  Process: /SENSOR_DS18B20_tb/line__79  File: C:/Users/Philipp/Documents/Scratch/Vivado/vivado-training/DS18B20/DS18B20.srcs/sim_1/new/SENSOR_DS18B20_tb.vhd
Error: Missing o_device_found signal
Time: 935 us  Iteration: 0  Process: /SENSOR_DS18B20_tb/line__79  File: C:/Users/Philipp/Documents/Scratch/Vivado/vivado-training/DS18B20/DS18B20.srcs/sim_1/new/SENSOR_DS18B20_tb.vhd
Error: Missing o_device_found signal
Time: 936 us  Iteration: 0  Process: /SENSOR_DS18B20_tb/line__79  File: C:/Users/Philipp/Documents/Scratch/Vivado/vivado-training/DS18B20/DS18B20.srcs/sim_1/new/SENSOR_DS18B20_tb.vhd
Error: Missing o_device_found signal
Time: 937 us  Iteration: 0  Process: /SENSOR_DS18B20_tb/line__79  File: C:/Users/Philipp/Documents/Scratch/Vivado/vivado-training/DS18B20/DS18B20.srcs/sim_1/new/SENSOR_DS18B20_tb.vhd
Error: Missing o_device_found signal
Time: 938 us  Iteration: 0  Process: /SENSOR_DS18B20_tb/line__79  File: C:/Users/Philipp/Documents/Scratch/Vivado/vivado-training/DS18B20/DS18B20.srcs/sim_1/new/SENSOR_DS18B20_tb.vhd
Error: Missing o_device_found signal
Time: 939 us  Iteration: 0  Process: /SENSOR_DS18B20_tb/line__79  File: C:/Users/Philipp/Documents/Scratch/Vivado/vivado-training/DS18B20/DS18B20.srcs/sim_1/new/SENSOR_DS18B20_tb.vhd
Error: Missing o_device_found signal
Time: 940 us  Iteration: 0  Process: /SENSOR_DS18B20_tb/line__79  File: C:/Users/Philipp/Documents/Scratch/Vivado/vivado-training/DS18B20/DS18B20.srcs/sim_1/new/SENSOR_DS18B20_tb.vhd
Error: Missing o_device_found signal
Time: 941 us  Iteration: 0  Process: /SENSOR_DS18B20_tb/line__79  File: C:/Users/Philipp/Documents/Scratch/Vivado/vivado-training/DS18B20/DS18B20.srcs/sim_1/new/SENSOR_DS18B20_tb.vhd
Error: Missing o_device_found signal
Time: 942 us  Iteration: 0  Process: /SENSOR_DS18B20_tb/line__79  File: C:/Users/Philipp/Documents/Scratch/Vivado/vivado-training/DS18B20/DS18B20.srcs/sim_1/new/SENSOR_DS18B20_tb.vhd
Error: Missing o_device_found signal
Time: 943 us  Iteration: 0  Process: /SENSOR_DS18B20_tb/line__79  File: C:/Users/Philipp/Documents/Scratch/Vivado/vivado-training/DS18B20/DS18B20.srcs/sim_1/new/SENSOR_DS18B20_tb.vhd
Error: Missing o_device_found signal
Time: 944 us  Iteration: 0  Process: /SENSOR_DS18B20_tb/line__79  File: C:/Users/Philipp/Documents/Scratch/Vivado/vivado-training/DS18B20/DS18B20.srcs/sim_1/new/SENSOR_DS18B20_tb.vhd
Error: Missing o_device_found signal
Time: 945 us  Iteration: 0  Process: /SENSOR_DS18B20_tb/line__79  File: C:/Users/Philipp/Documents/Scratch/Vivado/vivado-training/DS18B20/DS18B20.srcs/sim_1/new/SENSOR_DS18B20_tb.vhd
Error: Missing o_device_found signal
Time: 946 us  Iteration: 0  Process: /SENSOR_DS18B20_tb/line__79  File: C:/Users/Philipp/Documents/Scratch/Vivado/vivado-training/DS18B20/DS18B20.srcs/sim_1/new/SENSOR_DS18B20_tb.vhd
Error: Missing o_device_found signal
Time: 947 us  Iteration: 0  Process: /SENSOR_DS18B20_tb/line__79  File: C:/Users/Philipp/Documents/Scratch/Vivado/vivado-training/DS18B20/DS18B20.srcs/sim_1/new/SENSOR_DS18B20_tb.vhd
Error: Missing o_device_found signal
Time: 948 us  Iteration: 0  Process: /SENSOR_DS18B20_tb/line__79  File: C:/Users/Philipp/Documents/Scratch/Vivado/vivado-training/DS18B20/DS18B20.srcs/sim_1/new/SENSOR_DS18B20_tb.vhd
Error: Missing o_device_found signal
Time: 949 us  Iteration: 0  Process: /SENSOR_DS18B20_tb/line__79  File: C:/Users/Philipp/Documents/Scratch/Vivado/vivado-training/DS18B20/DS18B20.srcs/sim_1/new/SENSOR_DS18B20_tb.vhd
Error: Missing o_device_found signal
Time: 950 us  Iteration: 0  Process: /SENSOR_DS18B20_tb/line__79  File: C:/Users/Philipp/Documents/Scratch/Vivado/vivado-training/DS18B20/DS18B20.srcs/sim_1/new/SENSOR_DS18B20_tb.vhd
Error: Missing o_device_found signal
Time: 951 us  Iteration: 0  Process: /SENSOR_DS18B20_tb/line__79  File: C:/Users/Philipp/Documents/Scratch/Vivado/vivado-training/DS18B20/DS18B20.srcs/sim_1/new/SENSOR_DS18B20_tb.vhd
Error: Missing o_device_found signal
Time: 952 us  Iteration: 0  Process: /SENSOR_DS18B20_tb/line__79  File: C:/Users/Philipp/Documents/Scratch/Vivado/vivado-training/DS18B20/DS18B20.srcs/sim_1/new/SENSOR_DS18B20_tb.vhd
Error: Missing o_device_found signal
Time: 953 us  Iteration: 0  Process: /SENSOR_DS18B20_tb/line__79  File: C:/Users/Philipp/Documents/Scratch/Vivado/vivado-training/DS18B20/DS18B20.srcs/sim_1/new/SENSOR_DS18B20_tb.vhd
Error: Missing o_device_found signal
Time: 954 us  Iteration: 0  Process: /SENSOR_DS18B20_tb/line__79  File: C:/Users/Philipp/Documents/Scratch/Vivado/vivado-training/DS18B20/DS18B20.srcs/sim_1/new/SENSOR_DS18B20_tb.vhd
Error: Missing o_device_found signal
Time: 955 us  Iteration: 0  Process: /SENSOR_DS18B20_tb/line__79  File: C:/Users/Philipp/Documents/Scratch/Vivado/vivado-training/DS18B20/DS18B20.srcs/sim_1/new/SENSOR_DS18B20_tb.vhd
Error: Missing o_device_found signal
Time: 956 us  Iteration: 0  Process: /SENSOR_DS18B20_tb/line__79  File: C:/Users/Philipp/Documents/Scratch/Vivado/vivado-training/DS18B20/DS18B20.srcs/sim_1/new/SENSOR_DS18B20_tb.vhd
Error: Missing o_device_found signal
Time: 957 us  Iteration: 0  Process: /SENSOR_DS18B20_tb/line__79  File: C:/Users/Philipp/Documents/Scratch/Vivado/vivado-training/DS18B20/DS18B20.srcs/sim_1/new/SENSOR_DS18B20_tb.vhd
Error: Missing o_device_found signal
Time: 958 us  Iteration: 0  Process: /SENSOR_DS18B20_tb/line__79  File: C:/Users/Philipp/Documents/Scratch/Vivado/vivado-training/DS18B20/DS18B20.srcs/sim_1/new/SENSOR_DS18B20_tb.vhd
Error: Missing o_device_found signal
Time: 959 us  Iteration: 0  Process: /SENSOR_DS18B20_tb/line__79  File: C:/Users/Philipp/Documents/Scratch/Vivado/vivado-training/DS18B20/DS18B20.srcs/sim_1/new/SENSOR_DS18B20_tb.vhd
Error: Missing o_device_found signal
Time: 960 us  Iteration: 0  Process: /SENSOR_DS18B20_tb/line__79  File: C:/Users/Philipp/Documents/Scratch/Vivado/vivado-training/DS18B20/DS18B20.srcs/sim_1/new/SENSOR_DS18B20_tb.vhd
Error: Missing o_device_found signal
Time: 961 us  Iteration: 0  Process: /SENSOR_DS18B20_tb/line__79  File: C:/Users/Philipp/Documents/Scratch/Vivado/vivado-training/DS18B20/DS18B20.srcs/sim_1/new/SENSOR_DS18B20_tb.vhd
Error: Missing o_device_found signal
Time: 962 us  Iteration: 0  Process: /SENSOR_DS18B20_tb/line__79  File: C:/Users/Philipp/Documents/Scratch/Vivado/vivado-training/DS18B20/DS18B20.srcs/sim_1/new/SENSOR_DS18B20_tb.vhd
Error: Missing o_device_found signal
Time: 963 us  Iteration: 0  Process: /SENSOR_DS18B20_tb/line__79  File: C:/Users/Philipp/Documents/Scratch/Vivado/vivado-training/DS18B20/DS18B20.srcs/sim_1/new/SENSOR_DS18B20_tb.vhd
Error: Missing o_device_found signal
Time: 964 us  Iteration: 0  Process: /SENSOR_DS18B20_tb/line__79  File: C:/Users/Philipp/Documents/Scratch/Vivado/vivado-training/DS18B20/DS18B20.srcs/sim_1/new/SENSOR_DS18B20_tb.vhd
Error: Missing o_device_found signal
Time: 965 us  Iteration: 0  Process: /SENSOR_DS18B20_tb/line__79  File: C:/Users/Philipp/Documents/Scratch/Vivado/vivado-training/DS18B20/DS18B20.srcs/sim_1/new/SENSOR_DS18B20_tb.vhd
Error: Missing o_device_found signal
Time: 966 us  Iteration: 0  Process: /SENSOR_DS18B20_tb/line__79  File: C:/Users/Philipp/Documents/Scratch/Vivado/vivado-training/DS18B20/DS18B20.srcs/sim_1/new/SENSOR_DS18B20_tb.vhd
Error: Missing o_device_found signal
Time: 967 us  Iteration: 0  Process: /SENSOR_DS18B20_tb/line__79  File: C:/Users/Philipp/Documents/Scratch/Vivado/vivado-training/DS18B20/DS18B20.srcs/sim_1/new/SENSOR_DS18B20_tb.vhd
Error: Missing o_device_found signal
Time: 968 us  Iteration: 0  Process: /SENSOR_DS18B20_tb/line__79  File: C:/Users/Philipp/Documents/Scratch/Vivado/vivado-training/DS18B20/DS18B20.srcs/sim_1/new/SENSOR_DS18B20_tb.vhd
Error: Missing o_device_found signal
Time: 969 us  Iteration: 0  Process: /SENSOR_DS18B20_tb/line__79  File: C:/Users/Philipp/Documents/Scratch/Vivado/vivado-training/DS18B20/DS18B20.srcs/sim_1/new/SENSOR_DS18B20_tb.vhd
Error: Missing o_device_found signal
Time: 970 us  Iteration: 0  Process: /SENSOR_DS18B20_tb/line__79  File: C:/Users/Philipp/Documents/Scratch/Vivado/vivado-training/DS18B20/DS18B20.srcs/sim_1/new/SENSOR_DS18B20_tb.vhd
Error: Missing o_device_found signal
Time: 971 us  Iteration: 0  Process: /SENSOR_DS18B20_tb/line__79  File: C:/Users/Philipp/Documents/Scratch/Vivado/vivado-training/DS18B20/DS18B20.srcs/sim_1/new/SENSOR_DS18B20_tb.vhd
Error: Missing o_device_found signal
Time: 972 us  Iteration: 0  Process: /SENSOR_DS18B20_tb/line__79  File: C:/Users/Philipp/Documents/Scratch/Vivado/vivado-training/DS18B20/DS18B20.srcs/sim_1/new/SENSOR_DS18B20_tb.vhd
Error: Missing o_device_found signal
Time: 973 us  Iteration: 0  Process: /SENSOR_DS18B20_tb/line__79  File: C:/Users/Philipp/Documents/Scratch/Vivado/vivado-training/DS18B20/DS18B20.srcs/sim_1/new/SENSOR_DS18B20_tb.vhd
Error: Missing o_device_found signal
Time: 974 us  Iteration: 0  Process: /SENSOR_DS18B20_tb/line__79  File: C:/Users/Philipp/Documents/Scratch/Vivado/vivado-training/DS18B20/DS18B20.srcs/sim_1/new/SENSOR_DS18B20_tb.vhd
Error: Missing o_device_found signal
Time: 975 us  Iteration: 0  Process: /SENSOR_DS18B20_tb/line__79  File: C:/Users/Philipp/Documents/Scratch/Vivado/vivado-training/DS18B20/DS18B20.srcs/sim_1/new/SENSOR_DS18B20_tb.vhd
Error: Missing o_device_found signal
Time: 976 us  Iteration: 0  Process: /SENSOR_DS18B20_tb/line__79  File: C:/Users/Philipp/Documents/Scratch/Vivado/vivado-training/DS18B20/DS18B20.srcs/sim_1/new/SENSOR_DS18B20_tb.vhd
Error: Missing o_device_found signal
Time: 977 us  Iteration: 0  Process: /SENSOR_DS18B20_tb/line__79  File: C:/Users/Philipp/Documents/Scratch/Vivado/vivado-training/DS18B20/DS18B20.srcs/sim_1/new/SENSOR_DS18B20_tb.vhd
Error: Missing o_device_found signal
Time: 978 us  Iteration: 0  Process: /SENSOR_DS18B20_tb/line__79  File: C:/Users/Philipp/Documents/Scratch/Vivado/vivado-training/DS18B20/DS18B20.srcs/sim_1/new/SENSOR_DS18B20_tb.vhd
Error: Missing o_device_found signal
Time: 979 us  Iteration: 0  Process: /SENSOR_DS18B20_tb/line__79  File: C:/Users/Philipp/Documents/Scratch/Vivado/vivado-training/DS18B20/DS18B20.srcs/sim_1/new/SENSOR_DS18B20_tb.vhd
Error: Missing o_device_found signal
Time: 980 us  Iteration: 0  Process: /SENSOR_DS18B20_tb/line__79  File: C:/Users/Philipp/Documents/Scratch/Vivado/vivado-training/DS18B20/DS18B20.srcs/sim_1/new/SENSOR_DS18B20_tb.vhd
Error: Missing o_device_found signal
Time: 981 us  Iteration: 0  Process: /SENSOR_DS18B20_tb/line__79  File: C:/Users/Philipp/Documents/Scratch/Vivado/vivado-training/DS18B20/DS18B20.srcs/sim_1/new/SENSOR_DS18B20_tb.vhd
Error: Missing o_device_found signal
Time: 982 us  Iteration: 0  Process: /SENSOR_DS18B20_tb/line__79  File: C:/Users/Philipp/Documents/Scratch/Vivado/vivado-training/DS18B20/DS18B20.srcs/sim_1/new/SENSOR_DS18B20_tb.vhd
Error: Missing o_device_found signal
Time: 983 us  Iteration: 0  Process: /SENSOR_DS18B20_tb/line__79  File: C:/Users/Philipp/Documents/Scratch/Vivado/vivado-training/DS18B20/DS18B20.srcs/sim_1/new/SENSOR_DS18B20_tb.vhd
Error: Missing o_device_found signal
Time: 984 us  Iteration: 0  Process: /SENSOR_DS18B20_tb/line__79  File: C:/Users/Philipp/Documents/Scratch/Vivado/vivado-training/DS18B20/DS18B20.srcs/sim_1/new/SENSOR_DS18B20_tb.vhd
Error: Missing o_device_found signal
Time: 985 us  Iteration: 0  Process: /SENSOR_DS18B20_tb/line__79  File: C:/Users/Philipp/Documents/Scratch/Vivado/vivado-training/DS18B20/DS18B20.srcs/sim_1/new/SENSOR_DS18B20_tb.vhd
Error: Missing o_device_found signal
Time: 986 us  Iteration: 0  Process: /SENSOR_DS18B20_tb/line__79  File: C:/Users/Philipp/Documents/Scratch/Vivado/vivado-training/DS18B20/DS18B20.srcs/sim_1/new/SENSOR_DS18B20_tb.vhd
Error: Missing o_device_found signal
Time: 987 us  Iteration: 0  Process: /SENSOR_DS18B20_tb/line__79  File: C:/Users/Philipp/Documents/Scratch/Vivado/vivado-training/DS18B20/DS18B20.srcs/sim_1/new/SENSOR_DS18B20_tb.vhd
Error: Missing o_device_found signal
Time: 988 us  Iteration: 0  Process: /SENSOR_DS18B20_tb/line__79  File: C:/Users/Philipp/Documents/Scratch/Vivado/vivado-training/DS18B20/DS18B20.srcs/sim_1/new/SENSOR_DS18B20_tb.vhd
Error: Missing o_device_found signal
Time: 989 us  Iteration: 0  Process: /SENSOR_DS18B20_tb/line__79  File: C:/Users/Philipp/Documents/Scratch/Vivado/vivado-training/DS18B20/DS18B20.srcs/sim_1/new/SENSOR_DS18B20_tb.vhd
Error: Missing o_device_found signal
Time: 990 us  Iteration: 0  Process: /SENSOR_DS18B20_tb/line__79  File: C:/Users/Philipp/Documents/Scratch/Vivado/vivado-training/DS18B20/DS18B20.srcs/sim_1/new/SENSOR_DS18B20_tb.vhd
Error: Missing o_device_found signal
Time: 991 us  Iteration: 0  Process: /SENSOR_DS18B20_tb/line__79  File: C:/Users/Philipp/Documents/Scratch/Vivado/vivado-training/DS18B20/DS18B20.srcs/sim_1/new/SENSOR_DS18B20_tb.vhd
Error: Missing o_device_found signal
Time: 992 us  Iteration: 0  Process: /SENSOR_DS18B20_tb/line__79  File: C:/Users/Philipp/Documents/Scratch/Vivado/vivado-training/DS18B20/DS18B20.srcs/sim_1/new/SENSOR_DS18B20_tb.vhd
Error: Missing o_device_found signal
Time: 993 us  Iteration: 0  Process: /SENSOR_DS18B20_tb/line__79  File: C:/Users/Philipp/Documents/Scratch/Vivado/vivado-training/D