
*** Running vivado
    with args -log DS18B20_design_xlconcat_0_0.vds -m64 -product Vivado -mode batch -messageDb vivado.pb -notrace -source DS18B20_design_xlconcat_0_0.tcl


****** Vivado v2017.2 (64-bit)
  **** SW Build 1909853 on Thu Jun 15 18:39:09 MDT 2017
  **** IP Build 1909766 on Thu Jun 15 19:58:00 MDT 2017
    ** Copyright 1986-2017 Xilinx, Inc. All Rights Reserved.

source DS18B20_design_xlconcat_0_0.tcl -notrace
Starting Synthesize : Time (s): cpu = 00:00:08 ; elapsed = 00:00:07 . Memory (MB): peak = 311.742 ; gain = 78.805
INFO: [Synth 8-638] synthesizing module 'DS18B20_design_xlconcat_0_0' [c:/Users/Philipp/Documents/Scratch/Vivado/vivado-training/DS18B20/DS18B20.srcs/sources_1/bd/DS18B20_design/ip/DS18B20_design_xlconcat_0_0/synth/DS18B20_design_xlconcat_0_0.v:58]
INFO: [Synth 8-638] synthesizing module 'xlconcat_v2_1_1_xlconcat' [c:/Users/Philipp/Documents/Scratch/Vivado/vivado-training/DS18B20/DS18B20.srcs/sources_1/bd/DS18B20_design/ipshared/73b7/hdl/xlconcat_v2_1_vl_rfs.v:14]
INFO: [Synth 8-256] done synthesizing module 'xlconcat_v2_1_1_xlconcat' (1#1) [c:/Users/Philipp/Documents/Scratch/Vivado/vivado-training/DS18B20/DS18B20.srcs/sources_1/bd/DS18B20_design/ipshared/73b7/hdl/xlconcat_v2_1_vl_rfs.v:14]
INFO: [Synth 8-256] done synthesizing module 'DS18B20_design_xlconcat_0_0' (2#1) [c:/Users/Philipp/Documents/Scratch/Vivado/vivado-training/DS18B20/DS18B20.srcs/sources_1/bd/DS18B20_design/ip/DS18B20_design_xlconcat_0_0/synth/DS18B20_design_xlconcat_0_0.v:58]
Finished Synthesize : Time (s): cpu = 00:00:09 ; elapsed = 00:00:09 . Memory (MB): peak = 351.066 ; gain = 118.129
Finished Constraint Validation : Time (s): cpu = 00:00:09 ; elapsed = 00:00:09 . Memory (MB): peak = 351.066 ; gain = 118.129
Finished Loading Part and Timing Information : Time (s): cpu = 00:00:09 ; elapsed = 00:00:09 . Memory (MB): peak = 351.066 ; gain = 118.129
Finished RTL Optimization Phase 2 : Time (s): cpu = 00:00:09 ; elapsed = 00:00:09 . Memory (MB): peak = 351.066 ; gain = 118.129
INFO: [Device 21-403] Loading part xc7z010clg400-1
Finished Cross Boundary and Area Optimization : Time (s): cpu = 00:00:16 ; elapsed = 00:00:16 . Memory (MB): peak = 457.438 ; gain = 224.500
Finished Timing Optimization : Time (s): cpu = 00:00:16 ; elapsed = 00:00:16 . Memory (MB): peak = 457.438 ; gain = 224.500
Finished Technology Mapping : Time (s): cpu = 00:00:16 ; elapsed = 00:00:16 . Memory (MB): peak = 461.094 ; gain = 228.156
Finished IO Insertion : Time (s): cpu = 00:00:17 ; elapsed = 00:00:17 . Memory (MB): peak = 461.094 ; gain = 228.156
Finished Renaming Generated Instances : Time (s): cpu = 00:00:17 ; elapsed = 00:00:17 . Memory (MB): peak = 461.094 ; gain = 228.156
Finished Rebuilding User Hierarchy : Time (s): cpu = 00:00:17 ; elapsed = 00:00:17 . Memory (MB): peak = 461.094 ; gain = 228.156
Finished Renaming Generated Ports : Time (s): cpu = 00:00:17 ; elapsed = 00:00:17 . Memory (MB): peak = 461.094 ; gain = 228.156
Finished Handling Custom Attributes : Time (s): cpu = 00:00:17 ; elapsed = 00:00:17 . Memory (MB): peak = 461.094 ; gain = 228.156
Finished Renaming Generated Nets : Time (s): cpu = 00:00:17 ; elapsed = 00:00:17 . Memory (MB): peak = 461.094 ; gain = 228.156

Report Cell Usage: 
+-+-----+------+
| |Cell |Count |
+-+-----+------+
+-+-----+------+
Finished Writing Synthesis Report : Time (s): cpu = 00:00:17 ; elapsed = 00:00:17 . Memory (MB): peak = 461.094 ; gain = 228.156
synth_design: Time (s): cpu = 00:00:21 ; elapsed = 00:00:23 . Memory (MB): peak = 544.758 ; gain = 314.449
write_checkpoint: Time (s): cpu = 00:00:23 ; elapsed = 00:00:23 . Memory (MB): peak = 919.934 ; gain = 375.176
