22:09:18 INFO  : Registering command handlers for SDK TCF services
22:09:19 INFO  : Launching XSCT server: xsct.bat -interactive C:\Users\Philipp\Documents\Scratch\Vivado\vivado-training\freertos_tcp\freertos_tcp.sdk\temp_xsdb_launch_script.tcl
22:09:23 INFO  : XSCT server has started successfully.
22:09:23 INFO  : Successfully done setting XSCT server connection channel  
22:09:32 INFO  : Successfully done setting SDK workspace  
22:09:32 INFO  : Processing command line option -hwspec C:/Users/Philipp/Documents/Scratch/Vivado/vivado-training/freertos_tcp/freertos_tcp.sdk/zeth_wrapper.hdf.
22:10:53 INFO  : Launching XSCT server: xsct.bat -interactive C:\Users\Philipp\Documents\Scratch\Vivado\vivado-training\freertos_tcp\freertos_tcp.sdk\temp_xsdb_launch_script.tcl
22:10:55 INFO  : XSCT server has started successfully.
22:10:59 INFO  : Successfully done setting XSCT server connection channel  
22:10:59 INFO  : Successfully done setting SDK workspace  
22:11:02 INFO  : Registering command handlers for SDK TCF services
22:11:09 INFO  : Processing command line option -hwspec C:/Users/Philipp/Documents/Scratch/Vivado/vivado-training/freertos_tcp/freertos_tcp.sdk/zeth_wrapper.hdf.
22:11:16 INFO  : Checking for hwspec changes in the project zeth_wrapper_hw_platform_0.
22:16:47 INFO  : Launching XSCT server: xsct.bat -interactive C:\Users\Philipp\Documents\Scratch\Vivado\vivado-training\freertos_tcp\freertos_tcp.sdk\temp_xsdb_launch_script.tcl
22:16:50 INFO  : XSCT server has started successfully.
22:16:58 INFO  : Successfully done setting XSCT server connection channel  
22:16:58 INFO  : Successfully done setting SDK workspace  
22:17:04 INFO  : Registering command handlers for SDK TCF services
22:17:04 INFO  : Processing command line option -hwspec C:/Users/Philipp/Documents/Scratch/Vivado/vivado-training/freertos_tcp/freertos_tcp.sdk/zeth_wrapper.hdf.
22:17:05 INFO  : Checking for hwspec changes in the project zeth_wrapper_hw_platform_0.
23:22:48 INFO  : Connected to target on host '127.0.0.1' and port '3121'.
23:22:49 INFO  : 'targets -set -filter {jtag_cable_name =~ "Digilent Zybo 210279786405A" && level==0} -index 1' command is executed.
23:22:50 INFO  : FPGA configured successfully with bitstream "C:/Users/Philipp/Documents/Scratch/Vivado/vivado-training/freertos_tcp/freertos_tcp.sdk/zeth_wrapper_hw_platform_0/zeth_wrapper.bit"
23:22:59 INFO  : 'targets -set -filter {jtag_cable_name =~ "Digilent Zybo 210279786405A" && level==0} -index 1' command is executed.
23:22:59 INFO  : 'fpga -state' command is executed.
23:22:59 INFO  : Connected to target on host '127.0.0.1' and port '3121'.
23:23:00 INFO  : Jtag cable 'Digilent Zybo 210279786405A' is selected.
23:23:00 INFO  : 'jtag frequency' command is executed.
23:23:00 INFO  : Sourcing of 'C:/Users/Philipp/Documents/Scratch/Vivado/vivado-training/freertos_tcp/freertos_tcp.sdk/zeth_wrapper_hw_platform_0/ps7_init.tcl' is done.
23:23:00 INFO  : Context for 'APU' is selected.
23:23:00 INFO  : Hardware design information is loaded from 'C:/Users/Philipp/Documents/Scratch/Vivado/vivado-training/freertos_tcp/freertos_tcp.sdk/zeth_wrapper_hw_platform_0/system.hdf'.
23:23:00 INFO  : 'configparams force-mem-access 1' command is executed.
23:23:01 INFO  : Context for 'APU' is selected.
23:23:01 INFO  : 'stop' command is executed.
23:23:01 INFO  : 'ps7_init' command is executed.
23:23:01 INFO  : 'ps7_post_config' command is executed.
23:23:02 INFO  : Context for processor 'ps7_cortexa9_0' is selected.
23:23:02 INFO  : Processor reset is completed for 'ps7_cortexa9_0'.
23:23:02 INFO  : Context for processor 'ps7_cortexa9_0' is selected.
23:23:02 INFO  : The application 'C:/Users/Philipp/Documents/Scratch/Vivado/vivado-training/freertos_tcp/freertos_tcp.sdk/zeth/Debug/zeth.elf' is downloaded to processor 'ps7_cortexa9_0'.
23:23:02 INFO  : 'configparams force-mem-access 0' command is executed.
23:23:02 INFO  : ----------------XSDB Script----------------
connect -url tcp:127.0.0.1:3121
source C:/Users/Philipp/Documents/Scratch/Vivado/vivado-training/freertos_tcp/freertos_tcp.sdk/zeth_wrapper_hw_platform_0/ps7_init.tcl
targets -set -nocase -filter {name =~"APU*" && jtag_cable_name =~ "Digilent Zybo 210279786405A"} -index 0
loadhw -hw C:/Users/Philipp/Documents/Scratch/Vivado/vivado-training/freertos_tcp/freertos_tcp.sdk/zeth_wrapper_hw_platform_0/system.hdf -mem-ranges [list {0x40000000 0xbfffffff}]
configparams force-mem-access 1
targets -set -nocase -filter {name =~"APU*" && jtag_cable_name =~ "Digilent Zybo 210279786405A"} -index 0
stop
ps7_init
ps7_post_config
targets -set -nocase -filter {name =~ "ARM*#0" && jtag_cable_name =~ "Digilent Zybo 210279786405A"} -index 0
rst -processor
targets -set -nocase -filter {name =~ "ARM*#0" && jtag_cable_name =~ "Digilent Zybo 210279786405A"} -index 0
dow C:/Users/Philipp/Documents/Scratch/Vivado/vivado-training/freertos_tcp/freertos_tcp.sdk/zeth/Debug/zeth.elf
configparams force-mem-access 0
----------------End of Script----------------

23:23:02 INFO  : Memory regions updated for context APU
23:23:02 INFO  : Context for processor 'ps7_cortexa9_0' is selected.
23:23:03 INFO  : 'con' command is executed.
23:23:03 INFO  : ----------------XSDB Script (After Launch)----------------
targets -set -nocase -filter {name =~ "ARM*#0" && jtag_cable_name =~ "Digilent Zybo 210279786405A"} -index 0
con
----------------End of Script----------------

23:23:03 INFO  : Launch script is exported to file 'C:\Users\Philipp\Documents\Scratch\Vivado\vivado-training\freertos_tcp\freertos_tcp.sdk\.sdk\launch_scripts\xilinx_c-c++_application_(system_debugger)\system_debugger_using_debug_zeth.elf_on_local.tcl'
23:23:19 INFO  : Disconnected from the channel tcfchan#1.
23:23:20 INFO  : 'targets -set -filter {jtag_cable_name =~ "Digilent Zybo 210279786405A" && level==0} -index 1' command is executed.
23:23:20 INFO  : 'fpga -state' command is executed.
23:23:20 INFO  : Connected to target on host '127.0.0.1' and port '3121'.
23:23:20 INFO  : Jtag cable 'Digilent Zybo 210279786405A' is selected.
23:23:20 INFO  : 'jtag frequency' command is executed.
23:23:20 INFO  : Sourcing of 'C:/Users/Philipp/Documents/Scratch/Vivado/vivado-training/freertos_tcp/freertos_tcp.sdk/zeth_wrapper_hw_platform_0/ps7_init.tcl' is done.
23:23:20 INFO  : Context for 'APU' is selected.
23:23:23 INFO  : Hardware design information is loaded from 'C:/Users/Philipp/Documents/Scratch/Vivado/vivado-training/freertos_tcp/freertos_tcp.sdk/zeth_wrapper_hw_platform_0/system.hdf'.
23:23:23 INFO  : 'configparams force-mem-access 1' command is executed.
23:23:23 INFO  : Context for 'APU' is selected.
23:23:23 INFO  : 'stop' command is executed.
23:23:24 INFO  : 'ps7_init' command is executed.
23:23:24 INFO  : 'ps7_post_config' command is executed.
23:23:24 INFO  : Context for processor 'ps7_cortexa9_0' is selected.
23:23:24 INFO  : Processor reset is completed for 'ps7_cortexa9_0'.
23:23:24 INFO  : Context for processor 'ps7_cortexa9_0' is selected.
23:23:25 INFO  : The application 'C:/Users/Philipp/Documents/Scratch/Vivado/vivado-training/freertos_tcp/freertos_tcp.sdk/zeth/Debug/zeth.elf' is downloaded to processor 'ps7_cortexa9_0'.
23:23:25 INFO  : 'configparams force-mem-access 0' command is executed.
23:23:25 INFO  : ----------------XSDB Script----------------
connect -url tcp:127.0.0.1:3121
source C:/Users/Philipp/Documents/Scratch/Vivado/vivado-training/freertos_tcp/freertos_tcp.sdk/zeth_wrapper_hw_platform_0/ps7_init.tcl
targets -set -nocase -filter {name =~"APU*" && jtag_cable_name =~ "Digilent Zybo 210279786405A"} -index 0
loadhw -hw C:/Users/Philipp/Documents/Scratch/Vivado/vivado-training/freertos_tcp/freertos_tcp.sdk/zeth_wrapper_hw_platform_0/system.hdf -mem-ranges [list {0x40000000 0xbfffffff}]
configparams force-mem-access 1
targets -set -nocase -filter {name =~"APU*" && jtag_cable_name =~ "Digilent Zybo 210279786405A"} -index 0
stop
ps7_init
ps7_post_config
targets -set -nocase -filter {name =~ "ARM*#0" && jtag_cable_name =~ "Digilent Zybo 210279786405A"} -index 0
rst -processor
targets -set -nocase -filter {name =~ "ARM*#0" && jtag_cable_name =~ "Digilent Zybo 210279786405A"} -index 0
dow C:/Users/Philipp/Documents/Scratch/Vivado/vivado-training/freertos_tcp/freertos_tcp.sdk/zeth/Debug/zeth.elf
configparams force-mem-access 0
----------------End of Script----------------

23:23:25 INFO  : Memory regions updated for context APU
23:23:25 INFO  : Context for processor 'ps7_cortexa9_0' is selected.
23:23:25 INFO  : 'con' command is executed.
23:23:25 INFO  : ----------------XSDB Script (After Launch)----------------
targets -set -nocase -filter {name =~ "ARM*#0" && jtag_cable_name =~ "Digilent Zybo 210279786405A"} -index 0
con
----------------End of Script----------------

23:23:25 INFO  : Launch script is exported to file 'C:\Users\Philipp\Documents\Scratch\Vivado\vivado-training\freertos_tcp\freertos_tcp.sdk\.sdk\launch_scripts\xilinx_c-c++_application_(system_debugger)\system_debugger_using_debug_zeth.elf_on_local.tcl'
23:24:14 INFO  : Disconnected from the channel tcfchan#2.
23:24:15 INFO  : 'targets -set -filter {jtag_cable_name =~ "Digilent Zybo 210279786405A" && level==0} -index 1' command is executed.
23:24:15 INFO  : 'fpga -state' command is executed.
23:24:15 INFO  : Connected to target on host '127.0.0.1' and port '3121'.
23:24:15 INFO  : Jtag cable 'Digilent Zybo 210279786405A' is selected.
23:24:16 INFO  : 'jtag frequency' command is executed.
23:24:16 INFO  : Sourcing of 'C:/Users/Philipp/Documents/Scratch/Vivado/vivado-training/freertos_tcp/freertos_tcp.sdk/zeth_wrapper_hw_platform_0/ps7_init.tcl' is done.
23:24:16 INFO  : Context for 'APU' is selected.
23:24:18 INFO  : Hardware design information is loaded from 'C:/Users/Philipp/Documents/Scratch/Vivado/vivado-training/freertos_tcp/freertos_tcp.sdk/zeth_wrapper_hw_platform_0/system.hdf'.
23:24:18 INFO  : 'configparams force-mem-access 1' command is executed.
23:24:18 INFO  : Context for 'APU' is selected.
23:24:18 INFO  : 'stop' command is executed.
23:24:19 INFO  : 'ps7_init' command is executed.
23:24:19 INFO  : 'ps7_post_config' command is executed.
23:24:19 INFO  : Context for processor 'ps7_cortexa9_0' is selected.
23:24:19 INFO  : Processor reset is completed for 'ps7_cortexa9_0'.
23:24:20 INFO  : Context for processor 'ps7_cortexa9_0' is selected.
23:24:20 INFO  : The application 'C:/Users/Philipp/Documents/Scratch/Vivado/vivado-training/freertos_tcp/freertos_tcp.sdk/zeth/Debug/zeth.elf' is downloaded to processor 'ps7_cortexa9_0'.
23:24:20 INFO  : 'configparams force-mem-access 0' command is executed.
23:24:20 INFO  : ----------------XSDB Script----------------
connect -url tcp:127.0.0.1:3121
source C:/Users/Philipp/Documents/Scratch/Vivado/vivado-training/freertos_tcp/freertos_tcp.sdk/zeth_wrapper_hw_platform_0/ps7_init.tcl
targets -set -nocase -filter {name =~"APU*" && jtag_cable_name =~ "Digilent Zybo 210279786405A"} -index 0
loadhw -hw C:/Users/Philipp/Documents/Scratch/Vivado/vivado-training/freertos_tcp/freertos_tcp.sdk/zeth_wrapper_hw_platform_0/system.hdf -mem-ranges [list {0x40000000 0xbfffffff}]
configparams force-mem-access 1
targets -set -nocase -filter {name =~"APU*" && jtag_cable_name =~ "Digilent Zybo 210279786405A"} -index 0
stop
ps7_init
ps7_post_config
targets -set -nocase -filter {name =~ "ARM*#0" && jtag_cable_name =~ "Digilent Zybo 210279786405A"} -index 0
rst -processor
targets -set -nocase -filter {name =~ "ARM*#0" && jtag_cable_name =~ "Digilent Zybo 210279786405A"} -index 0
dow C:/Users/Philipp/Documents/Scratch/Vivado/vivado-training/freertos_tcp/freertos_tcp.sdk/zeth/Debug/zeth.elf
configparams force-mem-access 0
----------------End of Script----------------

23:24:20 INFO  : Memory regions updated for context APU
23:24:20 INFO  : Context for processor 'ps7_cortexa9_0' is selected.
23:24:20 INFO  : 'con' command is executed.
23:24:20 INFO  : ----------------XSDB Script (After Launch)----------------
targets -set -nocase -filter {name =~ "ARM*#0" && jtag_cable_name =~ "Digilent Zybo 210279786405A"} -index 0
con
----------------End of Script----------------

23:24:20 INFO  : Launch script is exported to file 'C:\Users\Philipp\Documents\Scratch\Vivado\vivado-training\freertos_tcp\freertos_tcp.sdk\.sdk\launch_scripts\xilinx_c-c++_application_(system_debugger)\system_debugger_using_debug_zeth.elf_on_local.tcl'
23:25:40 INFO  : Disconnected from the channel tcfchan#3.
23:25:41 INFO  : 'targets -set -filter {jtag_cable_name =~ "Digilent Zybo 210279786405A" && level==0} -index 1' command is executed.
23:25:41 INFO  : 'fpga -state' command is executed.
23:25:41 INFO  : Connected to target on host '127.0.0.1' and port '3121'.
23:25:42 INFO  : Jtag cable 'Digilent Zybo 210279786405A' is selected.
23:25:42 INFO  : 'jtag frequency' command is executed.
23:25:42 INFO  : Sourcing of 'C:/Users/Philipp/Documents/Scratch/Vivado/vivado-training/freertos_tcp/freertos_tcp.sdk/zeth_wrapper_hw_platform_0/ps7_init.tcl' is done.
23:25:42 INFO  : Context for 'APU' is selected.
23:25:45 INFO  : Hardware design information is loaded from 'C:/Users/Philipp/Documents/Scratch/Vivado/vivado-training/freertos_tcp/freertos_tcp.sdk/zeth_wrapper_hw_platform_0/system.hdf'.
23:25:45 INFO  : 'configparams force-mem-access 1' command is executed.
23:25:45 INFO  : Context for 'APU' is selected.
23:25:45 INFO  : 'stop' command is executed.
23:25:46 INFO  : 'ps7_init' command is executed.
23:25:46 INFO  : 'ps7_post_config' command is executed.
23:25:46 INFO  : Context for processor 'ps7_cortexa9_0' is selected.
23:25:46 INFO  : Processor reset is completed for 'ps7_cortexa9_0'.
23:25:46 INFO  : Context for processor 'ps7_cortexa9_0' is selected.
23:25:47 INFO  : The application 'C:/Users/Philipp/Documents/Scratch/Vivado/vivado-training/freertos_tcp/freertos_tcp.sdk/zeth/Debug/zeth.elf' is downloaded to processor 'ps7_cortexa9_0'.
23:25:47 INFO  : 'configparams force-mem-access 0' command is executed.
23:25:47 INFO  : ----------------XSDB Script----------------
connect -url tcp:127.0.0.1:3121
source C:/Users/Philipp/Documents/Scratch/Vivado/vivado-training/freertos_tcp/freertos_tcp.sdk/zeth_wrapper_hw_platform_0/ps7_init.tcl
targets -set -nocase -filter {name =~"APU*" && jtag_cable_name =~ "Digilent Zybo 210279786405A"} -index 0
loadhw -hw C:/Users/Philipp/Documents/Scratch/Vivado/vivado-training/freertos_tcp/freertos_tcp.sdk/zeth_wrapper_hw_platform_0/system.hdf -mem-ranges [list {0x40000000 0xbfffffff}]
configparams force-mem-access 1
targets -set -nocase -filter {name =~"APU*" && jtag_cable_name =~ "Digilent Zybo 210279786405A"} -index 0
stop
ps7_init
ps7_post_config
targets -set -nocase -filter {name =~ "ARM*#0" && jtag_cable_name =~ "Digilent Zybo 210279786405A"} -index 0
rst -processor
targets -set -nocase -filter {name =~ "ARM*#0" && jtag_cable_name =~ "Digilent Zybo 210279786405A"} -index 0
dow C:/Users/Philipp/Documents/Scratch/Vivado/vivado-training/freertos_tcp/freertos_tcp.sdk/zeth/Debug/zeth.elf
configparams force-mem-access 0
----------------End of Script----------------

23:25:47 INFO  : Memory regions updated for context APU
23:25:47 INFO  : Context for processor 'ps7_cortexa9_0' is selected.
23:25:47 INFO  : 'con' command is executed.
23:25:47 INFO  : ----------------XSDB Script (After Launch)----------------
targets -set -nocase -filter {name =~ "ARM*#0" && jtag_cable_name =~ "Digilent Zybo 210279786405A"} -index 0
con
----------------End of Script----------------

23:25:47 INFO  : Launch script is exported to file 'C:\Users\Philipp\Documents\Scratch\Vivado\vivado-training\freertos_tcp\freertos_tcp.sdk\.sdk\launch_scripts\xilinx_c-c++_application_(system_debugger)\system_debugger_using_debug_zeth.elf_on_local.tcl'
23:26:37 INFO  : Disconnected from the channel tcfchan#4.
23:26:38 INFO  : 'targets -set -filter {jtag_cable_name =~ "Digilent Zybo 210279786405A" && level==0} -index 1' command is executed.
23:26:38 INFO  : 'fpga -state' command is executed.
23:26:38 INFO  : Connected to target on host '127.0.0.1' and port '3121'.
23:26:39 INFO  : Jtag cable 'Digilent Zybo 210279786405A' is selected.
23:26:39 INFO  : 'jtag frequency' command is executed.
23:26:39 INFO  : Sourcing of 'C:/Users/Philipp/Documents/Scratch/Vivado/vivado-training/freertos_tcp/freertos_tcp.sdk/zeth_wrapper_hw_platform_0/ps7_init.tcl' is done.
23:26:39 INFO  : Context for 'APU' is selected.
23:26:43 INFO  : Hardware design information is loaded from 'C:/Users/Philipp/Documents/Scratch/Vivado/vivado-training/freertos_tcp/freertos_tcp.sdk/zeth_wrapper_hw_platform_0/system.hdf'.
23:26:43 INFO  : 'configparams force-mem-access 1' command is executed.
23:26:43 INFO  : Context for 'APU' is selected.
23:26:43 INFO  : 'stop' command is executed.
23:26:43 INFO  : 'ps7_init' command is executed.
23:26:44 INFO  : 'ps7_post_config' command is executed.
23:26:44 INFO  : Context for processor 'ps7_cortexa9_0' is selected.
23:26:44 INFO  : Processor reset is completed for 'ps7_cortexa9_0'.
23:26:44 INFO  : Context for processor 'ps7_cortexa9_0' is selected.
23:26:44 INFO  : The application 'C:/Users/Philipp/Documents/Scratch/Vivado/vivado-training/freertos_tcp/freertos_tcp.sdk/zeth/Debug/zeth.elf' is downloaded to processor 'ps7_cortexa9_0'.
23:26:44 INFO  : 'configparams force-mem-access 0' command is executed.
23:26:44 INFO  : ----------------XSDB Script----------------
connect -url tcp:127.0.0.1:3121
source C:/Users/Philipp/Documents/Scratch/Vivado/vivado-training/freertos_tcp/freertos_tcp.sdk/zeth_wrapper_hw_platform_0/ps7_init.tcl
targets -set -nocase -filter {name =~"APU*" && jtag_cable_name =~ "Digilent Zybo 210279786405A"} -index 0
loadhw -hw C:/Users/Philipp/Documents/Scratch/Vivado/vivado-training/freertos_tcp/freertos_tcp.sdk/zeth_wrapper_hw_platform_0/system.hdf -mem-ranges [list {0x40000000 0xbfffffff}]
configparams force-mem-access 1
targets -set -nocase -filter {name =~"APU*" && jtag_cable_name =~ "Digilent Zybo 210279786405A"} -index 0
stop
ps7_init
ps7_post_config
targets -set -nocase -filter {name =~ "ARM*#0" && jtag_cable_name =~ "Digilent Zybo 210279786405A"} -index 0
rst -processor
targets -set -nocase -filter {name =~ "ARM*#0" && jtag_cable_name =~ "Digilent Zybo 210279786405A"} -index 0
dow C:/Users/Philipp/Documents/Scratch/Vivado/vivado-training/freertos_tcp/freertos_tcp.sdk/zeth/Debug/zeth.elf
configparams force-mem-access 0
----------------End of Script----------------

23:26:44 INFO  : Memory regions updated for context APU
23:26:44 INFO  : Context for processor 'ps7_cortexa9_0' is selected.
23:26:44 INFO  : 'con' command is executed.
23:26:44 INFO  : ----------------XSDB Script (After Launch)----------------
targets -set -nocase -filter {name =~ "ARM*#0" && jtag_cable_name =~ "Digilent Zybo 210279786405A"} -index 0
con
----------------End of Script----------------

23:26:44 INFO  : Launch script is exported to file 'C:\Users\Philipp\Documents\Scratch\Vivado\vivado-training\freertos_tcp\freertos_tcp.sdk\.sdk\launch_scripts\xilinx_c-c++_application_(system_debugger)\system_debugger_using_debug_zeth.elf_on_local.tcl'
23:29:05 INFO  : Disconnected from the channel tcfchan#5.
23:29:06 INFO  : Connected to target on host '127.0.0.1' and port '3121'.
23:29:07 INFO  : Jtag cable 'Digilent Zybo 210279786405A' is selected.
23:29:07 INFO  : 'jtag frequency' command is executed.
23:29:07 INFO  : Sourcing of 'C:/Users/Philipp/Documents/Scratch/Vivado/vivado-training/freertos_tcp/freertos_tcp.sdk/zeth_wrapper_hw_platform_0/ps7_init.tcl' is done.
23:29:07 INFO  : Context for 'APU' is selected.
23:29:07 INFO  : System reset is completed.
23:29:10 INFO  : 'after 3000' command is executed.
23:29:10 INFO  : 'targets -set -filter {jtag_cable_name =~ "Digilent Zybo 210279786405A" && level==0} -index 1' command is executed.
23:29:11 INFO  : FPGA configured successfully with bitstream "C:/Users/Philipp/Documents/Scratch/Vivado/vivado-training/freertos_tcp/freertos_tcp.sdk/zeth_wrapper_hw_platform_0/zeth_wrapper.bit"
23:29:11 INFO  : Context for 'APU' is selected.
23:29:14 INFO  : Hardware design information is loaded from 'C:/Users/Philipp/Documents/Scratch/Vivado/vivado-training/freertos_tcp/freertos_tcp.sdk/zeth_wrapper_hw_platform_0/system.hdf'.
23:29:14 INFO  : 'configparams force-mem-access 1' command is executed.
23:29:14 INFO  : Context for 'APU' is selected.
23:29:15 INFO  : 'ps7_init' command is executed.
23:29:15 INFO  : 'ps7_post_config' command is executed.
23:29:15 INFO  : Context for processor 'ps7_cortexa9_0' is selected.
23:29:16 INFO  : The application 'C:/Users/Philipp/Documents/Scratch/Vivado/vivado-training/freertos_tcp/freertos_tcp.sdk/zeth/Debug/zeth.elf' is downloaded to processor 'ps7_cortexa9_0'.
23:29:16 INFO  : 'configparams force-mem-access 0' command is executed.
23:29:16 INFO  : ----------------XSDB Script----------------
connect -url tcp:127.0.0.1:3121
source C:/Users/Philipp/Documents/Scratch/Vivado/vivado-training/freertos_tcp/freertos_tcp.sdk/zeth_wrapper_hw_platform_0/ps7_init.tcl
targets -set -nocase -filter {name =~"APU*" && jtag_cable_name =~ "Digilent Zybo 210279786405A"} -index 0
rst -system
after 3000
targets -set -filter {jtag_cable_name =~ "Digilent Zybo 210279786405A" && level==0} -index 1
fpga -file C:/Users/Philipp/Documents/Scratch/Vivado/vivado-training/freertos_tcp/freertos_tcp.sdk/zeth_wrapper_hw_platform_0/zeth_wrapper.bit
targets -set -nocase -filter {name =~"APU*" && jtag_cable_name =~ "Digilent Zybo 210279786405A"} -index 0
loadhw -hw C:/Users/Philipp/Documents/Scratch/Vivado/vivado-training/freertos_tcp/freertos_tcp.sdk/zeth_wrapper_hw_platform_0/system.hdf -mem-ranges [list {0x40000000 0xbfffffff}]
configparams force-mem-access 1
targets -set -nocase -filter {name =~"APU*" && jtag_cable_name =~ "Digilent Zybo 210279786405A"} -index 0
ps7_init
ps7_post_config
targets -set -nocase -filter {name =~ "ARM*#0" && jtag_cable_name =~ "Digilent Zybo 210279786405A"} -index 0
dow C:/Users/Philipp/Documents/Scratch/Vivado/vivado-training/freertos_tcp/freertos_tcp.sdk/zeth/Debug/zeth.elf
configparams force-mem-access 0
----------------End of Script----------------

23:29:16 INFO  : Memory regions updated for context APU
23:29:16 INFO  : Context for processor 'ps7_cortexa9_0' is selected.
23:29:16 INFO  : 'con' command is executed.
23:29:16 INFO  : ----------------XSDB Script (After Launch)----------------
targets -set -nocase -filter {name =~ "ARM*#0" && jtag_cable_name =~ "Digilent Zybo 210279786405A"} -index 0
con
----------------End of Script----------------

23:29:16 INFO  : Launch script is exported to file 'C:\Users\Philipp\Documents\Scratch\Vivado\vivado-training\freertos_tcp\freertos_tcp.sdk\.sdk\launch_scripts\xilinx_c-c++_application_(system_debugger)\system_debugger_using_debug_zeth.elf_on_local.tcl'
23:44:19 INFO  : Disconnected from the channel tcfchan#6.
23:44:20 INFO  : Connected to target on host '127.0.0.1' and port '3121'.
23:44:20 INFO  : Jtag cable 'Digilent Zybo 210279786405A' is selected.
23:44:20 INFO  : 'jtag frequency' command is executed.
23:44:20 INFO  : Sourcing of 'C:/Users/Philipp/Documents/Scratch/Vivado/vivado-training/freertos_tcp/freertos_tcp.sdk/zeth_wrapper_hw_platform_0/ps7_init.tcl' is done.
23:44:21 INFO  : Context for 'APU' is selected.
23:44:21 INFO  : System reset is completed.
23:44:24 INFO  : 'after 3000' command is executed.
23:44:24 INFO  : 'targets -set -filter {jtag_cable_name =~ "Digilent Zybo 210279786405A" && level==0} -index 1' command is executed.
23:44:25 INFO  : FPGA configured successfully with bitstream "C:/Users/Philipp/Documents/Scratch/Vivado/vivado-training/freertos_tcp/freertos_tcp.sdk/zeth_wrapper_hw_platform_0/zeth_wrapper.bit"
23:44:25 INFO  : Context for 'APU' is selected.
23:44:28 INFO  : Hardware design information is loaded from 'C:/Users/Philipp/Documents/Scratch/Vivado/vivado-training/freertos_tcp/freertos_tcp.sdk/zeth_wrapper_hw_platform_0/system.hdf'.
23:44:28 INFO  : 'configparams force-mem-access 1' command is executed.
23:44:28 INFO  : Context for 'APU' is selected.
23:44:29 INFO  : 'ps7_init' command is executed.
23:44:29 INFO  : 'ps7_post_config' command is executed.
23:44:29 INFO  : Context for processor 'ps7_cortexa9_0' is selected.
23:44:30 INFO  : The application 'C:/Users/Philipp/Documents/Scratch/Vivado/vivado-training/freertos_tcp/freertos_tcp.sdk/zeth/Debug/zeth.elf' is downloaded to processor 'ps7_cortexa9_0'.
23:44:30 INFO  : 'configparams force-mem-access 0' command is executed.
23:44:30 INFO  : ----------------XSDB Script----------------
connect -url tcp:127.0.0.1:3121
source C:/Users/Philipp/Documents/Scratch/Vivado/vivado-training/freertos_tcp/freertos_tcp.sdk/zeth_wrapper_hw_platform_0/ps7_init.tcl
targets -set -nocase -filter {name =~"APU*" && jtag_cable_name =~ "Digilent Zybo 210279786405A"} -index 0
rst -system
after 3000
targets -set -filter {jtag_cable_name =~ "Digilent Zybo 210279786405A" && level==0} -index 1
fpga -file C:/Users/Philipp/Documents/Scratch/Vivado/vivado-training/freertos_tcp/freertos_tcp.sdk/zeth_wrapper_hw_platform_0/zeth_wrapper.bit
targets -set -nocase -filter {name =~"APU*" && jtag_cable_name =~ "Digilent Zybo 210279786405A"} -index 0
loadhw -hw C:/Users/Philipp/Documents/Scratch/Vivado/vivado-training/freertos_tcp/freertos_tcp.sdk/zeth_wrapper_hw_platform_0/system.hdf -mem-ranges [list {0x40000000 0xbfffffff}]
configparams force-mem-access 1
targets -set -nocase -filter {name =~"APU*" && jtag_cable_name =~ "Digilent Zybo 210279786405A"} -index 0
ps7_init
ps7_post_config
targets -set -nocase -filter {name =~ "ARM*#0" && jtag_cable_name =~ "Digilent Zybo 210279786405A"} -index 0
dow C:/Users/Philipp/Documents/Scratch/Vivado/vivado-training/freertos_tcp/freertos_tcp.sdk/zeth/Debug/zeth.elf
configparams force-mem-access 0
----------------End of Script----------------

23:44:30 INFO  : Memory regions updated for context APU
23:44:30 INFO  : Context for processor 'ps7_cortexa9_0' is selected.
23:44:30 INFO  : 'con' command is executed.
23:44:30 INFO  : ----------------XSDB Script (After Launch)----------------
targets -set -nocase -filter {name =~ "ARM*#0" && jtag_cable_name =~ "Digilent Zybo 210279786405A"} -index 0
con
----------------End of Script----------------

23:44:30 INFO  : Launch script is exported to file 'C:\Users\Philipp\Documents\Scratch\Vivado\vivado-training\freertos_tcp\freertos_tcp.sdk\.sdk\launch_scripts\xilinx_c-c++_application_(system_debugger)\system_debugger_using_debug_zeth.elf_on_local.tcl'
23:45:46 INFO  : Disconnected from the channel tcfchan#7.
23:45:47 INFO  : Connected to target on host '127.0.0.1' and port '3121'.
23:45:48 INFO  : Jtag cable 'Digilent Zybo 210279786405A' is selected.
23:45:48 INFO  : 'jtag frequency' command is executed.
23:45:48 INFO  : Sourcing of 'C:/Users/Philipp/Documents/Scratch/Vivado/vivado-training/freertos_tcp/freertos_tcp.sdk/zeth_wrapper_hw_platform_0/ps7_init.tcl' is done.
23:45:48 INFO  : Context for 'APU' is selected.
23:45:48 INFO  : System reset is completed.
23:45:51 INFO  : 'after 3000' command is executed.
23:45:52 INFO  : 'targets -set -filter {jtag_cable_name =~ "Digilent Zybo 210279786405A" && level==0} -index 1' command is executed.
23:45:53 INFO  : FPGA configured successfully with bitstream "C:/Users/Philipp/Documents/Scratch/Vivado/vivado-training/freertos_tcp/freertos_tcp.sdk/zeth_wrapper_hw_platform_0/zeth_wrapper.bit"
23:45:53 INFO  : Context for 'APU' is selected.
23:45:56 INFO  : Hardware design information is loaded from 'C:/Users/Philipp/Documents/Scratch/Vivado/vivado-training/freertos_tcp/freertos_tcp.sdk/zeth_wrapper_hw_platform_0/system.hdf'.
23:45:56 INFO  : 'configparams force-mem-access 1' command is executed.
23:45:56 INFO  : Context for 'APU' is selected.
23:45:57 INFO  : 'ps7_init' command is executed.
23:45:57 INFO  : 'ps7_post_config' command is executed.
23:45:57 INFO  : Context for processor 'ps7_cortexa9_0' is selected.
23:45:58 INFO  : The application 'C:/Users/Philipp/Documents/Scratch/Vivado/vivado-training/freertos_tcp/freertos_tcp.sdk/zeth/Debug/zeth.elf' is downloaded to processor 'ps7_cortexa9_0'.
23:45:58 INFO  : 'configparams force-mem-access 0' command is executed.
23:45:58 INFO  : ----------------XSDB Script----------------
connect -url tcp:127.0.0.1:3121
source C:/Users/Philipp/Documents/Scratch/Vivado/vivado-training/freertos_tcp/freertos_tcp.sdk/zeth_wrapper_hw_platform_0/ps7_init.tcl
targets -set -nocase -filter {name =~"APU*" && jtag_cable_name =~ "Digilent Zybo 210279786405A"} -index 0
rst -system
after 3000
targets -set -filter {jtag_cable_name =~ "Digilent Zybo 210279786405A" && level==0} -index 1
fpga -file C:/Users/Philipp/Documents/Scratch/Vivado/vivado-training/freertos_tcp/freertos_tcp.sdk/zeth_wrapper_hw_platform_0/zeth_wrapper.bit
targets -set -nocase -filter {name =~"APU*" && jtag_cable_name =~ "Digilent Zybo 210279786405A"} -index 0
loadhw -hw C:/Users/Philipp/Documents/Scratch/Vivado/vivado-training/freertos_tcp/freertos_tcp.sdk/zeth_wrapper_hw_platform_0/system.hdf -mem-ranges [list {0x40000000 0xbfffffff}]
configparams force-mem-access 1
targets -set -nocase -filter {name =~"APU*" && jtag_cable_name =~ "Digilent Zybo 210279786405A"} -index 0
ps7_init
ps7_post_config
targets -set -nocase -filter {name =~ "ARM*#0" && jtag_cable_name =~ "Digilent Zybo 210279786405A"} -index 0
dow C:/Users/Philipp/Documents/Scratch/Vivado/vivado-training/freertos_tcp/freertos_tcp.sdk/zeth/Debug/zeth.elf
configparams force-mem-access 0
----------------End of Script----------------

23:45:58 INFO  : Memory regions updated for context APU
23:45:58 INFO  : Context for processor 'ps7_cortexa9_0' is selected.
23:45:58 INFO  : 'con' command is executed.
23:45:58 INFO  : ----------------XSDB Script (After Launch)----------------
targets -set -nocase -filter {name =~ "ARM*#0" && jtag_cable_name =~ "Digilent Zybo 210279786405A"} -index 0
con
----------------End of Script----------------

23:45:58 INFO  : Launch script is exported to file 'C:\Users\Philipp\Documents\Scratch\Vivado\vivado-training\freertos_tcp\freertos_tcp.sdk\.sdk\launch_scripts\xilinx_c-c++_application_(system_debugger)\system_debugger_using_debug_zeth.elf_on_local.tcl'
23:49:39 INFO  : Disconnected from the channel tcfchan#8.
23:49:40 INFO  : Connected to target on host '127.0.0.1' and port '3121'.
23:49:41 INFO  : Jtag cable 'Digilent Zybo 210279786405A' is selected.
23:49:41 INFO  : 'jtag frequency' command is executed.
23:49:41 INFO  : Sourcing of 'C:/Users/Philipp/Documents/Scratch/Vivado/vivado-training/freertos_tcp/freertos_tcp.sdk/zeth_wrapper_hw_platform_0/ps7_init.tcl' is done.
23:49:41 INFO  : Context for 'APU' is selected.
23:49:41 INFO  : System reset is completed.
23:49:44 INFO  : 'after 3000' command is executed.
23:49:44 INFO  : 'targets -set -filter {jtag_cable_name =~ "Digilent Zybo 210279786405A" && level==0} -index 1' command is executed.
23:49:45 INFO  : FPGA configured successfully with bitstream "C:/Users/Philipp/Documents/Scratch/Vivado/vivado-training/freertos_tcp/freertos_tcp.sdk/zeth_wrapper_hw_platform_0/zeth_wrapper.bit"
23:49:45 INFO  : Context for 'APU' is selected.
23:49:48 INFO  : Hardware design information is loaded from 'C:/Users/Philipp/Documents/Scratch/Vivado/vivado-training/freertos_tcp/freertos_tcp.sdk/zeth_wrapper_hw_platform_0/system.hdf'.
23:49:48 INFO  : 'configparams force-mem-access 1' command is executed.
23:49:48 INFO  : Context for 'APU' is selected.
23:49:49 INFO  : 'ps7_init' command is executed.
23:49:49 INFO  : 'ps7_post_config' command is executed.
23:49:49 INFO  : Context for processor 'ps7_cortexa9_0' is selected.
23:49:50 INFO  : The application 'C:/Users/Philipp/Documents/Scratch/Vivado/vivado-training/freertos_tcp/freertos_tcp.sdk/zeth/Debug/zeth.elf' is downloaded to processor 'ps7_cortexa9_0'.
23:49:50 INFO  : 'configparams force-mem-access 0' command is executed.
23:49:50 INFO  : ----------------XSDB Script----------------
connect -url tcp:127.0.0.1:3121
source C:/Users/Philipp/Documents/Scratch/Vivado/vivado-training/freertos_tcp/freertos_tcp.sdk/zeth_wrapper_hw_platform_0/ps7_init.tcl
targets -set -nocase -filter {name =~"APU*" && jtag_cable_name =~ "Digilent Zybo 210279786405A"} -index 0
rst -system
after 3000
targets -set -filter {jtag_cable_name =~ "Digilent Zybo 210279786405A" && level==0} -index 1
fpga -file C:/Users/Philipp/Documents/Scratch/Vivado/vivado-training/freertos_tcp/freertos_tcp.sdk/zeth_wrapper_hw_platform_0/zeth_wrapper.bit
targets -set -nocase -filter {name =~"APU*" && jtag_cable_name =~ "Digilent Zybo 210279786405A"} -index 0
loadhw -hw C:/Users/Philipp/Documents/Scratch/Vivado/vivado-training/freertos_tcp/freertos_tcp.sdk/zeth_wrapper_hw_platform_0/system.hdf -mem-ranges [list {0x40000000 0xbfffffff}]
configparams force-mem-access 1
targets -set -nocase -filter {name =~"APU*" && jtag_cable_name =~ "Digilent Zybo 210279786405A"} -index 0
ps7_init
ps7_post_config
targets -set -nocase -filter {name =~ "ARM*#0" && jtag_cable_name =~ "Digilent Zybo 210279786405A"} -index 0
dow C:/Users/Philipp/Documents/Scratch/Vivado/vivado-training/freertos_tcp/freertos_tcp.sdk/zeth/Debug/zeth.elf
configparams force-mem-access 0
----------------End of Script----------------

23:49:50 INFO  : Memory regions updated for context APU
23:49:50 INFO  : Context for processor 'ps7_cortexa9_0' is selected.
23:49:50 INFO  : 'con' command is executed.
23:49:50 INFO  : ----------------XSDB Script (After Launch)----------------
targets -set -nocase -filter {name =~ "ARM*#0" && jtag_cable_name =~ "Digilent Zybo 210279786405A"} -index 0
con
----------------End of Script----------------

23:49:50 INFO  : Launch script is exported to file 'C:\Users\Philipp\Documents\Scratch\Vivado\vivado-training\freertos_tcp\freertos_tcp.sdk\.sdk\launch_scripts\xilinx_c-c++_application_(system_debugger)\system_debugger_using_debug_zeth.elf_on_local.tcl'
23:56:53 INFO  : Disconnected from the channel tcfchan#9.
23:56:54 INFO  : Connected to target on host '127.0.0.1' and port '3121'.
23:56:54 INFO  : Jtag cable 'Digilent Zybo 210279786405A' is selected.
23:56:54 INFO  : 'jtag frequency' command is executed.
23:56:54 INFO  : Sourcing of 'C:/Users/Philipp/Documents/Scratch/Vivado/vivado-training/freertos_tcp/freertos_tcp.sdk/zeth_wrapper_hw_platform_0/ps7_init.tcl' is done.
23:56:54 INFO  : Context for 'APU' is selected.
23:56:54 INFO  : System reset is completed.
23:56:57 INFO  : 'after 3000' command is executed.
23:56:57 INFO  : 'targets -set -filter {jtag_cable_name =~ "Digilent Zybo 210279786405A" && level==0} -index 1' command is executed.
23:56:59 INFO  : FPGA configured successfully with bitstream "C:/Users/Philipp/Documents/Scratch/Vivado/vivado-training/freertos_tcp/freertos_tcp.sdk/zeth_wrapper_hw_platform_0/zeth_wrapper.bit"
23:56:59 INFO  : Context for 'APU' is selected.
23:57:02 INFO  : Hardware design information is loaded from 'C:/Users/Philipp/Documents/Scratch/Vivado/vivado-training/freertos_tcp/freertos_tcp.sdk/zeth_wrapper_hw_platform_0/system.hdf'.
23:57:02 INFO  : 'configparams force-mem-access 1' command is executed.
23:57:02 INFO  : Context for 'APU' is selected.
23:57:03 INFO  : 'ps7_init' command is executed.
23:57:03 INFO  : 'ps7_post_config' command is executed.
23:57:03 INFO  : Context for processor 'ps7_cortexa9_0' is selected.
23:57:03 INFO  : The application 'C:/Users/Philipp/Documents/Scratch/Vivado/vivado-training/freertos_tcp/freertos_tcp.sdk/zeth/Debug/zeth.elf' is downloaded to processor 'ps7_cortexa9_0'.
23:57:03 INFO  : 'configparams force-mem-access 0' command is executed.
23:57:03 INFO  : ----------------XSDB Script----------------
connect -url tcp:127.0.0.1:3121
source C:/Users/Philipp/Documents/Scratch/Vivado/vivado-training/freertos_tcp/freertos_tcp.sdk/zeth_wrapper_hw_platform_0/ps7_init.tcl
targets -set -nocase -filter {name =~"APU*" && jtag_cable_name =~ "Digilent Zybo 210279786405A"} -index 0
rst -system
after 3000
targets -set -filter {jtag_cable_name =~ "Digilent Zybo 210279786405A" && level==0} -index 1
fpga -file C:/Users/Philipp/Documents/Scratch/Vivado/vivado-training/freertos_tcp/freertos_tcp.sdk/zeth_wrapper_hw_platform_0/zeth_wrapper.bit
targets -set -nocase -filter {name =~"APU*" && jtag_cable_name =~ "Digilent Zybo 210279786405A"} -index 0
loadhw -hw C:/Users/Philipp/Documents/Scratch/Vivado/vivado-training/freertos_tcp/freertos_tcp.sdk/zeth_wrapper_hw_platform_0/system.hdf -mem-ranges [list {0x40000000 0xbfffffff}]
configparams force-mem-access 1
targets -set -nocase -filter {name =~"APU*" && jtag_cable_name =~ "Digilent Zybo 210279786405A"} -index 0
ps7_init
ps7_post_config
targets -set -nocase -filter {name =~ "ARM*#0" && jtag_cable_name =~ "Digilent Zybo 210279786405A"} -index 0
dow C:/Users/Philipp/Documents/Scratch/Vivado/vivado-training/freertos_tcp/freertos_tcp.sdk/zeth/Debug/zeth.elf
configparams force-mem-access 0
----------------End of Script----------------

23:57:03 INFO  : Memory regions updated for context APU
23:57:03 INFO  : Context for processor 'ps7_cortexa9_0' is selected.
23:57:03 INFO  : 'con' command is executed.
23:57:03 INFO  : ----------------XSDB Script (After Launch)----------------
targets -set -nocase -filter {name =~ "ARM*#0" && jtag_cable_name =~ "Digilent Zybo 210279786405A"} -index 0
con
----------------End of Script----------------

23:57:03 INFO  : Launch script is exported to file 'C:\Users\Philipp\Documents\Scratch\Vivado\vivado-training\freertos_tcp\freertos_tcp.sdk\.sdk\launch_scripts\xilinx_c-c++_application_(system_debugger)\system_debugger_using_debug_zeth.elf_on_local.tcl'
00:00:02 INFO  : Disconnected from the channel tcfchan#10.
00:00:03 INFO  : Connected to target on host '127.0.0.1' and port '3121'.
00:00:04 INFO  : Jtag cable 'Digilent Zybo 210279786405A' is selected.
00:00:04 INFO  : 'jtag frequency' command is executed.
00:00:04 INFO  : Sourcing of 'C:/Users/Philipp/Documents/Scratch/Vivado/vivado-training/freertos_tcp/freertos_tcp.sdk/zeth_wrapper_hw_platform_0/ps7_init.tcl' is done.
00:00:04 INFO  : Context for 'APU' is selected.
00:00:04 INFO  : System reset is completed.
00:00:07 INFO  : 'after 3000' command is executed.
00:00:07 INFO  : 'targets -set -filter {jtag_cable_name =~ "Digilent Zybo 210279786405A" && level==0} -index 1' command is executed.
00:00:09 INFO  : FPGA configured successfully with bitstream "C:/Users/Philipp/Documents/Scratch/Vivado/vivado-training/freertos_tcp/freertos_tcp.sdk/zeth_wrapper_hw_platform_0/zeth_wrapper.bit"
00:00:09 INFO  : Context for 'APU' is selected.
00:00:11 INFO  : Hardware design information is loaded from 'C:/Users/Philipp/Documents/Scratch/Vivado/vivado-training/freertos_tcp/freertos_tcp.sdk/zeth_wrapper_hw_platform_0/system.hdf'.
00:00:11 INFO  : 'configparams force-mem-access 1' command is executed.
00:00:11 INFO  : Context for 'APU' is selected.
00:00:12 INFO  : 'ps7_init' command is executed.
00:00:12 INFO  : 'ps7_post_config' command is executed.
00:00:12 INFO  : Context for processor 'ps7_cortexa9_0' is selected.
00:00:13 INFO  : The application 'C:/Users/Philipp/Documents/Scratch/Vivado/vivado-training/freertos_tcp/freertos_tcp.sdk/zeth/Debug/zeth.elf' is downloaded to processor 'ps7_cortexa9_0'.
00:00:13 INFO  : 'configparams force-mem-access 0' command is executed.
00:00:13 INFO  : ----------------XSDB Script----------------
connect -url tcp:127.0.0.1:3121
source C:/Users/Philipp/Documents/Scratch/Vivado/vivado-training/freertos_tcp/freertos_tcp.sdk/zeth_wrapper_hw_platform_0/ps7_init.tcl
targets -set -nocase -filter {name =~"APU*" && jtag_cable_name =~ "Digilent Zybo 210279786405A"} -index 0
rst -system
after 3000
targets -set -filter {jtag_cable_name =~ "Digilent Zybo 210279786405A" && level==0} -index 1
fpga -file C:/Users/Philipp/Documents/Scratch/Vivado/vivado-training/freertos_tcp/freertos_tcp.sdk/zeth_wrapper_hw_platform_0/zeth_wrapper.bit
targets -set -nocase -filter {name =~"APU*" && jtag_cable_name =~ "Digilent Zybo 210279786405A"} -index 0
loadhw -hw C:/Users/Philipp/Documents/Scratch/Vivado/vivado-training/freertos_tcp/freertos_tcp.sdk/zeth_wrapper_hw_platform_0/system.hdf -mem-ranges [list {0x40000000 0xbfffffff}]
configparams force-mem-access 1
targets -set -nocase -filter {name =~"APU*" && jtag_cable_name =~ "Digilent Zybo 210279786405A"} -index 0
ps7_init
ps7_post_config
targets -set -nocase -filter {name =~ "ARM*#0" && jtag_cable_name =~ "Digilent Zybo 210279786405A"} -index 0
dow C:/Users/Philipp/Documents/Scratch/Vivado/vivado-training/freertos_tcp/freertos_tcp.sdk/zeth/Debug/zeth.elf
configparams force-mem-access 0
----------------End of Script----------------

00:00:13 INFO  : Memory regions updated for context APU
00:00:13 INFO  : Context for processor 'ps7_cortexa9_0' is selected.
00:00:13 INFO  : 'con' command is executed.
00:00:13 INFO  : ----------------XSDB Script (After Launch)----------------
targets -set -nocase -filter {name =~ "ARM*#0" && jtag_cable_name =~ "Digilent Zybo 210279786405A"} -index 0
con
----------------End of Script----------------

00:00:13 INFO  : Launch script is exported to file 'C:\Users\Philipp\Documents\Scratch\Vivado\vivado-training\freertos_tcp\freertos_tcp.sdk\.sdk\launch_scripts\xilinx_c-c++_application_(system_debugger)\system_debugger_using_debug_zeth.elf_on_local.tcl'
00:13:09 INFO  : SDK has detected change in the last modified timestamps for source hardware specification file Source:1505340773525,  Project:1505333242686
00:13:09 INFO  : Project zeth_wrapper_hw_platform_0's source hardware specification located at C:/Users/Philipp/Documents/Scratch/Vivado/vivado-training/freertos_tcp/freertos_tcp.sdk/zeth_wrapper.hdf is now different from the local copy.
		 The local copy will be replaced with the source specification and your workspace will be updated.
00:13:11 INFO  : Copied contents of C:/Users/Philipp/Documents/Scratch/Vivado/vivado-training/freertos_tcp/freertos_tcp.sdk/zeth_wrapper.hdf into \zeth_wrapper_hw_platform_0\system.hdf.
00:13:16 INFO  : Synchronizing projects in the workspace with the hardware platform specification changes.
00:13:24 INFO  : 
00:13:25 INFO  : Updating hardware inferred compiler options for zeth.
00:13:25 INFO  : Clearing existing target manager status.
00:13:27 INFO  : Closing and re-opening the MSS file of ther project zeth_bsp
00:13:28 INFO  : Workspace synchronized with the new hardware specification file. Cleaning dependent projects...
00:13:30 WARN  : Linker script will not be updated automatically. Users need to update it manually.
00:14:23 INFO  : Disconnected from the channel tcfchan#11.
00:14:25 INFO  : Connected to target on host '127.0.0.1' and port '3121'.
00:14:34 INFO  : ----------------XSDB Script----------------
connect -url tcp:127.0.0.1:3121
----------------End of Script----------------

00:14:47 INFO  : Connected to target on host '127.0.0.1' and port '3121'.
00:14:47 INFO  : Jtag cable 'Digilent Zybo 210279786405A' is selected.
00:14:47 INFO  : 'jtag frequency' command is executed.
00:14:47 INFO  : Sourcing of 'C:/Users/Philipp/Documents/Scratch/Vivado/vivado-training/freertos_tcp/freertos_tcp.sdk/zeth_wrapper_hw_platform_0/ps7_init.tcl' is done.
00:14:47 INFO  : Context for 'APU' is selected.
00:14:48 INFO  : System reset is completed.
00:14:51 INFO  : 'after 3000' command is executed.
00:14:51 INFO  : 'targets -set -filter {jtag_cable_name =~ "Digilent Zybo 210279786405A" && level==0} -index 1' command is executed.
00:14:52 INFO  : FPGA configured successfully with bitstream "C:/Users/Philipp/Documents/Scratch/Vivado/vivado-training/freertos_tcp/freertos_tcp.sdk/zeth_wrapper_hw_platform_0/zeth_wrapper.bit"
00:14:52 INFO  : Context for 'APU' is selected.
00:14:52 INFO  : Hardware design information is loaded from 'C:/Users/Philipp/Documents/Scratch/Vivado/vivado-training/freertos_tcp/freertos_tcp.sdk/zeth_wrapper_hw_platform_0/system.hdf'.
00:14:52 INFO  : 'configparams force-mem-access 1' command is executed.
00:14:52 INFO  : Context for 'APU' is selected.
00:14:53 INFO  : 'ps7_init' command is executed.
00:14:53 INFO  : 'ps7_post_config' command is executed.
00:14:53 INFO  : Context for processor 'ps7_cortexa9_0' is selected.
00:14:53 INFO  : The application 'C:/Users/Philipp/Documents/Scratch/Vivado/vivado-training/freertos_tcp/freertos_tcp.sdk/zeth/Debug/zeth.elf' is downloaded to processor 'ps7_cortexa9_0'.
00:14:53 INFO  : 'configparams force-mem-access 0' command is executed.
00:14:53 INFO  : ----------------XSDB Script----------------
connect -url tcp:127.0.0.1:3121
source C:/Users/Philipp/Documents/Scratch/Vivado/vivado-training/freertos_tcp/freertos_tcp.sdk/zeth_wrapper_hw_platform_0/ps7_init.tcl
targets -set -nocase -filter {name =~"APU*" && jtag_cable_name =~ "Digilent Zybo 210279786405A"} -index 0
rst -system
after 3000
targets -set -filter {jtag_cable_name =~ "Digilent Zybo 210279786405A" && level==0} -index 1
fpga -file C:/Users/Philipp/Documents/Scratch/Vivado/vivado-training/freertos_tcp/freertos_tcp.sdk/zeth_wrapper_hw_platform_0/zeth_wrapper.bit
targets -set -nocase -filter {name =~"APU*" && jtag_cable_name =~ "Digilent Zybo 210279786405A"} -index 0
loadhw -hw C:/Users/Philipp/Documents/Scratch/Vivado/vivado-training/freertos_tcp/freertos_tcp.sdk/zeth_wrapper_hw_platform_0/system.hdf -mem-ranges [list {0x40000000 0xbfffffff}]
configparams force-mem-access 1
targets -set -nocase -filter {name =~"APU*" && jtag_cable_name =~ "Digilent Zybo 210279786405A"} -index 0
ps7_init
ps7_post_config
targets -set -nocase -filter {name =~ "ARM*#0" && jtag_cable_name =~ "Digilent Zybo 210279786405A"} -index 0
dow C:/Users/Philipp/Documents/Scratch/Vivado/vivado-training/freertos_tcp/freertos_tcp.sdk/zeth/Debug/zeth.elf
configparams force-mem-access 0
----------------End of Script----------------

00:14:54 INFO  : Memory regions updated for context APU
00:14:54 INFO  : Context for processor 'ps7_cortexa9_0' is selected.
00:14:54 INFO  : 'con' command is executed.
00:14:54 INFO  : ----------------XSDB Script (After Launch)----------------
targets -set -nocase -filter {name =~ "ARM*#0" && jtag_cable_name =~ "Digilent Zybo 210279786405A"} -index 0
con
----------------End of Script----------------

00:14:54 INFO  : Launch script is exported to file 'C:\Users\Philipp\Documents\Scratch\Vivado\vivado-training\freertos_tcp\freertos_tcp.sdk\.sdk\launch_scripts\xilinx_c-c++_application_(system_debugger)\system_debugger_using_debug_zeth.elf_on_local.tcl'
00:15:36 INFO  : Disconnected from the channel tcfchan#12.
00:15:37 INFO  : Connected to target on host '127.0.0.1' and port '3121'.
00:15:37 INFO  : Jtag cable 'Digilent Zybo 210279786405A' is selected.
00:15:37 INFO  : 'jtag frequency' command is executed.
00:15:37 INFO  : Sourcing of 'C:/Users/Philipp/Documents/Scratch/Vivado/vivado-training/freertos_tcp/freertos_tcp.sdk/zeth_wrapper_hw_platform_0/ps7_init.tcl' is done.
00:15:37 INFO  : Context for 'APU' is selected.
00:15:37 INFO  : System reset is completed.
00:15:40 INFO  : 'after 3000' command is executed.
00:15:41 INFO  : 'targets -set -filter {jtag_cable_name =~ "Digilent Zybo 210279786405A" && level==0} -index 1' command is executed.
00:15:42 INFO  : FPGA configured successfully with bitstream "C:/Users/Philipp/Documents/Scratch/Vivado/vivado-training/freertos_tcp/freertos_tcp.sdk/zeth_wrapper_hw_platform_0/zeth_wrapper.bit"
00:15:42 INFO  : Context for 'APU' is selected.
00:15:45 INFO  : Hardware design information is loaded from 'C:/Users/Philipp/Documents/Scratch/Vivado/vivado-training/freertos_tcp/freertos_tcp.sdk/zeth_wrapper_hw_platform_0/system.hdf'.
00:15:45 INFO  : 'configparams force-mem-access 1' command is executed.
00:15:45 INFO  : Context for 'APU' is selected.
00:15:46 INFO  : 'ps7_init' command is executed.
00:15:46 INFO  : 'ps7_post_config' command is executed.
00:15:46 INFO  : Context for processor 'ps7_cortexa9_0' is selected.
00:15:47 INFO  : The application 'C:/Users/Philipp/Documents/Scratch/Vivado/vivado-training/freertos_tcp/freertos_tcp.sdk/zeth/Debug/zeth.elf' is downloaded to processor 'ps7_cortexa9_0'.
00:15:47 INFO  : 'configparams force-mem-access 0' command is executed.
00:15:47 INFO  : ----------------XSDB Script----------------
connect -url tcp:127.0.0.1:3121
source C:/Users/Philipp/Documents/Scratch/Vivado/vivado-training/freertos_tcp/freertos_tcp.sdk/zeth_wrapper_hw_platform_0/ps7_init.tcl
targets -set -nocase -filter {name =~"APU*" && jtag_cable_name =~ "Digilent Zybo 210279786405A"} -index 0
rst -system
after 3000
targets -set -filter {jtag_cable_name =~ "Digilent Zybo 210279786405A" && level==0} -index 1
fpga -file C:/Users/Philipp/Documents/Scratch/Vivado/vivado-training/freertos_tcp/freertos_tcp.sdk/zeth_wrapper_hw_platform_0/zeth_wrapper.bit
targets -set -nocase -filter {name =~"APU*" && jtag_cable_name =~ "Digilent Zybo 210279786405A"} -index 0
loadhw -hw C:/Users/Philipp/Documents/Scratch/Vivado/vivado-training/freertos_tcp/freertos_tcp.sdk/zeth_wrapper_hw_platform_0/system.hdf -mem-ranges [list {0x40000000 0xbfffffff}]
configparams force-mem-access 1
targets -set -nocase -filter {name =~"APU*" && jtag_cable_name =~ "Digilent Zybo 210279786405A"} -index 0
ps7_init
ps7_post_config
targets -set -nocase -filter {name =~ "ARM*#0" && jtag_cable_name =~ "Digilent Zybo 210279786405A"} -index 0
dow C:/Users/Philipp/Documents/Scratch/Vivado/vivado-training/freertos_tcp/freertos_tcp.sdk/zeth/Debug/zeth.elf
configparams force-mem-access 0
----------------End of Script----------------

00:15:47 INFO  : Memory regions updated for context APU
00:15:47 INFO  : Context for processor 'ps7_cortexa9_0' is selected.
00:15:47 INFO  : 'con' command is executed.
00:15:47 INFO  : ----------------XSDB Script (After Launch)----------------
targets -set -nocase -filter {name =~ "ARM*#0" && jtag_cable_name =~ "Digilent Zybo 210279786405A"} -index 0
con
----------------End of Script----------------

00:15:47 INFO  : Launch script is exported to file 'C:\Users\Philipp\Documents\Scratch\Vivado\vivado-training\freertos_tcp\freertos_tcp.sdk\.sdk\launch_scripts\xilinx_c-c++_application_(system_debugger)\system_debugger_using_debug_zeth.elf_on_local.tcl'
00:16:54 INFO  : Refreshed build settings on project zeth
00:17:42 INFO  : Disconnected from the channel tcfchan#13.
00:17:43 INFO  : Connected to target on host '127.0.0.1' and port '3121'.
00:17:44 INFO  : Jtag cable 'Digilent Zybo 210279786405A' is selected.
00:17:44 INFO  : 'jtag frequency' command is executed.
00:17:44 INFO  : Sourcing of 'C:/Users/Philipp/Documents/Scratch/Vivado/vivado-training/freertos_tcp/freertos_tcp.sdk/zeth_wrapper_hw_platform_0/ps7_init.tcl' is done.
00:17:44 INFO  : Context for 'APU' is selected.
00:17:44 INFO  : System reset is completed.
00:17:47 INFO  : 'after 3000' command is executed.
00:17:47 INFO  : 'targets -set -filter {jtag_cable_name =~ "Digilent Zybo 210279786405A" && level==0} -index 1' command is executed.
00:17:48 INFO  : FPGA configured successfully with bitstream "C:/Users/Philipp/Documents/Scratch/Vivado/vivado-training/freertos_tcp/freertos_tcp.sdk/zeth_wrapper_hw_platform_0/zeth_wrapper.bit"
00:17:48 INFO  : Context for 'APU' is selected.
00:17:49 INFO  : Hardware design information is loaded from 'C:/Users/Philipp/Documents/Scratch/Vivado/vivado-training/freertos_tcp/freertos_tcp.sdk/zeth_wrapper_hw_platform_0/system.hdf'.
00:17:49 INFO  : 'configparams force-mem-access 1' command is executed.
00:17:49 INFO  : Context for 'APU' is selected.
00:17:49 INFO  : 'ps7_init' command is executed.
00:17:49 INFO  : 'ps7_post_config' command is executed.
00:17:49 INFO  : Context for processor 'ps7_cortexa9_0' is selected.
00:17:50 INFO  : The application 'C:/Users/Philipp/Documents/Scratch/Vivado/vivado-training/freertos_tcp/freertos_tcp.sdk/zeth/Debug/zeth.elf' is downloaded to processor 'ps7_cortexa9_0'.
00:17:50 INFO  : 'configparams force-mem-access 0' command is executed.
00:17:50 INFO  : ----------------XSDB Script----------------
connect -url tcp:127.0.0.1:3121
source C:/Users/Philipp/Documents/Scratch/Vivado/vivado-training/freertos_tcp/freertos_tcp.sdk/zeth_wrapper_hw_platform_0/ps7_init.tcl
targets -set -nocase -filter {name =~"APU*" && jtag_cable_name =~ "Digilent Zybo 210279786405A"} -index 0
rst -system
after 3000
targets -set -filter {jtag_cable_name =~ "Digilent Zybo 210279786405A" && level==0} -index 1
fpga -file C:/Users/Philipp/Documents/Scratch/Vivado/vivado-training/freertos_tcp/freertos_tcp.sdk/zeth_wrapper_hw_platform_0/zeth_wrapper.bit
targets -set -nocase -filter {name =~"APU*" && jtag_cable_name =~ "Digilent Zybo 210279786405A"} -index 0
loadhw -hw C:/Users/Philipp/Documents/Scratch/Vivado/vivado-training/freertos_tcp/freertos_tcp.sdk/zeth_wrapper_hw_platform_0/system.hdf -mem-ranges [list {0x40000000 0xbfffffff}]
configparams force-mem-access 1
targets -set -nocase -filter {name =~"APU*" && jtag_cable_name =~ "Digilent Zybo 210279786405A"} -index 0
ps7_init
ps7_post_config
targets -set -nocase -filter {name =~ "ARM*#0" && jtag_cable_name =~ "Digilent Zybo 210279786405A"} -index 0
dow C:/Users/Philipp/Documents/Scratch/Vivado/vivado-training/freertos_tcp/freertos_tcp.sdk/zeth/Debug/zeth.elf
configparams force-mem-access 0
----------------End of Script----------------

00:17:50 INFO  : Memory regions updated for context APU
00:17:50 INFO  : Context for processor 'ps7_cortexa9_0' is selected.
00:17:50 INFO  : 'con' command is executed.
00:17:50 INFO  : ----------------XSDB Script (After Launch)----------------
targets -set -nocase -filter {name =~ "ARM*#0" && jtag_cable_name =~ "Digilent Zybo 210279786405A"} -index 0
con
----------------End of Script----------------

00:17:50 INFO  : Launch script is exported to file 'C:\Users\Philipp\Documents\Scratch\Vivado\vivado-training\freertos_tcp\freertos_tcp.sdk\.sdk\launch_scripts\xilinx_c-c++_application_(system_debugger)\system_debugger_using_debug_zeth.elf_on_local.tcl'
00:21:45 INFO  : Disconnected from the channel tcfchan#14.
00:21:46 INFO  : Connected to target on host '127.0.0.1' and port '3121'.
00:21:47 INFO  : Jtag cable 'Digilent Zybo 210279786405A' is selected.
00:21:47 INFO  : 'jtag frequency' command is executed.
00:21:47 INFO  : Sourcing of 'C:/Users/Philipp/Documents/Scratch/Vivado/vivado-training/freertos_tcp/freertos_tcp.sdk/zeth_wrapper_hw_platform_0/ps7_init.tcl' is done.
00:21:47 INFO  : Context for 'APU' is selected.
00:21:47 INFO  : System reset is completed.
00:21:50 INFO  : 'after 3000' command is executed.
00:21:50 INFO  : 'targets -set -filter {jtag_cable_name =~ "Digilent Zybo 210279786405A" && level==0} -index 1' command is executed.
00:21:52 INFO  : FPGA configured successfully with bitstream "C:/Users/Philipp/Documents/Scratch/Vivado/vivado-training/freertos_tcp/freertos_tcp.sdk/zeth_wrapper_hw_platform_0/zeth_wrapper.bit"
00:21:52 INFO  : Context for 'APU' is selected.
00:21:52 INFO  : Hardware design information is loaded from 'C:/Users/Philipp/Documents/Scratch/Vivado/vivado-training/freertos_tcp/freertos_tcp.sdk/zeth_wrapper_hw_platform_0/system.hdf'.
00:21:52 INFO  : 'configparams force-mem-access 1' command is executed.
00:21:52 INFO  : Context for 'APU' is selected.
00:21:53 INFO  : 'ps7_init' command is executed.
00:21:53 INFO  : 'ps7_post_config' command is executed.
00:21:53 INFO  : Context for processor 'ps7_cortexa9_0' is selected.
00:21:53 INFO  : The application 'C:/Users/Philipp/Documents/Scratch/Vivado/vivado-training/freertos_tcp/freertos_tcp.sdk/zeth/Debug/zeth.elf' is downloaded to processor 'ps7_cortexa9_0'.
00:21:53 INFO  : 'configparams force-mem-access 0' command is executed.
00:21:53 INFO  : ----------------XSDB Script----------------
connect -url tcp:127.0.0.1:3121
source C:/Users/Philipp/Documents/Scratch/Vivado/vivado-training/freertos_tcp/freertos_tcp.sdk/zeth_wrapper_hw_platform_0/ps7_init.tcl
targets -set -nocase -filter {name =~"APU*" && jtag_cable_name =~ "Digilent Zybo 210279786405A"} -index 0
rst -system
after 3000
targets -set -filter {jtag_cable_name =~ "Digilent Zybo 210279786405A" && level==0} -index 1
fpga -file C:/Users/Philipp/Documents/Scratch/Vivado/vivado-training/freertos_tcp/freertos_tcp.sdk/zeth_wrapper_hw_platform_0/zeth_wrapper.bit
targets -set -nocase -filter {name =~"APU*" && jtag_cable_name =~ "Digilent Zybo 210279786405A"} -index 0
loadhw -hw C:/Users/Philipp/Documents/Scratch/Vivado/vivado-training/freertos_tcp/freertos_tcp.sdk/zeth_wrapper_hw_platform_0/system.hdf -mem-ranges [list {0x40000000 0xbfffffff}]
configparams force-mem-access 1
targets -set -nocase -filter {name =~"APU*" && jtag_cable_name =~ "Digilent Zybo 210279786405A"} -index 0
ps7_init
ps7_post_config
targets -set -nocase -filter {name =~ "ARM*#0" && jtag_cable_name =~ "Digilent Zybo 210279786405A"} -index 0
dow C:/Users/Philipp/Documents/Scratch/Vivado/vivado-training/freertos_tcp/freertos_tcp.sdk/zeth/Debug/zeth.elf
configparams force-mem-access 0
----------------End of Script----------------

00:21:53 INFO  : Memory regions updated for context APU
00:21:53 INFO  : Context for processor 'ps7_cortexa9_0' is selected.
00:21:54 INFO  : 'con' command is executed.
00:21:54 INFO  : ----------------XSDB Script (After Launch)----------------
targets -set -nocase -filter {name =~ "ARM*#0" && jtag_cable_name =~ "Digilent Zybo 210279786405A"} -index 0
con
----------------End of Script----------------

00:21:54 INFO  : Launch script is exported to file 'C:\Users\Philipp\Documents\Scratch\Vivado\vivado-training\freertos_tcp\freertos_tcp.sdk\.sdk\launch_scripts\xilinx_c-c++_application_(system_debugger)\system_debugger_using_debug_zeth.elf_on_local.tcl'
00:32:30 INFO  : Disconnected from the channel tcfchan#15.
00:32:31 INFO  : Connected to target on host '127.0.0.1' and port '3121'.
00:32:31 INFO  : Jtag cable 'Digilent Zybo 210279786405A' is selected.
00:32:31 INFO  : 'jtag frequency' command is executed.
00:32:31 INFO  : Sourcing of 'C:/Users/Philipp/Documents/Scratch/Vivado/vivado-training/freertos_tcp/freertos_tcp.sdk/zeth_wrapper_hw_platform_0/ps7_init.tcl' is done.
00:32:31 INFO  : Context for 'APU' is selected.
00:32:31 INFO  : System reset is completed.
00:32:34 INFO  : 'after 3000' command is executed.
00:32:35 INFO  : 'targets -set -filter {jtag_cable_name =~ "Digilent Zybo 210279786405A" && level==0} -index 1' command is executed.
00:32:36 INFO  : FPGA configured successfully with bitstream "C:/Users/Philipp/Documents/Scratch/Vivado/vivado-training/freertos_tcp/freertos_tcp.sdk/zeth_wrapper_hw_platform_0/zeth_wrapper.bit"
00:32:36 INFO  : Context for 'APU' is selected.
00:32:36 INFO  : Hardware design information is loaded from 'C:/Users/Philipp/Documents/Scratch/Vivado/vivado-training/freertos_tcp/freertos_tcp.sdk/zeth_wrapper_hw_platform_0/system.hdf'.
00:32:36 INFO  : 'configparams force-mem-access 1' command is executed.
00:32:36 INFO  : Context for 'APU' is selected.
00:32:37 INFO  : 'ps7_init' command is executed.
00:32:37 INFO  : 'ps7_post_config' command is executed.
00:32:37 INFO  : Context for processor 'ps7_cortexa9_0' is selected.
00:32:37 INFO  : The application 'C:/Users/Philipp/Documents/Scratch/Vivado/vivado-training/freertos_tcp/freertos_tcp.sdk/zeth/Debug/zeth.elf' is downloaded to processor 'ps7_cortexa9_0'.
00:32:37 INFO  : 'configparams force-mem-access 0' command is executed.
00:32:37 INFO  : ----------------XSDB Script----------------
connect -url tcp:127.0.0.1:3121
source C:/Users/Philipp/Documents/Scratch/Vivado/vivado-training/freertos_tcp/freertos_tcp.sdk/zeth_wrapper_hw_platform_0/ps7_init.tcl
targets -set -nocase -filter {name =~"APU*" && jtag_cable_name =~ "Digilent Zybo 210279786405A"} -index 0
rst -system
after 3000
targets -set -filter {jtag_cable_name =~ "Digilent Zybo 210279786405A" && level==0} -index 1
fpga -file C:/Users/Philipp/Documents/Scratch/Vivado/vivado-training/freertos_tcp/freertos_tcp.sdk/zeth_wrapper_hw_platform_0/zeth_wrapper.bit
targets -set -nocase -filter {name =~"APU*" && jtag_cable_name =~ "Digilent Zybo 210279786405A"} -index 0
loadhw -hw C:/Users/Philipp/Documents/Scratch/Vivado/vivado-training/freertos_tcp/freertos_tcp.sdk/zeth_wrapper_hw_platform_0/system.hdf -mem-ranges [list {0x40000000 0xbfffffff}]
configparams force-mem-access 1
targets -set -nocase -filter {name =~"APU*" && jtag_cable_name =~ "Digilent Zybo 210279786405A"} -index 0
ps7_init
ps7_post_config
targets -set -nocase -filter {name =~ "ARM*#0" && jtag_cable_name =~ "Digilent Zybo 210279786405A"} -index 0
dow C:/Users/Philipp/Documents/Scratch/Vivado/vivado-training/freertos_tcp/freertos_tcp.sdk/zeth/Debug/zeth.elf
configparams force-mem-access 0
----------------End of Script----------------

00:32:38 INFO  : Memory regions updated for context APU
00:32:38 INFO  : Context for processor 'ps7_cortexa9_0' is selected.
00:32:38 INFO  : 'con' command is executed.
00:32:38 INFO  : ----------------XSDB Script (After Launch)----------------
targets -set -nocase -filter {name =~ "ARM*#0" && jtag_cable_name =~ "Digilent Zybo 210279786405A"} -index 0
con
----------------End of Script----------------

00:32:38 INFO  : Launch script is exported to file 'C:\Users\Philipp\Documents\Scratch\Vivado\vivado-training\freertos_tcp\freertos_tcp.sdk\.sdk\launch_scripts\xilinx_c-c++_application_(system_debugger)\system_debugger_using_debug_zeth.elf_on_local.tcl'
00:34:00 INFO  : Disconnected from the channel tcfchan#16.
00:34:01 INFO  : Connected to target on host '127.0.0.1' and port '3121'.
00:34:02 INFO  : Jtag cable 'Digilent Zybo 210279786405A' is selected.
00:34:02 INFO  : 'jtag frequency' command is executed.
00:34:02 INFO  : Sourcing of 'C:/Users/Philipp/Documents/Scratch/Vivado/vivado-training/freertos_tcp/freertos_tcp.sdk/zeth_wrapper_hw_platform_0/ps7_init.tcl' is done.
00:34:02 INFO  : Context for 'APU' is selected.
00:34:02 INFO  : System reset is completed.
00:34:05 INFO  : 'after 3000' command is executed.
00:34:05 INFO  : 'targets -set -filter {jtag_cable_name =~ "Digilent Zybo 210279786405A" && level==0} -index 1' command is executed.
00:34:06 INFO  : FPGA configured successfully with bitstream "C:/Users/Philipp/Documents/Scratch/Vivado/vivado-training/freertos_tcp/freertos_tcp.sdk/zeth_wrapper_hw_platform_0/zeth_wrapper.bit"
00:34:06 INFO  : Context for 'APU' is selected.
00:34:06 INFO  : Hardware design information is loaded from 'C:/Users/Philipp/Documents/Scratch/Vivado/vivado-training/freertos_tcp/freertos_tcp.sdk/zeth_wrapper_hw_platform_0/system.hdf'.
00:34:06 INFO  : 'configparams force-mem-access 1' command is executed.
00:34:06 INFO  : Context for 'APU' is selected.
00:34:07 INFO  : 'ps7_init' command is executed.
00:34:07 INFO  : 'ps7_post_config' command is executed.
00:34:07 INFO  : Context for processor 'ps7_cortexa9_0' is selected.
00:34:08 INFO  : The application 'C:/Users/Philipp/Documents/Scratch/Vivado/vivado-training/freertos_tcp/freertos_tcp.sdk/zeth/Debug/zeth.elf' is downloaded to processor 'ps7_cortexa9_0'.
00:34:08 INFO  : 'configparams force-mem-access 0' command is executed.
00:34:08 INFO  : ----------------XSDB Script----------------
connect -url tcp:127.0.0.1:3121
source C:/Users/Philipp/Documents/Scratch/Vivado/vivado-training/freertos_tcp/freertos_tcp.sdk/zeth_wrapper_hw_platform_0/ps7_init.tcl
targets -set -nocase -filter {name =~"APU*" && jtag_cable_name =~ "Digilent Zybo 210279786405A"} -index 0
rst -system
after 3000
targets -set -filter {jtag_cable_name =~ "Digilent Zybo 210279786405A" && level==0} -index 1
fpga -file C:/Users/Philipp/Documents/Scratch/Vivado/vivado-training/freertos_tcp/freertos_tcp.sdk/zeth_wrapper_hw_platform_0/zeth_wrapper.bit
targets -set -nocase -filter {name =~"APU*" && jtag_cable_name =~ "Digilent Zybo 210279786405A"} -index 0
loadhw -hw C:/Users/Philipp/Documents/Scratch/Vivado/vivado-training/freertos_tcp/freertos_tcp.sdk/zeth_wrapper_hw_platform_0/system.hdf -mem-ranges [list {0x40000000 0xbfffffff}]
configparams force-mem-access 1
targets -set -nocase -filter {name =~"APU*" && jtag_cable_name =~ "Digilent Zybo 210279786405A"} -index 0
ps7_init
ps7_post_config
targets -set -nocase -filter {name =~ "ARM*#0" && jtag_cable_name =~ "Digilent Zybo 210279786405A"} -index 0
dow C:/Users/Philipp/Documents/Scratch/Vivado/vivado-training/freertos_tcp/freertos_tcp.sdk/zeth/Debug/zeth.elf
configparams force-mem-access 0
----------------End of Script----------------

00:34:08 INFO  : Memory regions updated for context APU
00:34:08 INFO  : Context for processor 'ps7_cortexa9_0' is selected.
00:34:08 INFO  : 'con' command is executed.
00:34:08 INFO  : ----------------XSDB Script (After Launch)----------------
targets -set -nocase -filter {name =~ "ARM*#0" && jtag_cable_name =~ "Digilent Zybo 210279786405A"} -index 0
con
----------------End of Script----------------

00:34:08 INFO  : Launch script is exported to file 'C:\Users\Philipp\Documents\Scratch\Vivado\vivado-training\freertos_tcp\freertos_tcp.sdk\.sdk\launch_scripts\xilinx_c-c++_application_(system_debugger)\system_debugger_using_debug_zeth.elf_on_local.tcl'
00:36:42 INFO  : Disconnected from the channel tcfchan#17.
00:36:43 INFO  : Connected to target on host '127.0.0.1' and port '3121'.
00:36:43 INFO  : Jtag cable 'Digilent Zybo 210279786405A' is selected.
00:36:43 INFO  : 'jtag frequency' command is executed.
00:36:43 INFO  : Sourcing of 'C:/Users/Philipp/Documents/Scratch/Vivado/vivado-training/freertos_tcp/freertos_tcp.sdk/zeth_wrapper_hw_platform_0/ps7_init.tcl' is done.
00:36:44 INFO  : Context for 'APU' is selected.
00:36:44 INFO  : System reset is completed.
00:36:47 INFO  : 'after 3000' command is executed.
00:36:47 INFO  : 'targets -set -filter {jtag_cable_name =~ "Digilent Zybo 210279786405A" && level==0} -index 1' command is executed.
00:36:48 INFO  : FPGA configured successfully with bitstream "C:/Users/Philipp/Documents/Scratch/Vivado/vivado-training/freertos_tcp/freertos_tcp.sdk/zeth_wrapper_hw_platform_0/zeth_wrapper.bit"
00:36:48 INFO  : Context for 'APU' is selected.
00:36:48 INFO  : Hardware design information is loaded from 'C:/Users/Philipp/Documents/Scratch/Vivado/vivado-training/freertos_tcp/freertos_tcp.sdk/zeth_wrapper_hw_platform_0/system.hdf'.
00:36:48 INFO  : 'configparams force-mem-access 1' command is executed.
00:36:48 INFO  : Context for 'APU' is selected.
00:36:49 INFO  : 'ps7_init' command is executed.
00:36:49 INFO  : 'ps7_post_config' command is executed.
00:36:49 INFO  : Context for processor 'ps7_cortexa9_0' is selected.
00:36:50 INFO  : The application 'C:/Users/Philipp/Documents/Scratch/Vivado/vivado-training/freertos_tcp/freertos_tcp.sdk/zeth/Debug/zeth.elf' is downloaded to processor 'ps7_cortexa9_0'.
00:36:50 INFO  : 'configparams force-mem-access 0' command is executed.
00:36:50 INFO  : ----------------XSDB Script----------------
connect -url tcp:127.0.0.1:3121
source C:/Users/Philipp/Documents/Scratch/Vivado/vivado-training/freertos_tcp/freertos_tcp.sdk/zeth_wrapper_hw_platform_0/ps7_init.tcl
targets -set -nocase -filter {name =~"APU*" && jtag_cable_name =~ "Digilent Zybo 210279786405A"} -index 0
rst -system
after 3000
targets -set -filter {jtag_cable_name =~ "Digilent Zybo 210279786405A" && level==0} -index 1
fpga -file C:/Users/Philipp/Documents/Scratch/Vivado/vivado-training/freertos_tcp/freertos_tcp.sdk/zeth_wrapper_hw_platform_0/zeth_wrapper.bit
targets -set -nocase -filter {name =~"APU*" && jtag_cable_name =~ "Digilent Zybo 210279786405A"} -index 0
loadhw -hw C:/Users/Philipp/Documents/Scratch/Vivado/vivado-training/freertos_tcp/freertos_tcp.sdk/zeth_wrapper_hw_platform_0/system.hdf -mem-ranges [list {0x40000000 0xbfffffff}]
configparams force-mem-access 1
targets -set -nocase -filter {name =~"APU*" && jtag_cable_name =~ "Digilent Zybo 210279786405A"} -index 0
ps7_init
ps7_post_config
targets -set -nocase -filter {name =~ "ARM*#0" && jtag_cable_name =~ "Digilent Zybo 210279786405A"} -index 0
dow C:/Users/Philipp/Documents/Scratch/Vivado/vivado-training/freertos_tcp/freertos_tcp.sdk/zeth/Debug/zeth.elf
configparams force-mem-access 0
----------------End of Script----------------

00:36:50 INFO  : Memory regions updated for context APU
00:36:50 INFO  : Context for processor 'ps7_cortexa9_0' is selected.
00:36:50 INFO  : 'con' command is executed.
00:36:50 INFO  : ----------------XSDB Script (After Launch)----------------
targets -set -nocase -filter {name =~ "ARM*#0" && jtag_cable_name =~ "Digilent Zybo 210279786405A"} -index 0
con
----------------End of Script----------------

00:36:50 INFO  : Launch script is exported to file 'C:\Users\Philipp\Documents\Scratch\Vivado\vivado-training\freertos_tcp\freertos_tcp.sdk\.sdk\launch_scripts\xilinx_c-c++_application_(system_debugger)\system_debugger_using_debug_zeth.elf_on_local.tcl'
00:39:20 INFO  : Disconnected from the channel tcfchan#18.
00:39:22 INFO  : Connected to target on host '127.0.0.1' and port '3121'.
00:39:22 INFO  : Jtag cable 'Digilent Zybo 210279786405A' is selected.
00:39:22 INFO  : 'jtag frequency' command is executed.
00:39:22 INFO  : Sourcing of 'C:/Users/Philipp/Documents/Scratch/Vivado/vivado-training/freertos_tcp/freertos_tcp.sdk/zeth_wrapper_hw_platform_0/ps7_init.tcl' is done.
00:39:22 INFO  : Context for 'APU' is selected.
00:39:22 INFO  : System reset is completed.
00:39:25 INFO  : 'after 3000' command is executed.
00:39:25 INFO  : 'targets -set -filter {jtag_cable_name =~ "Digilent Zybo 210279786405A" && level==0} -index 1' command is executed.
00:39:27 INFO  : FPGA configured successfully with bitstream "C:/Users/Philipp/Documents/Scratch/Vivado/vivado-training/freertos_tcp/freertos_tcp.sdk/zeth_wrapper_hw_platform_0/zeth_wrapper.bit"
00:39:27 INFO  : Context for 'APU' is selected.
00:39:27 INFO  : Hardware design information is loaded from 'C:/Users/Philipp/Documents/Scratch/Vivado/vivado-training/freertos_tcp/freertos_tcp.sdk/zeth_wrapper_hw_platform_0/system.hdf'.
00:39:27 INFO  : 'configparams force-mem-access 1' command is executed.
00:39:27 INFO  : Context for 'APU' is selected.
00:39:28 INFO  : 'ps7_init' command is executed.
00:39:28 INFO  : 'ps7_post_config' command is executed.
00:39:28 INFO  : Context for processor 'ps7_cortexa9_0' is selected.
00:39:28 INFO  : The application 'C:/Users/Philipp/Documents/Scratch/Vivado/vivado-training/freertos_tcp/freertos_tcp.sdk/zeth/Debug/zeth.elf' is downloaded to processor 'ps7_cortexa9_0'.
00:39:28 INFO  : 'configparams force-mem-access 0' command is executed.
00:39:28 INFO  : ----------------XSDB Script----------------
connect -url tcp:127.0.0.1:3121
source C:/Users/Philipp/Documents/Scratch/Vivado/vivado-training/freertos_tcp/freertos_tcp.sdk/zeth_wrapper_hw_platform_0/ps7_init.tcl
targets -set -nocase -filter {name =~"APU*" && jtag_cable_name =~ "Digilent Zybo 210279786405A"} -index 0
rst -system
after 3000
targets -set -filter {jtag_cable_name =~ "Digilent Zybo 210279786405A" && level==0} -index 1
fpga -file C:/Users/Philipp/Documents/Scratch/Vivado/vivado-training/freertos_tcp/freertos_tcp.sdk/zeth_wrapper_hw_platform_0/zeth_wrapper.bit
targets -set -nocase -filter {name =~"APU*" && jtag_cable_name =~ "Digilent Zybo 210279786405A"} -index 0
loadhw -hw C:/Users/Philipp/Documents/Scratch/Vivado/vivado-training/freertos_tcp/freertos_tcp.sdk/zeth_wrapper_hw_platform_0/system.hdf -mem-ranges [list {0x40000000 0xbfffffff}]
configparams force-mem-access 1
targets -set -nocase -filter {name =~"APU*" && jtag_cable_name =~ "Digilent Zybo 210279786405A"} -index 0
ps7_init
ps7_post_config
targets -set -nocase -filter {name =~ "ARM*#0" && jtag_cable_name =~ "Digilent Zybo 210279786405A"} -index 0
dow C:/Users/Philipp/Documents/Scratch/Vivado/vivado-training/freertos_tcp/freertos_tcp.sdk/zeth/Debug/zeth.elf
configparams force-mem-access 0
----------------End of Script----------------

00:39:28 INFO  : Memory regions updated for context APU
00:39:28 INFO  : Context for processor 'ps7_cortexa9_0' is selected.
00:39:28 INFO  : 'con' command is executed.
00:39:28 INFO  : ----------------XSDB Script (After Launch)----------------
targets -set -nocase -filter {name =~ "ARM*#0" && jtag_cable_name =~ "Digilent Zybo 210279786405A"} -index 0
con
----------------End of Script----------------

00:39:28 INFO  : Launch script is exported to file 'C:\Users\Philipp\Documents\Scratch\Vivado\vivado-training\freertos_tcp\freertos_tcp.sdk\.sdk\launch_scripts\xilinx_c-c++_application_(system_debugger)\system_debugger_using_debug_zeth.elf_on_local.tcl'
