21:26:24 INFO  : Registering command handlers for SDK TCF services
21:26:25 INFO  : Launching XSCT server: xsct.bat -interactive C:\Users\Philipp\Documents\Scratch\Vivado\vivado-training\vector_in_n_out_design\vector_in_n_out_design.sdk\temp_xsdb_launch_script.tcl
21:26:29 INFO  : XSCT server has started successfully.
21:26:29 INFO  : Successfully done setting XSCT server connection channel  
21:26:36 INFO  : Successfully done setting SDK workspace  
21:26:36 INFO  : Processing command line option -hwspec C:/Users/Philipp/Documents/Scratch/Vivado/vivado-training/vector_in_n_out_design/vector_in_n_out_design.sdk/vector_in_n_out_design_wrapper.hdf.
21:29:31 INFO  : Connected to target on host '127.0.0.1' and port '3121'.
21:29:31 INFO  : 'targets -set -filter {jtag_cable_name =~ "Digilent Zybo 210279786405A" && level==0} -index 1' command is executed.
21:29:33 INFO  : FPGA configured successfully with bitstream "C:/Users/Philipp/Documents/Scratch/Vivado/vivado-training/vector_in_n_out_design/vector_in_n_out_design.sdk/vector_in_n_out_design_wrapper_hw_platform_0/vector_in_n_out_design_wrapper.bit"
21:29:45 INFO  : 'targets -set -filter {jtag_cable_name =~ "Digilent Zybo 210279786405A" && level==0} -index 1' command is executed.
21:29:45 INFO  : 'fpga -state' command is executed.
21:29:45 INFO  : Connected to target on host '127.0.0.1' and port '3121'.
21:29:46 INFO  : Jtag cable 'Digilent Zybo 210279786405A' is selected.
21:29:46 INFO  : 'jtag frequency' command is executed.
21:29:46 INFO  : Sourcing of 'C:/Users/Philipp/Documents/Scratch/Vivado/vivado-training/vector_in_n_out_design/vector_in_n_out_design.sdk/vector_in_n_out_design_wrapper_hw_platform_0/ps7_init.tcl' is done.
21:29:46 INFO  : Context for 'APU' is selected.
21:29:46 INFO  : Hardware design information is loaded from 'C:/Users/Philipp/Documents/Scratch/Vivado/vivado-training/vector_in_n_out_design/vector_in_n_out_design.sdk/vector_in_n_out_design_wrapper_hw_platform_0/system.hdf'.
21:29:46 INFO  : 'configparams force-mem-access 1' command is executed.
21:29:46 INFO  : Context for 'APU' is selected.
21:29:46 INFO  : 'stop' command is executed.
21:29:47 INFO  : 'ps7_init' command is executed.
21:29:47 INFO  : 'ps7_post_config' command is executed.
21:29:47 INFO  : Context for processor 'ps7_cortexa9_0' is selected.
21:29:47 INFO  : Processor reset is completed for 'ps7_cortexa9_0'.
21:29:47 INFO  : Context for processor 'ps7_cortexa9_0' is selected.
21:29:47 INFO  : The application 'C:/Users/Philipp/Documents/Scratch/Vivado/vivado-training/vector_in_n_out_design/vector_in_n_out_design.sdk/vector_in_n_out/Debug/vector_in_n_out.elf' is downloaded to processor 'ps7_cortexa9_0'.
21:29:47 INFO  : 'configparams force-mem-access 0' command is executed.
21:29:47 INFO  : ----------------XSDB Script----------------
connect -url tcp:127.0.0.1:3121
source C:/Users/Philipp/Documents/Scratch/Vivado/vivado-training/vector_in_n_out_design/vector_in_n_out_design.sdk/vector_in_n_out_design_wrapper_hw_platform_0/ps7_init.tcl
targets -set -nocase -filter {name =~"APU*" && jtag_cable_name =~ "Digilent Zybo 210279786405A"} -index 0
loadhw -hw C:/Users/Philipp/Documents/Scratch/Vivado/vivado-training/vector_in_n_out_design/vector_in_n_out_design.sdk/vector_in_n_out_design_wrapper_hw_platform_0/system.hdf -mem-ranges [list {0x40000000 0xbfffffff}]
configparams force-mem-access 1
targets -set -nocase -filter {name =~"APU*" && jtag_cable_name =~ "Digilent Zybo 210279786405A"} -index 0
stop
ps7_init
ps7_post_config
targets -set -nocase -filter {name =~ "ARM*#0" && jtag_cable_name =~ "Digilent Zybo 210279786405A"} -index 0
rst -processor
targets -set -nocase -filter {name =~ "ARM*#0" && jtag_cable_name =~ "Digilent Zybo 210279786405A"} -index 0
dow C:/Users/Philipp/Documents/Scratch/Vivado/vivado-training/vector_in_n_out_design/vector_in_n_out_design.sdk/vector_in_n_out/Debug/vector_in_n_out.elf
configparams force-mem-access 0
----------------End of Script----------------

21:29:47 INFO  : Memory regions updated for context APU
21:29:47 INFO  : Context for processor 'ps7_cortexa9_0' is selected.
21:29:48 INFO  : 'con' command is executed.
21:29:48 INFO  : ----------------XSDB Script (After Launch)----------------
targets -set -nocase -filter {name =~ "ARM*#0" && jtag_cable_name =~ "Digilent Zybo 210279786405A"} -index 0
con
----------------End of Script----------------

21:29:48 INFO  : Launch script is exported to file 'C:\Users\Philipp\Documents\Scratch\Vivado\vivado-training\vector_in_n_out_design\vector_in_n_out_design.sdk\.sdk\launch_scripts\xilinx_c-c++_application_(system_debugger)\system_debugger_using_debug_vector_in_n_out.elf_on_local.tcl'
