
*** Running vivado
    with args -log gpio_adapter_design_processing_system7_0_0.vds -m64 -product Vivado -mode batch -messageDb vivado.pb -notrace -source gpio_adapter_design_processing_system7_0_0.tcl


****** Vivado v2017.2 (64-bit)
  **** SW Build 1909853 on Thu Jun 15 18:39:09 MDT 2017
  **** IP Build 1909766 on Thu Jun 15 19:58:00 MDT 2017
    ** Copyright 1986-2017 Xilinx, Inc. All Rights Reserved.

source gpio_adapter_design_processing_system7_0_0.tcl -notrace
Starting RTL Elaboration : Time (s): cpu = 00:00:09 ; elapsed = 00:00:10 . Memory (MB): peak = 321.855 ; gain = 79.781
INFO: [Synth 8-638] synthesizing module 'gpio_adapter_design_processing_system7_0_0' [c:/Users/Philipp/Documents/Scratch/Vivado/vivado-training/gpio_adapter_design/gpio_adapter_design.srcs/sources_1/bd/gpio_adapter_design/ip/gpio_adapter_design_processing_system7_0_0/synth/gpio_adapter_design_processing_system7_0_0.v:60]
INFO: [Synth 8-638] synthesizing module 'processing_system7_v5_5_processing_system7' [c:/Users/Philipp/Documents/Scratch/Vivado/vivado-training/gpio_adapter_design/gpio_adapter_design.srcs/sources_1/bd/gpio_adapter_design/ip/gpio_adapter_design_processing_system7_0_0/hdl/verilog/processing_system7_v5_5_processing_system7.v:162]
INFO: [Synth 8-638] synthesizing module 'BUFG' [C:/Xilinx/Vivado/2017.2/scripts/rt/data/unisim_comp.v:607]
INFO: [Synth 8-256] done synthesizing module 'BUFG' (1#1) [C:/Xilinx/Vivado/2017.2/scripts/rt/data/unisim_comp.v:607]
INFO: [Synth 8-638] synthesizing module 'BIBUF' [C:/Xilinx/Vivado/2017.2/scripts/rt/data/unisim_comp.v:268]
INFO: [Synth 8-256] done synthesizing module 'BIBUF' (2#1) [C:/Xilinx/Vivado/2017.2/scripts/rt/data/unisim_comp.v:268]
INFO: [Synth 8-638] synthesizing module 'PS7' [C:/Xilinx/Vivado/2017.2/scripts/rt/data/unisim_comp.v:33527]
INFO: [Synth 8-256] done synthesizing module 'PS7' (3#1) [C:/Xilinx/Vivado/2017.2/scripts/rt/data/unisim_comp.v:33527]
INFO: [Synth 8-256] done synthesizing module 'processing_system7_v5_5_processing_system7' (4#1) [c:/Users/Philipp/Documents/Scratch/Vivado/vivado-training/gpio_adapter_design/gpio_adapter_design.srcs/sources_1/bd/gpio_adapter_design/ip/gpio_adapter_design_processing_system7_0_0/hdl/verilog/processing_system7_v5_5_processing_system7.v:162]
INFO: [Synth 8-256] done synthesizing module 'gpio_adapter_design_processing_system7_0_0' (5#1) [c:/Users/Philipp/Documents/Scratch/Vivado/vivado-training/gpio_adapter_design/gpio_adapter_design.srcs/sources_1/bd/gpio_adapter_design/ip/gpio_adapter_design_processing_system7_0_0/synth/gpio_adapter_design_processing_system7_0_0.v:60]
Finished RTL Elaboration : Time (s): cpu = 00:00:12 ; elapsed = 00:00:13 . Memory (MB): peak = 361.934 ; gain = 119.859
Finished RTL Optimization Phase 1 : Time (s): cpu = 00:00:12 ; elapsed = 00:00:13 . Memory (MB): peak = 361.934 ; gain = 119.859
INFO: [Device 21-403] Loading part xc7z010clg400-1
Constraint Validation Runtime : Time (s): cpu = 00:00:00 ; elapsed = 00:00:00.100 . Memory (MB): peak = 585.188 ; gain = 0.000
Finished Constraint Validation : Time (s): cpu = 00:00:38 ; elapsed = 00:00:40 . Memory (MB): peak = 585.188 ; gain = 343.113
Finished Loading Part and Timing Information : Time (s): cpu = 00:00:38 ; elapsed = 00:00:40 . Memory (MB): peak = 585.188 ; gain = 343.113
Finished applying 'set_property' XDC Constraints : Time (s): cpu = 00:00:39 ; elapsed = 00:00:42 . Memory (MB): peak = 585.188 ; gain = 343.113
Finished RTL Optimization Phase 2 : Time (s): cpu = 00:00:41 ; elapsed = 00:00:43 . Memory (MB): peak = 585.188 ; gain = 343.113
Finished Cross Boundary and Area Optimization : Time (s): cpu = 00:00:42 ; elapsed = 00:00:44 . Memory (MB): peak = 585.188 ; gain = 343.113
Finished Applying XDC Timing Constraints : Time (s): cpu = 00:01:13 ; elapsed = 00:01:16 . Memory (MB): peak = 795.938 ; gain = 553.863
Finished Timing Optimization : Time (s): cpu = 00:01:13 ; elapsed = 00:01:16 . Memory (MB): peak = 812.031 ; gain = 569.957
Finished Technology Mapping : Time (s): cpu = 00:01:15 ; elapsed = 00:01:18 . Memory (MB): peak = 815.098 ; gain = 573.023
Finished IO Insertion : Time (s): cpu = 00:01:18 ; elapsed = 00:01:21 . Memory (MB): peak = 815.098 ; gain = 573.023
Finished Renaming Generated Instances : Time (s): cpu = 00:01:18 ; elapsed = 00:01:21 . Memory (MB): peak = 815.098 ; gain = 573.023
Finished Rebuilding User Hierarchy : Time (s): cpu = 00:01:18 ; elapsed = 00:01:21 . Memory (MB): peak = 815.098 ; gain = 573.023
Finished Renaming Generated Ports : Time (s): cpu = 00:01:18 ; elapsed = 00:01:21 . Memory (MB): peak = 815.098 ; gain = 573.023
Finished Handling Custom Attributes : Time (s): cpu = 00:01:18 ; elapsed = 00:01:21 . Memory (MB): peak = 815.098 ; gain = 573.023
Finished Renaming Generated Nets : Time (s): cpu = 00:01:18 ; elapsed = 00:01:21 . Memory (MB): peak = 815.098 ; gain = 573.023

Report Cell Usage: 
+------+------+------+
|      |Cell  |Count |
+------+------+------+
|1     |BIBUF |   130|
|2     |BUFG  |     1|
|3     |LUT1  |    52|
|4     |PS7   |     1|
+------+------+------+
Finished Writing Synthesis Report : Time (s): cpu = 00:01:18 ; elapsed = 00:01:21 . Memory (MB): peak = 815.098 ; gain = 573.023
synth_design: Time (s): cpu = 00:01:22 ; elapsed = 00:01:25 . Memory (MB): peak = 828.625 ; gain = 591.246
