
*** Running vivado
    with args -log DS18B20_design_xlslice_0_0.vds -m64 -product Vivado -mode batch -messageDb vivado.pb -notrace -source DS18B20_design_xlslice_0_0.tcl


****** Vivado v2017.2 (64-bit)
  **** SW Build 1909853 on Thu Jun 15 18:39:09 MDT 2017
  **** IP Build 1909766 on Thu Jun 15 19:58:00 MDT 2017
    ** Copyright 1986-2017 Xilinx, Inc. All Rights Reserved.

source DS18B20_design_xlslice_0_0.tcl -notrace
Starting Synthesize : Time (s): cpu = 00:00:06 ; elapsed = 00:00:06 . Memory (MB): peak = 311.055 ; gain = 79.105
INFO: [Synth 8-638] synthesizing module 'DS18B20_design_xlslice_0_0' [c:/Users/Philipp/Documents/Scratch/Vivado/vivado-training/DS18B20/DS18B20.srcs/sources_1/bd/DS18B20_design/ip/DS18B20_design_xlslice_0_0/synth/DS18B20_design_xlslice_0_0.v:57]
INFO: [Synth 8-638] synthesizing module 'xlslice_v1_0_1_xlslice' [c:/Users/Philipp/Documents/Scratch/Vivado/vivado-training/DS18B20/DS18B20.srcs/sources_1/bd/DS18B20_design/ipshared/bb23/hdl/xlslice_v1_0_vl_rfs.v:13]
INFO: [Synth 8-256] done synthesizing module 'xlslice_v1_0_1_xlslice' (1#1) [c:/Users/Philipp/Documents/Scratch/Vivado/vivado-training/DS18B20/DS18B20.srcs/sources_1/bd/DS18B20_design/ipshared/bb23/hdl/xlslice_v1_0_vl_rfs.v:13]
INFO: [Synth 8-256] done synthesizing module 'DS18B20_design_xlslice_0_0' (2#1) [c:/Users/Philipp/Documents/Scratch/Vivado/vivado-training/DS18B20/DS18B20.srcs/sources_1/bd/DS18B20_design/ip/DS18B20_design_xlslice_0_0/synth/DS18B20_design_xlslice_0_0.v:57]
Finished Synthesize : Time (s): cpu = 00:00:08 ; elapsed = 00:00:07 . Memory (MB): peak = 350.133 ; gain = 118.184
Finished Constraint Validation : Time (s): cpu = 00:00:08 ; elapsed = 00:00:08 . Memory (MB): peak = 350.133 ; gain = 118.184
Finished Loading Part and Timing Information : Time (s): cpu = 00:00:08 ; elapsed = 00:00:08 . Memory (MB): peak = 350.133 ; gain = 118.184
Finished RTL Optimization Phase 2 : Time (s): cpu = 00:00:08 ; elapsed = 00:00:08 . Memory (MB): peak = 350.133 ; gain = 118.184
INFO: [Device 21-403] Loading part xc7z010clg400-1
Finished Cross Boundary and Area Optimization : Time (s): cpu = 00:00:14 ; elapsed = 00:00:14 . Memory (MB): peak = 456.754 ; gain = 224.805
Finished Timing Optimization : Time (s): cpu = 00:00:14 ; elapsed = 00:00:14 . Memory (MB): peak = 456.754 ; gain = 224.805
Finished Technology Mapping : Time (s): cpu = 00:00:14 ; elapsed = 00:00:14 . Memory (MB): peak = 460.473 ; gain = 228.523
Finished IO Insertion : Time (s): cpu = 00:00:15 ; elapsed = 00:00:15 . Memory (MB): peak = 460.473 ; gain = 228.523
Finished Renaming Generated Instances : Time (s): cpu = 00:00:15 ; elapsed = 00:00:15 . Memory (MB): peak = 460.473 ; gain = 228.523
Finished Rebuilding User Hierarchy : Time (s): cpu = 00:00:15 ; elapsed = 00:00:15 . Memory (MB): peak = 460.473 ; gain = 228.523
Finished Renaming Generated Ports : Time (s): cpu = 00:00:15 ; elapsed = 00:00:15 . Memory (MB): peak = 460.473 ; gain = 228.523
Finished Handling Custom Attributes : Time (s): cpu = 00:00:15 ; elapsed = 00:00:15 . Memory (MB): peak = 460.473 ; gain = 228.523
Finished Renaming Generated Nets : Time (s): cpu = 00:00:15 ; elapsed = 00:00:15 . Memory (MB): peak = 460.473 ; gain = 228.523

Report Cell Usage: 
+-+-----+------+
| |Cell |Count |
+-+-----+------+
+-+-----+------+
Finished Writing Synthesis Report : Time (s): cpu = 00:00:15 ; elapsed = 00:00:15 . Memory (MB): peak = 460.473 ; gain = 228.523
synth_design: Time (s): cpu = 00:00:20 ; elapsed = 00:00:20 . Memory (MB): peak = 544.141 ; gain = 314.820
write_checkpoint: Time (s): cpu = 00:00:21 ; elapsed = 00:00:22 . Memory (MB): peak = 919.320 ; gain = 375.180
