Exception at PC 0x00007FF9B2FD3FB8
Exception at PC 0x00007FF9B2FD3FB8
Exception at PC 0x00007FF9B2FD3FB8
Exception at PC 0x00007FF9B2FD3FB8
Exception at PC 0x00007FF94723E132
Attemped to write at address 0x00007FF9A40B4AA4
Printing stacktrace...

[0]  [0x00007FF94723E132]
[1]  [0x00007FF94723E132]
[2]  [0x00007FF94723E194]
[3]  [0x00007FF946E8D0D7]
[4]  [0x00007FF946D72BCA]
[5]  [0x00007FF946D72FD1]
[6]  [0x00007FF94723EB2F]
[7]  [0x00007FF9470FC19D]
[8]  [0x00007FF9470F5942]
[9]  [0x00007FF9470F5AB5]
[10] (RtlDeactivateActivationContextUnsafeFast+0x1b3) [0x00007FF9B6BD1473]
[11] (LdrShutdownProcess+0x125) [0x00007FF9B6C00695]
[12] (RtlExitUserProcess+0xb4) [0x00007FF9B6C00554]
[13] (ExitProcess+0xa) [0x00007FF9B663F06A]
[14] (exit+0x75) [0x00007FF9B6729B25]
[15] (initterm_e+0x21d) [0x00007FF9B672A16D]
[16]  [0x00000000004014CD]
[17]  [0x000000000040151B]
[18] (BaseThreadInitThunk+0x14) [0x00007FF9B6641FE4]
[19] (RtlUserThreadStart+0x21) [0x00007FF9B6C2EF91]
Done
