
*** Running vivado
    with args -log DS18B20_design_gpio_adapter_0_0.vds -m64 -product Vivado -mode batch -messageDb vivado.pb -notrace -source DS18B20_design_gpio_adapter_0_0.tcl


****** Vivado v2017.2 (64-bit)
  **** SW Build 1909853 on Thu Jun 15 18:39:09 MDT 2017
  **** IP Build 1909766 on Thu Jun 15 19:58:00 MDT 2017
    ** Copyright 1986-2017 Xilinx, Inc. All Rights Reserved.

source DS18B20_design_gpio_adapter_0_0.tcl -notrace
Command: synth_design -top DS18B20_design_gpio_adapter_0_0 -part xc7z010clg400-1 -mode out_of_context
Starting synth_design
Attempting to get a license for feature 'Synthesis' and/or device 'xc7z010-clg400'
INFO: [Common 17-349] Got license for feature 'Synthesis' and/or device 'xc7z010-clg400'
INFO: Launching helper process for spawning children vivado processes
INFO: Helper process launched with PID 7008 
---------------------------------------------------------------------------------
Starting RTL Elaboration : Time (s): cpu = 00:00:07 ; elapsed = 00:00:07 . Memory (MB): peak = 311.977 ; gain = 79.004
---------------------------------------------------------------------------------
INFO: [Synth 8-638] synthesizing module 'DS18B20_design_gpio_adapter_0_0' [c:/Users/Philipp/Documents/Scratch/Vivado/vivado-training/DS18B20/DS18B20.srcs/sources_1/bd/DS18B20_design/ip/DS18B20_design_gpio_adapter_0_0/synth/DS18B20_design_gpio_adapter_0_0.vhd:67]
	Parameter GPIO_VECTOR_SIZE bound to: 1 - type: integer 
INFO: [Synth 8-3491] module 'gpio_adapter' declared at 'c:/Users/Philipp/Documents/Scratch/Vivado/vivado-training/DS18B20/DS18B20.srcs/sources_1/bd/DS18B20_design/ipshared/1ba5/gpio_adapter.vhd:8' bound to instance 'U0' of component 'gpio_adapter' [c:/Users/Philipp/Documents/Scratch/Vivado/vivado-training/DS18B20/DS18B20.srcs/sources_1/bd/DS18B20_design/ip/DS18B20_design_gpio_adapter_0_0/synth/DS18B20_design_gpio_adapter_0_0.vhd:95]
INFO: [Synth 8-638] synthesizing module 'gpio_adapter' [c:/Users/Philipp/Documents/Scratch/Vivado/vivado-training/DS18B20/DS18B20.srcs/sources_1/bd/DS18B20_design/ipshared/1ba5/gpio_adapter.vhd:23]
	Parameter GPIO_VECTOR_SIZE bound to: 1 - type: integer 
INFO: [Synth 8-256] done synthesizing module 'gpio_adapter' (1#1) [c:/Users/Philipp/Documents/Scratch/Vivado/vivado-training/DS18B20/DS18B20.srcs/sources_1/bd/DS18B20_design/ipshared/1ba5/gpio_adapter.vhd:23]
INFO: [Synth 8-256] done synthesizing module 'DS18B20_design_gpio_adapter_0_0' (2#1) [c:/Users/Philipp/Documents/Scratch/Vivado/vivado-training/DS18B20/DS18B20.srcs/sources_1/bd/DS18B20_design/ip/DS18B20_design_gpio_adapter_0_0/synth/DS18B20_design_gpio_adapter_0_0.vhd:67]
---------------------------------------------------------------------------------
Finished RTL Elaboration : Time (s): cpu = 00:00:09 ; elapsed = 00:00:09 . Memory (MB): peak = 351.051 ; gain = 118.078
---------------------------------------------------------------------------------

Report Check Netlist: 
+------+------------------+-------+---------+-------+------------------+
|      |Item              |Errors |Warnings |Status |Description       |
+------+------------------+-------+---------+-------+------------------+
|1     |multi_driven_nets |      0|        0|Passed |Multi driven nets |
+------+------------------+-------+---------+-------+------------------+
---------------------------------------------------------------------------------
Finished RTL Optimization Phase 1 : Time (s): cpu = 00:00:09 ; elapsed = 00:00:09 . Memory (MB): peak = 351.051 ; gain = 118.078
---------------------------------------------------------------------------------
INFO: [Device 21-403] Loading part xc7z010clg400-1
INFO: [Project 1-570] Preparing netlist for logic optimization

Processing XDC Constraints
Initializing timing engine
Parsing XDC File [c:/Users/Philipp/Documents/Scratch/Vivado/vivado-training/DS18B20/DS18B20.srcs/sources_1/bd/DS18B20_design/ip/DS18B20_design_gpio_adapter_0_0/DS18B20_design_gpio_adapter_0_0_board.xdc] for cell 'U0'
Finished Parsing XDC File [c:/Users/Philipp/Documents/Scratch/Vivado/vivado-training/DS18B20/DS18B20.srcs/sources_1/bd/DS18B20_design/ip/DS18B20_design_gpio_adapter_0_0/DS18B20_design_gpio_adapter_0_0_board.xdc] for cell 'U0'
Parsing XDC File [C:/Users/Philipp/Documents/Scratch/Vivado/vivado-training/DS18B20/DS18B20.runs/DS18B20_design_gpio_adapter_0_0_synth_1/dont_touch.xdc]
Finished Parsing XDC File [C:/Users/Philipp/Documents/Scratch/Vivado/vivado-training/DS18B20/DS18B20.runs/DS18B20_design_gpio_adapter_0_0_synth_1/dont_touch.xdc]
Completed Processing XDC Constraints

INFO: [Project 1-111] Unisim Transformation Summary:
No Unisim elements were transformed.

Constraint Validation Runtime : Time (s): cpu = 00:00:00 ; elapsed = 00:00:00.029 . Memory (MB): peak = 556.789 ; gain = 0.000
---------------------------------------------------------------------------------
Finished Constraint Validation : Time (s): cpu = 00:00:26 ; elapsed = 00:00:26 . Memory (MB): peak = 556.789 ; gain = 323.816
---------------------------------------------------------------------------------
---------------------------------------------------------------------------------
Start Loading Part and Timing Information
---------------------------------------------------------------------------------
Loading part: xc7z010clg400-1
---------------------------------------------------------------------------------
Finished Loading Part and Timing Information : Time (s): cpu = 00:00:26 ; elapsed = 00:00:26 . Memory (MB): peak = 556.789 ; gain = 323.816
---------------------------------------------------------------------------------
---------------------------------------------------------------------------------
Start Applying 'set_property' XDC Constraints
---------------------------------------------------------------------------------
Applied set_property DONT_TOUCH = true for U0. (constraint file  C:/Users/Philipp/Documents/Scratch/Vivado/vivado-training/DS18B20/DS18B20.runs/DS18B20_design_gpio_adapter_0_0_synth_1/dont_touch.xdc, line 9).
---------------------------------------------------------------------------------
Finished applying 'set_property' XDC Constraints : Time (s): cpu = 00:00:26 ; elapsed = 00:00:26 . Memory (MB): peak = 556.789 ; gain = 323.816
---------------------------------------------------------------------------------
---------------------------------------------------------------------------------
Finished RTL Optimization Phase 2 : Time (s): cpu = 00:00:26 ; elapsed = 00:00:26 . Memory (MB): peak = 556.789 ; gain = 323.816
---------------------------------------------------------------------------------

Report RTL Partitions: 
+-+--------------+------------+----------+
| |RTL Partition |Replication |Instances |
+-+--------------+------------+----------+
+-+--------------+------------+----------+
---------------------------------------------------------------------------------
Start RTL Component Statistics 
---------------------------------------------------------------------------------
Detailed RTL Component Info : 
---------------------------------------------------------------------------------
Finished RTL Component Statistics 
---------------------------------------------------------------------------------
---------------------------------------------------------------------------------
Start RTL Hierarchical Component Statistics 
---------------------------------------------------------------------------------
Hierarchical RTL Component report 
---------------------------------------------------------------------------------
Finished RTL Hierarchical Component Statistics
---------------------------------------------------------------------------------
---------------------------------------------------------------------------------
Start Part Resource Summary
---------------------------------------------------------------------------------
Part Resources:
DSPs: 80 (col length:40)
BRAMs: 120 (col length: RAMB18 40 RAMB36 20)
---------------------------------------------------------------------------------
Finished Part Resource Summary
---------------------------------------------------------------------------------
---------------------------------------------------------------------------------
Start Cross Boundary and Area Optimization
---------------------------------------------------------------------------------
---------------------------------------------------------------------------------
Finished Cross Boundary and Area Optimization : Time (s): cpu = 00:00:27 ; elapsed = 00:00:27 . Memory (MB): peak = 556.789 ; gain = 323.816
---------------------------------------------------------------------------------

Report RTL Partitions: 
+-+--------------+------------+----------+
| |RTL Partition |Replication |Instances |
+-+--------------+------------+----------+
+-+--------------+------------+----------+
---------------------------------------------------------------------------------
Start Applying XDC Timing Constraints
---------------------------------------------------------------------------------
---------------------------------------------------------------------------------
Finished Applying XDC Timing Constraints : Time (s): cpu = 00:00:47 ; elapsed = 00:00:48 . Memory (MB): peak = 596.441 ; gain = 363.469
---------------------------------------------------------------------------------
---------------------------------------------------------------------------------
Start Timing Optimization
---------------------------------------------------------------------------------
---------------------------------------------------------------------------------
Finished Timing Optimization : Time (s): cpu = 00:00:47 ; elapsed = 00:00:48 . Memory (MB): peak = 596.441 ; gain = 363.469
---------------------------------------------------------------------------------

Report RTL Partitions: 
+-+--------------+------------+----------+
| |RTL Partition |Replication |Instances |
+-+--------------+------------+----------+
+-+--------------+------------+----------+
---------------------------------------------------------------------------------
Start Technology Mapping
---------------------------------------------------------------------------------
---------------------------------------------------------------------------------
Finished Technology Mapping : Time (s): cpu = 00:00:47 ; elapsed = 00:00:48 . Memory (MB): peak = 605.582 ; gain = 372.609
---------------------------------------------------------------------------------

Report RTL Partitions: 
+-+--------------+------------+----------+
| |RTL Partition |Replication |Instances |
+-+--------------+------------+----------+
+-+--------------+------------+----------+
---------------------------------------------------------------------------------
Start IO Insertion
---------------------------------------------------------------------------------
---------------------------------------------------------------------------------
Start Flattening Before IO Insertion
---------------------------------------------------------------------------------
---------------------------------------------------------------------------------
Finished Flattening Before IO Insertion
---------------------------------------------------------------------------------
---------------------------------------------------------------------------------
Start Final Netlist Cleanup
---------------------------------------------------------------------------------
---------------------------------------------------------------------------------
Finished Final Netlist Cleanup
---------------------------------------------------------------------------------
---------------------------------------------------------------------------------
Finished IO Insertion : Time (s): cpu = 00:00:48 ; elapsed = 00:00:49 . Memory (MB): peak = 605.582 ; gain = 372.609
---------------------------------------------------------------------------------

Report Check Netlist: 
+------+------------------+-------+---------+-------+------------------+
|      |Item              |Errors |Warnings |Status |Description       |
+------+------------------+-------+---------+-------+------------------+
|1     |multi_driven_nets |      0|        0|Passed |Multi driven nets |
+------+------------------+-------+---------+-------+------------------+
---------------------------------------------------------------------------------
Start Renaming Generated Instances
---------------------------------------------------------------------------------
---------------------------------------------------------------------------------
Finished Renaming Generated Instances : Time (s): cpu = 00:00:48 ; elapsed = 00:00:49 . Memory (MB): peak = 605.582 ; gain = 372.609
---------------------------------------------------------------------------------

Report RTL Partitions: 
+-+--------------+------------+----------+
| |RTL Partition |Replication |Instances |
+-+--------------+------------+----------+
+-+--------------+------------+----------+
---------------------------------------------------------------------------------
Start Rebuilding User Hierarchy
---------------------------------------------------------------------------------
---------------------------------------------------------------------------------
Finished Rebuilding User Hierarchy : Time (s): cpu = 00:00:48 ; elapsed = 00:00:49 . Memory (MB): peak = 605.582 ; gain = 372.609
---------------------------------------------------------------------------------
---------------------------------------------------------------------------------
Start Renaming Generated Ports
---------------------------------------------------------------------------------
---------------------------------------------------------------------------------
Finished Renaming Generated Ports : Time (s): cpu = 00:00:48 ; elapsed = 00:00:49 . Memory (MB): peak = 605.582 ; gain = 372.609
---------------------------------------------------------------------------------
---------------------------------------------------------------------------------
Start Handling Custom Attributes
---------------------------------------------------------------------------------
---------------------------------------------------------------------------------
Finished Handling Custom Attributes : Time (s): cpu = 00:00:48 ; elapsed = 00:00:49 . Memory (MB): peak = 605.582 ; gain = 372.609
---------------------------------------------------------------------------------
---------------------------------------------------------------------------------
Start Renaming Generated Nets
---------------------------------------------------------------------------------
---------------------------------------------------------------------------------
Finished Renaming Generated Nets : Time (s): cpu = 00:00:48 ; elapsed = 00:00:49 . Memory (MB): peak = 605.582 ; gain = 372.609
---------------------------------------------------------------------------------
---------------------------------------------------------------------------------
Start Writing Synthesis Report
---------------------------------------------------------------------------------

Report BlackBoxes: 
+-+--------------+----------+
| |BlackBox name |Instances |
+-+--------------+----------+
+-+--------------+----------+

Report Cell Usage: 
+-+-----+------+
| |Cell |Count |
+-+-----+------+
+-+-----+------+

Report Instance Areas: 
+------+---------+-------------+------+
|      |Instance |Module       |Cells |
+------+---------+-------------+------+
|1     |top      |             |     0|
|2     |  U0     |gpio_adapter |     0|
+------+---------+-------------+------+
---------------------------------------------------------------------------------
Finished Writing Synthesis Report : Time (s): cpu = 00:00:48 ; elapsed = 00:00:49 . Memory (MB): peak = 605.582 ; gain = 372.609
---------------------------------------------------------------------------------
Synthesis finished with 0 errors, 0 critical warnings and 0 warnings.
Synthesis Optimization Runtime : Time (s): cpu = 00:00:29 ; elapsed = 00:00:38 . Memory (MB): peak = 605.582 ; gain = 166.871
Synthesis Optimization Complete : Time (s): cpu = 00:00:48 ; elapsed = 00:00:49 . Memory (MB): peak = 605.582 ; gain = 372.609
INFO: [Project 1-571] Translating synthesized netlist
INFO: [Project 1-570] Preparing netlist for logic optimization
INFO: [Opt 31-138] Pushed 0 inverter(s) to 0 load pin(s).
INFO: [Project 1-111] Unisim Transformation Summary:
No Unisim elements were transformed.

13 Infos, 0 Warnings, 0 Critical Warnings and 0 Errors encountered.
synth_design completed successfully
synth_design: Time (s): cpu = 00:00:51 ; elapsed = 00:00:52 . Memory (MB): peak = 618.000 ; gain = 386.656
INFO: [Common 17-1381] The checkpoint 'C:/Users/Philipp/Documents/Scratch/Vivado/vivado-training/DS18B20/DS18B20.runs/DS18B20_design_gpio_adapter_0_0_synth_1/DS18B20_design_gpio_adapter_0_0.dcp' has been generated.
