
*** Running vivado
    with args -log gpio_adapter_design_axi_gpio_0_0.vds -m64 -product Vivado -mode batch -messageDb vivado.pb -notrace -source gpio_adapter_design_axi_gpio_0_0.tcl


****** Vivado v2017.2 (64-bit)
  **** SW Build 1909853 on Thu Jun 15 18:39:09 MDT 2017
  **** IP Build 1909766 on Thu Jun 15 19:58:00 MDT 2017
    ** Copyright 1986-2017 Xilinx, Inc. All Rights Reserved.

source gpio_adapter_design_axi_gpio_0_0.tcl -notrace
Starting RTL Elaboration : Time (s): cpu = 00:00:10 ; elapsed = 00:00:10 . Memory (MB): peak = 319.285 ; gain = 79.184
INFO: [Synth 8-638] synthesizing module 'gpio_adapter_design_axi_gpio_0_0' [c:/Users/Philipp/Documents/Scratch/Vivado/vivado-training/gpio_adapter_design/gpio_adapter_design.srcs/sources_1/bd/gpio_adapter_design/ip/gpio_adapter_design_axi_gpio_0_0/synth/gpio_adapter_design_axi_gpio_0_0.vhd:86]
INFO: [Synth 8-638] synthesizing module 'axi_gpio' [c:/Users/Philipp/Documents/Scratch/Vivado/vivado-training/gpio_adapter_design/gpio_adapter_design.srcs/sources_1/bd/gpio_adapter_design/ipshared/cb07/hdl/axi_gpio_v2_0_vh_rfs.vhd:1257]
INFO: [Synth 8-638] synthesizing module 'axi_lite_ipif' [c:/Users/Philipp/Documents/Scratch/Vivado/vivado-training/gpio_adapter_design/gpio_adapter_design.srcs/sources_1/bd/gpio_adapter_design/ipshared/0ba0/hdl/axi_lite_ipif_v3_0_vh_rfs.vhd:2948]
INFO: [Synth 8-638] synthesizing module 'slave_attachment' [c:/Users/Philipp/Documents/Scratch/Vivado/vivado-training/gpio_adapter_design/gpio_adapter_design.srcs/sources_1/bd/gpio_adapter_design/ipshared/0ba0/hdl/axi_lite_ipif_v3_0_vh_rfs.vhd:2341]
INFO: [Synth 8-638] synthesizing module 'address_decoder' [c:/Users/Philipp/Documents/Scratch/Vivado/vivado-training/gpio_adapter_design/gpio_adapter_design.srcs/sources_1/bd/gpio_adapter_design/ipshared/0ba0/hdl/axi_lite_ipif_v3_0_vh_rfs.vhd:1775]
INFO: [Synth 8-638] synthesizing module 'pselect_f' [c:/Users/Philipp/Documents/Scratch/Vivado/vivado-training/gpio_adapter_design/gpio_adapter_design.srcs/sources_1/bd/gpio_adapter_design/ipshared/0ba0/hdl/axi_lite_ipif_v3_0_vh_rfs.vhd:1534]
INFO: [Synth 8-256] done synthesizing module 'pselect_f' (1#1) [c:/Users/Philipp/Documents/Scratch/Vivado/vivado-training/gpio_adapter_design/gpio_adapter_design.srcs/sources_1/bd/gpio_adapter_design/ipshared/0ba0/hdl/axi_lite_ipif_v3_0_vh_rfs.vhd:1534]
INFO: [Synth 8-638] synthesizing module 'pselect_f__parameterized0' [c:/Users/Philipp/Documents/Scratch/Vivado/vivado-training/gpio_adapter_design/gpio_adapter_design.srcs/sources_1/bd/gpio_adapter_design/ipshared/0ba0/hdl/axi_lite_ipif_v3_0_vh_rfs.vhd:1534]
INFO: [Synth 8-256] done synthesizing module 'pselect_f__parameterized0' (1#1) [c:/Users/Philipp/Documents/Scratch/Vivado/vivado-training/gpio_adapter_design/gpio_adapter_design.srcs/sources_1/bd/gpio_adapter_design/ipshared/0ba0/hdl/axi_lite_ipif_v3_0_vh_rfs.vhd:1534]
INFO: [Synth 8-638] synthesizing module 'pselect_f__parameterized1' [c:/Users/Philipp/Documents/Scratch/Vivado/vivado-training/gpio_adapter_design/gpio_adapter_design.srcs/sources_1/bd/gpio_adapter_design/ipshared/0ba0/hdl/axi_lite_ipif_v3_0_vh_rfs.vhd:1534]
INFO: [Synth 8-256] done synthesizing module 'pselect_f__parameterized1' (1#1) [c:/Users/Philipp/Documents/Scratch/Vivado/vivado-training/gpio_adapter_design/gpio_adapter_design.srcs/sources_1/bd/gpio_adapter_design/ipshared/0ba0/hdl/axi_lite_ipif_v3_0_vh_rfs.vhd:1534]
INFO: [Synth 8-638] synthesizing module 'pselect_f__parameterized2' [c:/Users/Philipp/Documents/Scratch/Vivado/vivado-training/gpio_adapter_design/gpio_adapter_design.srcs/sources_1/bd/gpio_adapter_design/ipshared/0ba0/hdl/axi_lite_ipif_v3_0_vh_rfs.vhd:1534]
INFO: [Synth 8-256] done synthesizing module 'pselect_f__parameterized2' (1#1) [c:/Users/Philipp/Documents/Scratch/Vivado/vivado-training/gpio_adapter_design/gpio_adapter_design.srcs/sources_1/bd/gpio_adapter_design/ipshared/0ba0/hdl/axi_lite_ipif_v3_0_vh_rfs.vhd:1534]
INFO: [Synth 8-256] done synthesizing module 'address_decoder' (2#1) [c:/Users/Philipp/Documents/Scratch/Vivado/vivado-training/gpio_adapter_design/gpio_adapter_design.srcs/sources_1/bd/gpio_adapter_design/ipshared/0ba0/hdl/axi_lite_ipif_v3_0_vh_rfs.vhd:1775]
INFO: [Synth 8-256] done synthesizing module 'slave_attachment' (3#1) [c:/Users/Philipp/Documents/Scratch/Vivado/vivado-training/gpio_adapter_design/gpio_adapter_design.srcs/sources_1/bd/gpio_adapter_design/ipshared/0ba0/hdl/axi_lite_ipif_v3_0_vh_rfs.vhd:2341]
INFO: [Synth 8-256] done synthesizing module 'axi_lite_ipif' (4#1) [c:/Users/Philipp/Documents/Scratch/Vivado/vivado-training/gpio_adapter_design/gpio_adapter_design.srcs/sources_1/bd/gpio_adapter_design/ipshared/0ba0/hdl/axi_lite_ipif_v3_0_vh_rfs.vhd:2948]
INFO: [Synth 8-638] synthesizing module 'GPIO_Core' [c:/Users/Philipp/Documents/Scratch/Vivado/vivado-training/gpio_adapter_design/gpio_adapter_design.srcs/sources_1/bd/gpio_adapter_design/ipshared/cb07/hdl/axi_gpio_v2_0_vh_rfs.vhd:177]
INFO: [Synth 8-638] synthesizing module 'cdc_sync' [c:/Users/Philipp/Documents/Scratch/Vivado/vivado-training/gpio_adapter_design/gpio_adapter_design.srcs/sources_1/bd/gpio_adapter_design/ipshared/52cb/hdl/lib_cdc_v1_0_rfs.vhd:106]
INFO: [Synth 8-256] done synthesizing module 'cdc_sync' (5#1) [c:/Users/Philipp/Documents/Scratch/Vivado/vivado-training/gpio_adapter_design/gpio_adapter_design.srcs/sources_1/bd/gpio_adapter_design/ipshared/52cb/hdl/lib_cdc_v1_0_rfs.vhd:106]
INFO: [Synth 8-256] done synthesizing module 'GPIO_Core' (6#1) [c:/Users/Philipp/Documents/Scratch/Vivado/vivado-training/gpio_adapter_design/gpio_adapter_design.srcs/sources_1/bd/gpio_adapter_design/ipshared/cb07/hdl/axi_gpio_v2_0_vh_rfs.vhd:177]
INFO: [Synth 8-256] done synthesizing module 'axi_gpio' (7#1) [c:/Users/Philipp/Documents/Scratch/Vivado/vivado-training/gpio_adapter_design/gpio_adapter_design.srcs/sources_1/bd/gpio_adapter_design/ipshared/cb07/hdl/axi_gpio_v2_0_vh_rfs.vhd:1257]
INFO: [Synth 8-256] done synthesizing module 'gpio_adapter_design_axi_gpio_0_0' (8#1) [c:/Users/Philipp/Documents/Scratch/Vivado/vivado-training/gpio_adapter_design/gpio_adapter_design.srcs/sources_1/bd/gpio_adapter_design/ip/gpio_adapter_design_axi_gpio_0_0/synth/gpio_adapter_design_axi_gpio_0_0.vhd:86]
Finished RTL Elaboration : Time (s): cpu = 00:00:12 ; elapsed = 00:00:13 . Memory (MB): peak = 360.617 ; gain = 120.516
Finished RTL Optimization Phase 1 : Time (s): cpu = 00:00:13 ; elapsed = 00:00:13 . Memory (MB): peak = 360.617 ; gain = 120.516
INFO: [Device 21-403] Loading part xc7z010clg400-1
Constraint Validation Runtime : Time (s): cpu = 00:00:00 ; elapsed = 00:00:00.066 . Memory (MB): peak = 662.293 ; gain = 0.000
Finished Constraint Validation : Time (s): cpu = 00:00:37 ; elapsed = 00:00:39 . Memory (MB): peak = 662.293 ; gain = 422.191
Finished Loading Part and Timing Information : Time (s): cpu = 00:00:37 ; elapsed = 00:00:39 . Memory (MB): peak = 662.293 ; gain = 422.191
Finished applying 'set_property' XDC Constraints : Time (s): cpu = 00:00:37 ; elapsed = 00:00:39 . Memory (MB): peak = 662.293 ; gain = 422.191
Finished RTL Optimization Phase 2 : Time (s): cpu = 00:00:38 ; elapsed = 00:00:40 . Memory (MB): peak = 662.293 ; gain = 422.191
Finished Cross Boundary and Area Optimization : Time (s): cpu = 00:00:39 ; elapsed = 00:00:41 . Memory (MB): peak = 662.293 ; gain = 422.191
Finished Applying XDC Timing Constraints : Time (s): cpu = 00:01:08 ; elapsed = 00:01:10 . Memory (MB): peak = 662.293 ; gain = 422.191
Finished Timing Optimization : Time (s): cpu = 00:01:08 ; elapsed = 00:01:11 . Memory (MB): peak = 662.293 ; gain = 422.191
Finished Technology Mapping : Time (s): cpu = 00:01:09 ; elapsed = 00:01:11 . Memory (MB): peak = 662.293 ; gain = 422.191
Finished IO Insertion : Time (s): cpu = 00:01:10 ; elapsed = 00:01:13 . Memory (MB): peak = 662.293 ; gain = 422.191
Finished Renaming Generated Instances : Time (s): cpu = 00:01:10 ; elapsed = 00:01:13 . Memory (MB): peak = 662.293 ; gain = 422.191
Finished Rebuilding User Hierarchy : Time (s): cpu = 00:01:10 ; elapsed = 00:01:13 . Memory (MB): peak = 662.293 ; gain = 422.191
Finished Renaming Generated Ports : Time (s): cpu = 00:01:10 ; elapsed = 00:01:13 . Memory (MB): peak = 662.293 ; gain = 422.191
Finished Handling Custom Attributes : Time (s): cpu = 00:01:10 ; elapsed = 00:01:13 . Memory (MB): peak = 662.293 ; gain = 422.191
Finished Renaming Generated Nets : Time (s): cpu = 00:01:10 ; elapsed = 00:01:13 . Memory (MB): peak = 662.293 ; gain = 422.191

Report Cell Usage: 
+------+-----+------+
|      |Cell |Count |
+------+-----+------+
|1     |LUT1 |     2|
|2     |LUT2 |     6|
|3     |LUT3 |     4|
|4     |LUT4 |     7|
|5     |LUT5 |    13|
|6     |LUT6 |     7|
|7     |FDR  |    16|
|8     |FDRE |    41|
|9     |FDSE |     4|
+------+-----+------+
Finished Writing Synthesis Report : Time (s): cpu = 00:01:10 ; elapsed = 00:01:13 . Memory (MB): peak = 662.293 ; gain = 422.191
synth_design: Time (s): cpu = 00:01:14 ; elapsed = 00:01:17 . Memory (MB): peak = 662.293 ; gain = 429.391
